
--------------------------------------------------
Welcome to Backup Files
Date: 2026-02-14

File: 001_Directory_Automation_1 copy.py
File: 001_Directory_Automation_1.py
File: 002_Directory_Automation_2.py
File: 003_Directory_Automation_3.py

Total Files: 4
Zip Size: 2253 bytes
--------------------------------------------------

--------------------------------------------------
Welcome to Backup Files
Date: 2026-02-14

File: 001_Directory_Automation_1 copy.py
File: 001_Directory_Automation_1.py
File: 002_Directory_Automation_2.py
File: 003_Directory_Automation_3.py

Total Files: 4
Zip Size: 2253 bytes
--------------------------------------------------

--------------------------------------------------
Welcome to Backup Files
Date: 2026-02-14

File: 001_Directory_Automation_1 copy.py
File: 001_Directory_Automation_1.py
File: 002_Directory_Automation_2 copy.py
File: 002_Directory_Automation_2.py
File: 003_Directory_Automation_3.py

Total Files: 5
Zip Size: 2832 bytes
--------------------------------------------------

--------------------------------------------------
Welcome to Backup Files
Date: 2026-02-14

File: 001_Directory_Automation_1 copy.py
File: 001_Directory_Automation_1.py
File: 002_Directory_Automation_2 copy.py
File: 002_Directory_Automation_2.py
File: 003_Directory_Automation_3.py

Total Files: 5
Zip Size: 2832 bytes
--------------------------------------------------
