---- Paltfrom Surveillance System -----Process Name : System Idle Process
PID          : 0
No Of Threads: 48
CPU Percent  : 1384.0
Ram Percent  : 4.856855123168632e-05
TimeStamp : {'2026-02-12_03-02-05'}
Opened File - 1
Process Name : System
PID          : 4
No Of Threads: 416
CPU Percent  : 12.9
Ram Percent  : 0.03737350017278262
TimeStamp : {'2026-02-12_03-02-05'}
Opened File - 2
Process Name : Registry
PID          : 272
No Of Threads: 4
CPU Percent  : 0.0
Ram Percent  : 0.34716800420409377
TimeStamp : {'2026-02-12_03-02-05'}
Opened File - 3
Process Name : msedgewebview2.exe
PID          : 428
No Of Threads: 20
CPU Percent  : 0.0
Ram Percent  : 0.08018667808351411
TimeStamp : {'2026-02-12_03-02-05'}
Opened File - 4
Process Name : smss.exe
PID          : 884
No Of Threads: 3
CPU Percent  : 0.0
Ram Percent  : 0.004006905476614121
TimeStamp : {'2026-02-12_03-02-05'}
Opened File - 5
Process Name : svchost.exe
PID          : 904
No Of Threads: 5
CPU Percent  : 0.0
Ram Percent  : 0.02569276360156206
TimeStamp : {'2026-02-12_03-02-05'}
Opened File - 6
Process Name : csrss.exe
PID          : 1184
No Of Threads: 17
CPU Percent  : 0.0
Ram Percent  : 0.014789123850048484
TimeStamp : {'2026-02-12_03-02-05'}
Opened File - 7
Process Name : RuntimeBroker.exe
PID          : 1204
No Of Threads: 8
CPU Percent  : 0.0
Ram Percent  : 0.06500900582361213
TimeStamp : {'2026-02-12_03-02-05'}
Opened File - 8
Process Name : wininit.exe
PID          : 1292
No Of Threads: 2
CPU Percent  : 0.0
Ram Percent  : 0.008013810953228243
TimeStamp : {'2026-02-12_03-02-05'}
Opened File - 9
Process Name : services.exe
PID          : 1428
No Of Threads: 9
CPU Percent  : 0.0
Ram Percent  : 0.05595097101890263
TimeStamp : {'2026-02-12_03-02-05'}
Opened File - 10
Process Name : lsass.exe
PID          : 1440
No Of Threads: 11
CPU Percent  : 0.0
Ram Percent  : 0.12428692260188529
TimeStamp : {'2026-02-12_03-02-05'}
Opened File - 11
Process Name : svchost.exe
PID          : 1464
No Of Threads: 3
CPU Percent  : 0.0
Ram Percent  : 0.03632927632130137
TimeStamp : {'2026-02-12_03-02-05'}
Opened File - 12
Process Name : svchost.exe
PID          : 1492
No Of Threads: 9
CPU Percent  : 0.0
Ram Percent  : 0.021588721022484568
TimeStamp : {'2026-02-12_03-02-05'}
Opened File - 13
Process Name : svchost.exe
PID          : 1600
No Of Threads: 26
CPU Percent  : 0.0
Ram Percent  : 0.20415790510239343
TimeStamp : {'2026-02-12_03-02-05'}
Opened File - 14
Process Name : WUDFHost.exe
PID          : 1632
No Of Threads: 10
CPU Percent  : 0.0
Ram Percent  : 0.02275436625204504
TimeStamp : {'2026-02-12_03-02-05'}
Opened File - 15
Process Name : fontdrvhost.exe
PID          : 1648
No Of Threads: 5
CPU Percent  : 0.0
Ram Percent  : 0.005002560776863691
TimeStamp : {'2026-02-12_03-02-05'}
Opened File - 16
Process Name : svchost.exe
PID          : 1772
No Of Threads: 11
CPU Percent  : 2.4
Ram Percent  : 0.14485570404850445
TimeStamp : {'2026-02-12_03-02-05'}
Opened File - 17
Process Name : DCv2.exe
PID          : 1784
No Of Threads: 9
CPU Percent  : 2.9
Ram Percent  : 0.16348174344585614
TimeStamp : {'2026-02-12_03-02-05'}
Opened File - 18
Process Name : svchost.exe
PID          : 1824
No Of Threads: 7
CPU Percent  : 0.0
Ram Percent  : 0.030282491692956416
TimeStamp : {'2026-02-12_03-02-05'}
Opened File - 19
Process Name : WUDFHost.exe
PID          : 1892
No Of Threads: 5
CPU Percent  : 0.0
Ram Percent  : 0.007479556889679693
TimeStamp : {'2026-02-12_03-02-05'}
Opened File - 20
Process Name : msedgewebview2.exe
PID          : 1936
No Of Threads: 24
CPU Percent  : 0.0
Ram Percent  : 0.1599119549303272
TimeStamp : {'2026-02-12_03-02-05'}
Opened File - 21
Process Name : IntelCpHDCPSvc.exe
PID          : 2068
No Of Threads: 3
CPU Percent  : 0.0
Ram Percent  : 0.008523780741160948
TimeStamp : {'2026-02-12_03-02-05'}
Opened File - 22
Process Name : svchost.exe
PID          : 2100
No Of Threads: 5
CPU Percent  : 0.0
Ram Percent  : 0.019791684626912175
TimeStamp : {'2026-02-12_03-02-05'}
Opened File - 23
Process Name : svchost.exe
PID          : 2172
No Of Threads: 14
CPU Percent  : 0.0
Ram Percent  : 0.06503329009922798
TimeStamp : {'2026-02-12_03-02-05'}
Opened File - 24
Process Name : svchost.exe
PID          : 2228
No Of Threads: 9
CPU Percent  : 0.0
Ram Percent  : 0.059885023668669234
TimeStamp : {'2026-02-12_03-02-05'}
Opened File - 25
Process Name : svchost.exe
PID          : 2320
No Of Threads: 3
CPU Percent  : 0.0
Ram Percent  : 0.023725737276678763
TimeStamp : {'2026-02-12_03-02-05'}
Opened File - 26
Process Name : svchost.exe
PID          : 2336
No Of Threads: 20
CPU Percent  : 0.0
Ram Percent  : 0.09767135652692117
TimeStamp : {'2026-02-12_03-02-05'}
Opened File - 27
Process Name : svchost.exe
PID          : 2404
No Of Threads: 3
CPU Percent  : 0.0
Ram Percent  : 0.023021493283819316
TimeStamp : {'2026-02-12_03-02-05'}
Opened File - 28
Process Name : taskhostw.exe
PID          : 2476
No Of Threads: 8
CPU Percent  : 0.0
Ram Percent  : 0.08640345264116996
TimeStamp : {'2026-02-12_03-02-05'}
Opened File - 29
Process Name : igfxCUIServiceN.exe
PID          : 2496
No Of Threads: 2
CPU Percent  : 0.0
Ram Percent  : 0.02022880158799735
TimeStamp : {'2026-02-12_03-02-05'}
Opened File - 30
Process Name : svchost.exe
PID          : 2532
No Of Threads: 7
CPU Percent  : 0.0
Ram Percent  : 0.055610991160280836
TimeStamp : {'2026-02-12_03-02-05'}
Opened File - 31
Process Name : utorrentie.exe
PID          : 2580
No Of Threads: 7
CPU Percent  : 0.0
Ram Percent  : 0.041647532681171016
TimeStamp : {'2026-02-12_03-02-05'}
Opened File - 32
Process Name : NVDisplay.Container.exe
PID          : 2716
No Of Threads: 38
CPU Percent  : 0.0
Ram Percent  : 0.09016751536162565
TimeStamp : {'2026-02-12_03-02-05'}
Opened File - 33
Process Name : svchost.exe
PID          : 2724
No Of Threads: 3
CPU Percent  : 0.0
Ram Percent  : 0.01593048480399311
TimeStamp : {'2026-02-12_03-02-05'}
Opened File - 34
Process Name : svchost.exe
PID          : 2864
No Of Threads: 12
CPU Percent  : 0.0
Ram Percent  : 0.040239044695452114
TimeStamp : {'2026-02-12_03-02-05'}
Opened File - 35
Process Name : MemCompression
PID          : 2896
No Of Threads: 66
CPU Percent  : 0.0
Ram Percent  : 0.5625209603653909
TimeStamp : {'2026-02-12_03-02-05'}
Opened File - 36
Process Name : svchost.exe
PID          : 2928
No Of Threads: 9
CPU Percent  : 0.0
Ram Percent  : 0.08919614433699193
TimeStamp : {'2026-02-12_03-02-05'}
Opened File - 37
Process Name : svchost.exe
PID          : 2956
No Of Threads: 3
CPU Percent  : 0.0
Ram Percent  : 0.04801001289252192
TimeStamp : {'2026-02-12_03-02-05'}
Opened File - 38
Process Name : svchost.exe
PID          : 2964
No Of Threads: 4
CPU Percent  : 0.0
Ram Percent  : 0.011122198232056167
TimeStamp : {'2026-02-12_03-02-05'}
Opened File - 39
Process Name : wsc_proxy.exe
PID          : 2976
No Of Threads: 4
CPU Percent  : 0.0
Ram Percent  : 0.030865314307736657
TimeStamp : {'2026-02-12_03-02-05'}
Opened File - 40
Process Name : msedgewebview2.exe
PID          : 3012
No Of Threads: 56
CPU Percent  : 0.0
Ram Percent  : 0.14818264980787496
TimeStamp : {'2026-02-12_03-02-05'}
Opened File - 41
Process Name : svchost.exe
PID          : 3132
No Of Threads: 9
CPU Percent  : 0.0
Ram Percent  : 0.09186741465473466
TimeStamp : {'2026-02-12_03-02-05'}
Opened File - 42
Process Name : svchost.exe
PID          : 3204
No Of Threads: 5
CPU Percent  : 0.0
Ram Percent  : 0.026566997523732417
TimeStamp : {'2026-02-12_03-02-05'}
Opened File - 43
Process Name : svchost.exe
PID          : 3212
No Of Threads: 9
CPU Percent  : 0.0
Ram Percent  : 0.020665918549082528
TimeStamp : {'2026-02-12_03-02-05'}
Opened File - 44
Process Name : Code.exe
PID          : 3244
No Of Threads: 25
CPU Percent  : 0.0
Ram Percent  : 0.30612757841331883
TimeStamp : {'2026-02-12_03-02-05'}
Opened File - 45
Process Name : svchost.exe
PID          : 3292
No Of Threads: 10
CPU Percent  : 0.0
Ram Percent  : 0.0672431591802697
TimeStamp : {'2026-02-12_03-02-05'}
Opened File - 46
Process Name : svchost.exe
PID          : 3324
No Of Threads: 5
CPU Percent  : 0.0
Ram Percent  : 0.018626039397351704
TimeStamp : {'2026-02-12_03-02-05'}
Opened File - 47
Process Name : svchost.exe
PID          : 3376
No Of Threads: 4
CPU Percent  : 0.0
Ram Percent  : 0.024891382506239238
TimeStamp : {'2026-02-12_03-02-05'}
Opened File - 48
Process Name : svchost.exe
PID          : 3384
No Of Threads: 8
CPU Percent  : 0.0
Ram Percent  : 0.024405696993922376
TimeStamp : {'2026-02-12_03-02-05'}
Opened File - 49
Process Name : svchost.exe
PID          : 3492
No Of Threads: 4
CPU Percent  : 0.0
Ram Percent  : 0.03067104010280991
TimeStamp : {'2026-02-12_03-02-05'}
Opened File - 50
Process Name : svchost.exe
PID          : 3504
No Of Threads: 3
CPU Percent  : 0.0
Ram Percent  : 0.17455537312668062
TimeStamp : {'2026-02-12_03-02-05'}
Opened File - 51
Process Name : svchost.exe
PID          : 3520
No Of Threads: 5
CPU Percent  : 3.2
Ram Percent  : 0.23174484220199126
TimeStamp : {'2026-02-12_03-02-05'}
Opened File - 52
Process Name : dllhost.exe
PID          : 3540
No Of Threads: 2
CPU Percent  : 0.0
Ram Percent  : 0.017897511128876407
TimeStamp : {'2026-02-12_03-02-05'}
Opened File - 53
Process Name : svchost.exe
PID          : 3644
No Of Threads: 11
CPU Percent  : 0.0
Ram Percent  : 0.03744635299963015
TimeStamp : {'2026-02-12_03-02-05'}
Opened File - 54
Process Name : msedgewebview2.exe
PID          : 3784
No Of Threads: 7
CPU Percent  : 0.0
Ram Percent  : 0.02129730971509445
TimeStamp : {'2026-02-12_03-02-05'}
Opened File - 55
Process Name : svchost.exe
PID          : 3800
No Of Threads: 16
CPU Percent  : 0.0
Ram Percent  : 0.08266367419633011
TimeStamp : {'2026-02-12_03-02-05'}
Opened File - 56
Process Name : VoiceControlEngine.exe
PID          : 3808
No Of Threads: 6
CPU Percent  : 0.0
Ram Percent  : 0.02899542508531673
TimeStamp : {'2026-02-12_03-02-05'}
Opened File - 57
Process Name : svchost.exe
PID          : 3832
No Of Threads: 5
CPU Percent  : 0.0
Ram Percent  : 0.02668841890181163
TimeStamp : {'2026-02-12_03-02-05'}
Opened File - 58
Process Name : NortonSvc.exe
PID          : 3852
No Of Threads: 152
CPU Percent  : 1.6
Ram Percent  : 0.40294898529368556
TimeStamp : {'2026-02-12_03-02-05'}
Opened File - 59
Process Name : svchost.exe
PID          : 3868
No Of Threads: 2
CPU Percent  : 0.0
Ram Percent  : 0.016416170316309976
TimeStamp : {'2026-02-12_03-02-05'}
Opened File - 60
Process Name : svchost.exe
PID          : 3916
No Of Threads: 8
CPU Percent  : 0.0
Ram Percent  : 0.0335365846254794
TimeStamp : {'2026-02-12_03-02-05'}
Opened File - 61
Process Name : msedge.exe
PID          : 3956
No Of Threads: 20
CPU Percent  : 0.0
Ram Percent  : 0.4878953813979049
TimeStamp : {'2026-02-12_03-02-05'}
Opened File - 62
Process Name : nllToolsSvc.exe
PID          : 4312
No Of Threads: 44
CPU Percent  : 1.6
Ram Percent  : 0.31642411127443637
TimeStamp : {'2026-02-12_03-02-05'}
Opened File - 63
Process Name : spoolsv.exe
PID          : 4384
No Of Threads: 7
CPU Percent  : 0.0
Ram Percent  : 0.03324517331808928
TimeStamp : {'2026-02-12_03-02-05'}
Opened File - 64
Process Name : svchost.exe
PID          : 4412
No Of Threads: 20
CPU Percent  : 6.7
Ram Percent  : 0.12348554150656246
TimeStamp : {'2026-02-12_03-02-05'}
Opened File - 65
Process Name : svchost.exe
PID          : 4472
No Of Threads: 6
CPU Percent  : 0.0
Ram Percent  : 0.02151586819563704
TimeStamp : {'2026-02-12_03-02-05'}
Opened File - 66
Process Name : RuntimeBroker.exe
PID          : 4568
No Of Threads: 2
CPU Percent  : 0.0
Ram Percent  : 0.02345861024490449
TimeStamp : {'2026-02-12_03-02-05'}
Opened File - 67
Process Name : svchost.exe
PID          : 4668
No Of Threads: 9
CPU Percent  : 0.0
Ram Percent  : 0.021175888337015236
TimeStamp : {'2026-02-12_03-02-05'}
Opened File - 68
Process Name : msedgewebview2.exe
PID          : 4760
No Of Threads: 9
CPU Percent  : 0.0
Ram Percent  : 0.027805495580140418
TimeStamp : {'2026-02-12_03-02-05'}
Opened File - 69
Process Name : svchost.exe
PID          : 4848
No Of Threads: 1
CPU Percent  : 0.0
Ram Percent  : 0.007406704062832164
TimeStamp : {'2026-02-12_03-02-05'}
Opened File - 70
Process Name : chrome.exe
PID          : 4892
No Of Threads: 73
CPU Percent  : 2.0
Ram Percent  : 2.9923812942110417
TimeStamp : {'2026-02-12_03-02-05'}
Opened File - 71
Process Name : svchost.exe
PID          : 4908
No Of Threads: 5
CPU Percent  : 0.5
Ram Percent  : 0.028728298053542458
TimeStamp : {'2026-02-12_03-02-05'}
Opened File - 72
Process Name : svchost.exe
PID          : 4948
No Of Threads: 3
CPU Percent  : 0.0
Ram Percent  : 0.022778650527660885
TimeStamp : {'2026-02-12_03-02-05'}
Opened File - 73
Process Name : aswEngSrv.exe
PID          : 5112
No Of Threads: 43
CPU Percent  : 0.0
Ram Percent  : 0.09058034804709499
TimeStamp : {'2026-02-12_03-02-05'}
Opened File - 74
Process Name : msedgewebview2.exe
PID          : 5212
No Of Threads: 12
CPU Percent  : 0.0
Ram Percent  : 0.05155551713243502
TimeStamp : {'2026-02-12_03-02-05'}
Opened File - 75
Process Name : svchost.exe
PID          : 5220
No Of Threads: 19
CPU Percent  : 0.0
Ram Percent  : 0.1625103724212224
TimeStamp : {'2026-02-12_03-02-05'}
Opened File - 76
Process Name : taskhostw.exe
PID          : 5420
No Of Threads: 3
CPU Percent  : 0.0
Ram Percent  : 0.06340624363296649
TimeStamp : {'2026-02-12_03-02-05'}
Opened File - 77
Process Name : svchost.exe
PID          : 5808
No Of Threads: 11
CPU Percent  : 4.5
Ram Percent  : 0.15286951500173268
TimeStamp : {'2026-02-12_03-02-05'}
Opened File - 78
Process Name : svchost.exe
PID          : 5856
No Of Threads: 8
CPU Percent  : 0.0
Ram Percent  : 0.049928470666173536
TimeStamp : {'2026-02-12_03-02-05'}
Opened File - 79
Process Name : svchost.exe
PID          : 5900
No Of Threads: 2
CPU Percent  : 0.0
Ram Percent  : 0.03630499204568552
TimeStamp : {'2026-02-12_03-02-05'}
Opened File - 80
Process Name : svchost.exe
PID          : 6032
No Of Threads: 12
CPU Percent  : 0.0
Ram Percent  : 0.02758693709959783
TimeStamp : {'2026-02-12_03-02-05'}
Opened File - 81
Process Name : WMIRegistrationService.exe
PID          : 6216
No Of Threads: 2
CPU Percent  : 0.0
Ram Percent  : 0.006313911660119221
TimeStamp : {'2026-02-12_03-02-05'}
Opened File - 82
Process Name : wlanext.exe
PID          : 6268
No Of Threads: 2
CPU Percent  : 0.0
Ram Percent  : 0.012579254769006756
TimeStamp : {'2026-02-12_03-02-05'}
Opened File - 83
Process Name : dwm.exe
PID          : 6276
No Of Threads: 18
CPU Percent  : 0.5
Ram Percent  : 1.0785618172020581
TimeStamp : {'2026-02-12_03-02-05'}
Opened File - 84
Process Name : afwServ.exe
PID          : 6312
No Of Threads: 42
CPU Percent  : 4.4
Ram Percent  : 0.10488378638482661
TimeStamp : {'2026-02-12_03-02-05'}
Opened File - 85
Process Name : chrome.exe
PID          : 6420
No Of Threads: 24
CPU Percent  : 21.1
Ram Percent  : 2.3665997958663794
TimeStamp : {'2026-02-12_03-02-05'}
Opened File - 86
Process Name : WmiPrvSE.exe
PID          : 6448
No Of Threads: 11
CPU Percent  : 1.0
Ram Percent  : 0.156536440619725
TimeStamp : {'2026-02-12_03-02-05'}
Opened File - 87
Process Name : msedgewebview2.exe
PID          : 6612
No Of Threads: 28
CPU Percent  : 0.0
Ram Percent  : 0.19109296482106983
TimeStamp : {'2026-02-12_03-02-05'}
Opened File - 88
Process Name : svchost.exe
PID          : 6804
No Of Threads: 18
CPU Percent  : 0.0
Ram Percent  : 0.28249897823910347
TimeStamp : {'2026-02-12_03-02-05'}
Opened File - 89
Process Name : svchost.exe
PID          : 6828
No Of Threads: 7
CPU Percent  : 0.0
Ram Percent  : 0.01962169469760127
TimeStamp : {'2026-02-12_03-02-05'}
Opened File - 90
Process Name : svchost.exe
PID          : 6836
No Of Threads: 6
CPU Percent  : 0.0
Ram Percent  : 0.02865544522669493
TimeStamp : {'2026-02-12_03-02-05'}
Opened File - 91
Process Name : svchost.exe
PID          : 6844
No Of Threads: 12
CPU Percent  : 0.0
Ram Percent  : 0.2184370591645092
TimeStamp : {'2026-02-12_03-02-05'}
Opened File - 92
Process Name : svchost.exe
PID          : 6852
No Of Threads: 4
CPU Percent  : 0.0
Ram Percent  : 0.006532470140661811
TimeStamp : {'2026-02-12_03-02-05'}
Opened File - 93
Process Name : OneApp.IGCC.WinService.exe
PID          : 6864
No Of Threads: 10
CPU Percent  : 0.0
Ram Percent  : 0.07659260529236932
TimeStamp : {'2026-02-12_03-02-05'}
Opened File - 94
Process Name : NahimicService.exe
PID          : 6872
No Of Threads: 23
CPU Percent  : 0.0
Ram Percent  : 0.08059951076898345
TimeStamp : {'2026-02-12_03-02-05'}
Opened File - 95
Process Name : svchost.exe
PID          : 6888
No Of Threads: 2
CPU Percent  : 0.0
Ram Percent  : 0.011122198232056167
TimeStamp : {'2026-02-12_03-02-05'}
Opened File - 96
Process Name : MSIAPService.exe
PID          : 6896
No Of Threads: 5
CPU Percent  : 0.0
Ram Percent  : 0.03545504239913101
TimeStamp : {'2026-02-12_03-02-05'}
Opened File - 97
Process Name : PnkBstrA.exe
PID          : 6912
No Of Threads: 2
CPU Percent  : 0.0
Ram Percent  : 0.005779657596570672
TimeStamp : {'2026-02-12_03-02-05'}
Opened File - 98
Process Name : jhi_service.exe
PID          : 6920
No Of Threads: 2
CPU Percent  : 0.0
Ram Percent  : 0.003934052649766592
TimeStamp : {'2026-02-12_03-02-05'}
Opened File - 99
Process Name : MSI_Central_Service.exe
PID          : 6928
No Of Threads: 2
CPU Percent  : 0.0
Ram Percent  : 0.012409264839695854
TimeStamp : {'2026-02-12_03-02-05'}
Opened File - 100
Process Name : svchost.exe
PID          : 6936
No Of Threads: 8
CPU Percent  : 0.0
Ram Percent  : 0.06024928780290688
TimeStamp : {'2026-02-12_03-02-05'}
Opened File - 101
Process Name : RemoteMouseService.exe
PID          : 6948
No Of Threads: 4
CPU Percent  : 1.4
Ram Percent  : 0.0649847215479963
TimeStamp : {'2026-02-12_03-02-05'}
Opened File - 102
Process Name : MSIService.exe
PID          : 6956
No Of Threads: 2
CPU Percent  : 0.0
Ram Percent  : 0.006508185865045966
TimeStamp : {'2026-02-12_03-02-05'}
Opened File - 103
Process Name : Lavasoft.WCAssistant.WinService.exe
PID          : 6964
No Of Threads: 9
CPU Percent  : 0.0
Ram Percent  : 0.06238630405710108
TimeStamp : {'2026-02-12_03-02-05'}
Opened File - 104
Process Name : MuseAuthService.exe
PID          : 6976
No Of Threads: 23
CPU Percent  : 0.0
Ram Percent  : 0.058160840099944364
TimeStamp : {'2026-02-12_03-02-05'}
Opened File - 105
Process Name : nvcontainer.exe
PID          : 6984
No Of Threads: 29
CPU Percent  : 0.0
Ram Percent  : 0.06838452013421434
TimeStamp : {'2026-02-12_03-02-05'}
Opened File - 106
Process Name : Mystic_Light_Service.exe
PID          : 6996
No Of Threads: 3
CPU Percent  : 0.0
Ram Percent  : 0.037640627204556895
TimeStamp : {'2026-02-12_03-02-05'}
Opened File - 107
Process Name : VoiceControl_Service.exe
PID          : 7012
No Of Threads: 3
CPU Percent  : 0.0
Ram Percent  : 0.02651842897250073
TimeStamp : {'2026-02-12_03-02-05'}
Opened File - 108
Process Name : PhoneExperienceHost.exe
PID          : 7024
No Of Threads: 17
CPU Percent  : 0.0
Ram Percent  : 0.3574159685139796
TimeStamp : {'2026-02-12_03-02-05'}
Opened File - 109
Process Name : LightKeeperService.exe
PID          : 7028
No Of Threads: 8
CPU Percent  : 0.0
Ram Percent  : 0.026955545933585904
TimeStamp : {'2026-02-12_03-02-05'}
Opened File - 110
Process Name : IntelAudioService.exe
PID          : 7036
No Of Threads: 8
CPU Percent  : 0.0
Ram Percent  : 0.02950539487324944
TimeStamp : {'2026-02-12_03-02-05'}
Opened File - 111
Process Name : esif_uf.exe
PID          : 7044
No Of Threads: 3
CPU Percent  : 0.0
Ram Percent  : 0.009373730387715459
TimeStamp : {'2026-02-12_03-02-05'}
Opened File - 112
Process Name : Sendevsvc.exe
PID          : 7052
No Of Threads: 9
CPU Percent  : 0.0
Ram Percent  : 0.1280024167711093
TimeStamp : {'2026-02-12_03-02-05'}
Opened File - 113
Process Name : SafeExamBrowser.Service.exe
PID          : 7128
No Of Threads: 4
CPU Percent  : 0.0
Ram Percent  : 0.014449143991426678
TimeStamp : {'2026-02-12_03-02-05'}
Opened File - 114
Process Name : RtkAudUService64.exe
PID          : 7156
No Of Threads: 17
CPU Percent  : 0.0
Ram Percent  : 0.028339749643688964
TimeStamp : {'2026-02-12_03-02-05'}
Opened File - 115
Process Name : CodeSetup-stable-591199df409fbf59b4b52d5ad4ee0470152a9b31.exe
PID          : 7192
No Of Threads: 1
CPU Percent  : 0.0
Ram Percent  : 0.016707581623700094
TimeStamp : {'2026-02-12_03-02-05'}
Opened File - 116
Process Name : msedgewebview2.exe
PID          : 7336
No Of Threads: 23
CPU Percent  : 0.0
Ram Percent  : 0.03900054663904411
TimeStamp : {'2026-02-12_03-02-05'}
Opened File - 117
Process Name : Nahimic3.exe
PID          : 7432
No Of Threads: 17
CPU Percent  : 0.0
Ram Percent  : 0.008645202119240164
TimeStamp : {'2026-02-12_03-02-05'}
Opened File - 118
Process Name : svchost.exe
PID          : 7452
No Of Threads: 5
CPU Percent  : 0.0
Ram Percent  : 0.016416170316309976
TimeStamp : {'2026-02-12_03-02-05'}
Opened File - 119
Process Name : gamingservicesnet.exe
PID          : 7796
No Of Threads: 38
CPU Percent  : 0.0
Ram Percent  : 0.01053937561727593
TimeStamp : {'2026-02-12_03-02-05'}
Opened File - 120
Process Name : svchost.exe
PID          : 8284
No Of Threads: 2
CPU Percent  : 0.0
Ram Percent  : 0.01107362968082448
TimeStamp : {'2026-02-12_03-02-05'}
Opened File - 121
Process Name : OneDrive.Sync.Service.exe
PID          : 8520
No Of Threads: 17
CPU Percent  : 0.0
Ram Percent  : 0.06423190900390516
TimeStamp : {'2026-02-12_03-02-05'}
Opened File - 122
Process Name : chrome.exe
PID          : 8528
No Of Threads: 38
CPU Percent  : 3.6
Ram Percent  : 3.4956000535225433
TimeStamp : {'2026-02-12_03-02-05'}
Opened File - 123
Process Name : msedgewebview2.exe
PID          : 8768
No Of Threads: 30
CPU Percent  : 0.0
Ram Percent  : 0.0032783772081388263
TimeStamp : {'2026-02-12_03-02-05'}
Opened File - 124
Process Name : conhost.exe
PID          : 8988
No Of Threads: 5
CPU Percent  : 0.0
Ram Percent  : 0.018018932506955625
TimeStamp : {'2026-02-12_03-02-05'}
Opened File - 125
Process Name : msedgewebview2.exe
PID          : 9052
No Of Threads: 60
CPU Percent  : 0.0
Ram Percent  : 0.5257788513586202
TimeStamp : {'2026-02-12_03-02-05'}
Opened File - 126
Process Name : svchost.exe
PID          : 9128
No Of Threads: 2
CPU Percent  : 0.0
Ram Percent  : 0.014594849645121739
TimeStamp : {'2026-02-12_03-02-05'}
Opened File - 127
Process Name : msedgewebview2.exe
PID          : 9320
No Of Threads: 10
CPU Percent  : 0.0
Ram Percent  : 0.05646094080683534
TimeStamp : {'2026-02-12_03-02-05'}
Opened File - 128
Process Name : csrss.exe
PID          : 9440
No Of Threads: 15
CPU Percent  : 0.0
Ram Percent  : 0.025012803884318455
TimeStamp : {'2026-02-12_03-02-05'}
Opened File - 129
Process Name : chrome.exe
PID          : 9492
No Of Threads: 28
CPU Percent  : 0.0
Ram Percent  : 0.854223679062899
TimeStamp : {'2026-02-12_03-02-05'}
Opened File - 130
Process Name : MSI.CentralServer.exe
PID          : 9564
No Of Threads: 13
CPU Percent  : 0.0
Ram Percent  : 0.15743495881751118
TimeStamp : {'2026-02-12_03-02-05'}
Opened File - 131
Process Name : chrome.exe
PID          : 9572
No Of Threads: 36
CPU Percent  : 0.0
Ram Percent  : 0.7578151048680015
TimeStamp : {'2026-02-12_03-02-05'}
Opened File - 132
Process Name : conhost.exe
PID          : 9736
No Of Threads: 3
CPU Percent  : 0.0
Ram Percent  : 0.007916673850764869
TimeStamp : {'2026-02-12_03-02-05'}
Opened File - 133
Process Name : WmiPrvSE.exe
PID          : 9772
No Of Threads: 8
CPU Percent  : 0.0
Ram Percent  : 0.10867213338089815
TimeStamp : {'2026-02-12_03-02-05'}
Opened File - 134
Process Name : svchost.exe
PID          : 9884
No Of Threads: 2
CPU Percent  : 0.0
Ram Percent  : 0.007600978267758909
TimeStamp : {'2026-02-12_03-02-05'}
Opened File - 135
Process Name : svchost.exe
PID          : 9888
No Of Threads: 4
CPU Percent  : 0.0
Ram Percent  : 0.019403136217058685
TimeStamp : {'2026-02-12_03-02-05'}
Opened File - 136
Process Name : sppsvc.exe
PID          : 9956
No Of Threads: 11
CPU Percent  : 0.0
Ram Percent  : 0.09543720317026362
TimeStamp : {'2026-02-12_03-02-05'}
Opened File - 137
Process Name : AggregatorHost.exe
PID          : 10164
No Of Threads: 1
CPU Percent  : 0.0
Ram Percent  : 0.04060330882968976
TimeStamp : {'2026-02-12_03-02-05'}
Opened File - 138
Process Name : conhost.exe
PID          : 10316
No Of Threads: 2
CPU Percent  : 0.0
Ram Percent  : 0.016804718726163466
TimeStamp : {'2026-02-12_03-02-05'}
Opened File - 139
Process Name : NisSrv.exe
PID          : 10352
No Of Threads: 17
CPU Percent  : 0.0
Ram Percent  : 0.05602382384575017
TimeStamp : {'2026-02-12_03-02-05'}
Opened File - 140
Process Name : svchost.exe
PID          : 10384
No Of Threads: 11
CPU Percent  : 0.0
Ram Percent  : 0.09393157808208134
TimeStamp : {'2026-02-12_03-02-05'}
Opened File - 141
Process Name : svchost.exe
PID          : 10404
No Of Threads: 9
CPU Percent  : 0.0
Ram Percent  : 0.0908717593544851
TimeStamp : {'2026-02-12_03-02-05'}
Opened File - 142
Process Name : LinkedIn.exe
PID          : 10624
No Of Threads: 21
CPU Percent  : 0.0
Ram Percent  : 0.3252150190473716
TimeStamp : {'2026-02-12_03-02-05'}
Opened File - 143
Process Name : CrossDeviceResume.exe
PID          : 10752
No Of Threads: 5
CPU Percent  : 0.0
Ram Percent  : 0.10896354468828826
TimeStamp : {'2026-02-12_03-02-05'}
Opened File - 144
Process Name : ShellHost.exe
PID          : 10840
No Of Threads: 7
CPU Percent  : 0.0
Ram Percent  : 0.10721507684394754
TimeStamp : {'2026-02-12_03-02-05'}
Opened File - 145
Process Name : Code.exe
PID          : 10848
No Of Threads: 17
CPU Percent  : 0.0
Ram Percent  : 3.672875265518199
TimeStamp : {'2026-02-12_03-02-05'}
Opened File - 146
Process Name : utorrentie.exe
PID          : 10960
No Of Threads: 7
CPU Percent  : 0.0
Ram Percent  : 0.03987478056121447
TimeStamp : {'2026-02-12_03-02-05'}
Opened File - 147
Process Name : PresentationFontCache.exe
PID          : 11016
No Of Threads: 4
CPU Percent  : 0.0
Ram Percent  : 0.014449143991426678
TimeStamp : {'2026-02-12_03-02-05'}
Opened File - 148
Process Name : RuntimeBroker.exe
PID          : 11092
No Of Threads: 2
CPU Percent  : 0.0
Ram Percent  : 0.023482894520520336
TimeStamp : {'2026-02-12_03-02-05'}
Opened File - 149
Process Name : SystemSettings.exe
PID          : 11164
No Of Threads: 47
CPU Percent  : 0.0
Ram Percent  : 0.006168206006424162
TimeStamp : {'2026-02-12_03-02-05'}
Opened File - 150
Process Name : chrome.exe
PID          : 11308
No Of Threads: 41
CPU Percent  : 0.4
Ram Percent  : 2.1444958110838774
TimeStamp : {'2026-02-12_03-02-05'}
Opened File - 151
Process Name : svchost.exe
PID          : 11372
No Of Threads: 11
CPU Percent  : 0.0
Ram Percent  : 0.06850594151229356
TimeStamp : {'2026-02-12_03-02-05'}
Opened File - 152
Process Name : OpenConsole.exe
PID          : 11524
No Of Threads: 6
CPU Percent  : 0.0
Ram Percent  : 0.027805495580140418
TimeStamp : {'2026-02-12_03-02-05'}
Opened File - 153
Process Name : chrome.exe
PID          : 11604
No Of Threads: 16
CPU Percent  : 0.0
Ram Percent  : 0.1819135086382811
TimeStamp : {'2026-02-12_03-02-05'}
Opened File - 154
Process Name : svchost.exe
PID          : 11612
No Of Threads: 9
CPU Percent  : 0.0
Ram Percent  : 0.1270553300220914
TimeStamp : {'2026-02-12_03-02-05'}
Opened File - 155
Process Name : CrossDeviceService.exe
PID          : 12012
No Of Threads: 13
CPU Percent  : 0.0
Ram Percent  : 0.1988639330181396
TimeStamp : {'2026-02-12_03-02-05'}
Opened File - 156
Process Name : NahimicAPO4Volume.exe
PID          : 12024
No Of Threads: 3
CPU Percent  : 0.0
Ram Percent  : 0.01593048480399311
TimeStamp : {'2026-02-12_03-02-05'}
Opened File - 157
Process Name : msedgewebview2.exe
PID          : 12096
No Of Threads: 22
CPU Percent  : 0.0
Ram Percent  : 0.02392001148160551
TimeStamp : {'2026-02-12_03-02-05'}
Opened File - 158
Process Name : svchost.exe
PID          : 12128
No Of Threads: 5
CPU Percent  : 0.0
Ram Percent  : 0.01600333763084064
TimeStamp : {'2026-02-12_03-02-05'}
Opened File - 159
Process Name : explorer.exe
PID          : 12236
No Of Threads: 120
CPU Percent  : 9.7
Ram Percent  : 2.5244475873693597
TimeStamp : {'2026-02-12_03-02-05'}
Opened File - 160
Process Name : nvcontainer.exe
PID          : 12268
No Of Threads: 17
CPU Percent  : 0.0
Ram Percent  : 0.07991955105173984
TimeStamp : {'2026-02-12_03-02-05'}
Opened File - 161
Process Name : Code.exe
PID          : 12308
No Of Threads: 12
CPU Percent  : 0.0
Ram Percent  : 1.0257920862888308
TimeStamp : {'2026-02-12_03-02-05'}
Opened File - 162
Process Name : msedgewebview2.exe
PID          : 12376
No Of Threads: 24
CPU Percent  : 0.0
Ram Percent  : 0.43927826161498684
TimeStamp : {'2026-02-12_03-02-05'}
Opened File - 163
Process Name : msedgewebview2.exe
PID          : 12500
No Of Threads: 21
CPU Percent  : 0.0
Ram Percent  : 0.03730064734593509
TimeStamp : {'2026-02-12_03-02-05'}
Opened File - 164
Process Name : BraveCrashHandler64.exe
PID          : 12640
No Of Threads: 3
CPU Percent  : 0.0
Ram Percent  : 0.0029869659007487085
TimeStamp : {'2026-02-12_03-02-05'}
Opened File - 165
Process Name : StartMenuExperienceHost.exe
PID          : 12668
No Of Threads: 19
CPU Percent  : 0.0
Ram Percent  : 0.6026628679583796
TimeStamp : {'2026-02-12_03-02-05'}
Opened File - 166
Process Name : chrome.exe
PID          : 12768
No Of Threads: 24
CPU Percent  : 0.0
Ram Percent  : 0.19315712824841647
TimeStamp : {'2026-02-12_03-02-05'}
Opened File - 167
Process Name : chrome.exe
PID          : 12800
No Of Threads: 32
CPU Percent  : 0.0
Ram Percent  : 1.4753425964893194
TimeStamp : {'2026-02-12_03-02-05'}
Opened File - 168
Process Name : nvcontainer.exe
PID          : 12896
No Of Threads: 61
CPU Percent  : 0.0
Ram Percent  : 0.20158377188711404
TimeStamp : {'2026-02-12_03-02-05'}
Opened File - 169
Process Name : chrome.exe
PID          : 12908
No Of Threads: 31
CPU Percent  : 0.0
Ram Percent  : 2.4918095209416666
TimeStamp : {'2026-02-12_03-02-05'}
Opened File - 170
Process Name : svchost.exe
PID          : 13124
No Of Threads: 9
CPU Percent  : 0.0
Ram Percent  : 0.08628203126309074
TimeStamp : {'2026-02-12_03-02-05'}
Opened File - 171
Process Name : AppleMobileDeviceProcess.exe
PID          : 13168
No Of Threads: 9
CPU Percent  : 0.0
Ram Percent  : 0.02700411448481759
TimeStamp : {'2026-02-12_03-02-05'}
Opened File - 172
Process Name : svchost.exe
PID          : 13224
No Of Threads: 3
CPU Percent  : 0.0
Ram Percent  : 0.05417821889894609
TimeStamp : {'2026-02-12_03-02-05'}
Opened File - 173
Process Name : ONENOTEM.EXE
PID          : 13320
No Of Threads: 2
CPU Percent  : 0.0
Ram Percent  : 0.012724960422701815
TimeStamp : {'2026-02-12_03-02-05'}
Opened File - 174
Process Name : NortonUI.exe
PID          : 13424
No Of Threads: 18
CPU Percent  : 0.0
Ram Percent  : 0.06768027614135488
TimeStamp : {'2026-02-12_03-02-05'}
Opened File - 175
Process Name : NortonUI.exe
PID          : 13436
No Of Threads: 18
CPU Percent  : 0.0
Ram Percent  : 0.07919102278326454
TimeStamp : {'2026-02-12_03-02-05'}
Opened File - 176
Process Name : NVDisplay.Container.exe
PID          : 13472
No Of Threads: 30
CPU Percent  : 0.0
Ram Percent  : 0.11712306129521156
TimeStamp : {'2026-02-12_03-02-05'}
Opened File - 177
Process Name : svchost.exe
PID          : 13536
No Of Threads: 11
CPU Percent  : 0.0
Ram Percent  : 0.09342160829414864
TimeStamp : {'2026-02-12_03-02-05'}
Opened File - 178
Process Name : msedgewebview2.exe
PID          : 13712
No Of Threads: 7
CPU Percent  : 0.0
Ram Percent  : 0.018334628089961585
TimeStamp : {'2026-02-12_03-02-05'}
Opened File - 179
Process Name : RuntimeBroker.exe
PID          : 13812
No Of Threads: 3
CPU Percent  : 0.0
Ram Percent  : 0.08693770670471851
TimeStamp : {'2026-02-12_03-02-05'}
Opened File - 180
Process Name : msedgewebview2.exe
PID          : 13832
No Of Threads: 15
CPU Percent  : 0.0
Ram Percent  : 0.04512018409423659
TimeStamp : {'2026-02-12_03-02-05'}
Opened File - 181
Process Name : svchost.exe
PID          : 13968
No Of Threads: 24
CPU Percent  : 0.0
Ram Percent  : 0.19898535439621884
TimeStamp : {'2026-02-12_03-02-05'}
Opened File - 182
Process Name : chrome.exe
PID          : 14140
No Of Threads: 11
CPU Percent  : 0.0
Ram Percent  : 0.07666545811921685
TimeStamp : {'2026-02-12_03-02-05'}
Opened File - 183
Process Name : winlogon.exe
PID          : 14304
No Of Threads: 3
CPU Percent  : 0.0
Ram Percent  : 0.028874003707237517
TimeStamp : {'2026-02-12_03-02-05'}
Opened File - 184
Process Name : SearchHost.exe
PID          : 14652
No Of Threads: 25
CPU Percent  : 0.0
Ram Percent  : 0.48464128846538196
TimeStamp : {'2026-02-12_03-02-05'}
Opened File - 185
Process Name : fontdrvhost.exe
PID          : 15040
No Of Threads: 5
CPU Percent  : 0.0
Ram Percent  : 0.015493367842907935
TimeStamp : {'2026-02-12_03-02-05'}
Opened File - 186
Process Name : msedge.exe
PID          : 15096
No Of Threads: 10
CPU Percent  : 0.0
Ram Percent  : 0.06411048762582594
TimeStamp : {'2026-02-12_03-02-05'}
Opened File - 187
Process Name : sihost.exe
PID          : 15340
No Of Threads: 15
CPU Percent  : 0.0
Ram Percent  : 0.20440074785855183
TimeStamp : {'2026-02-12_03-02-05'}
Opened File - 188
Process Name : msedge.exe
PID          : 15508
No Of Threads: 30
CPU Percent  : 0.0
Ram Percent  : 0.09521864468972102
TimeStamp : {'2026-02-12_03-02-05'}
Opened File - 189
Process Name : RuntimeBroker.exe
PID          : 15528
No Of Threads: 2
CPU Percent  : 0.0
Ram Percent  : 0.052599740983916274
TimeStamp : {'2026-02-12_03-02-05'}
Opened File - 190
Process Name : svchost.exe
PID          : 15664
No Of Threads: 5
CPU Percent  : 0.0
Ram Percent  : 0.10682652843409407
TimeStamp : {'2026-02-12_03-02-05'}
Opened File - 191
Process Name : NahimicSvc64.exe
PID          : 15752
No Of Threads: 22
CPU Percent  : 0.0
Ram Percent  : 0.04325029487181667
TimeStamp : {'2026-02-12_03-02-05'}
Opened File - 192
Process Name : Code.exe
PID          : 15784
No Of Threads: 49
CPU Percent  : 0.0
Ram Percent  : 0.7388005170607964
TimeStamp : {'2026-02-12_03-02-05'}
Opened File - 193
Process Name : msedgewebview2.exe
PID          : 15844
No Of Threads: 32
CPU Percent  : 0.0
Ram Percent  : 1.591688560964824
TimeStamp : {'2026-02-12_03-02-05'}
Opened File - 194
Process Name : NVIDIA Overlay.exe
PID          : 15892
No Of Threads: 19
CPU Percent  : 0.0
Ram Percent  : 0.0916002876229604
TimeStamp : {'2026-02-12_03-02-05'}
Opened File - 195
Process Name : chrome.exe
PID          : 15956
No Of Threads: 23
CPU Percent  : 0.0
Ram Percent  : 0.3430153930737846
TimeStamp : {'2026-02-12_03-02-05'}
Opened File - 196
Process Name : WidgetService.exe
PID          : 15976
No Of Threads: 5
CPU Percent  : 0.0
Ram Percent  : 0.05689805776792052
TimeStamp : {'2026-02-12_03-02-05'}
Opened File - 197
Process Name : msedgewebview2.exe
PID          : 16088
No Of Threads: 10
CPU Percent  : 0.0
Ram Percent  : 0.00012142137807921579
TimeStamp : {'2026-02-12_03-02-05'}
Opened File - 198
Process Name : AppActions.exe
PID          : 16116
No Of Threads: 7
CPU Percent  : 0.0
Ram Percent  : 0.09667570122667161
TimeStamp : {'2026-02-12_03-02-05'}
Opened File - 199
Process Name : audiodg.exe
PID          : 16164
No Of Threads: 19
CPU Percent  : 9.8
Ram Percent  : 0.1739968347875162
TimeStamp : {'2026-02-12_03-02-05'}
Opened File - 200
Process Name : RuntimeBroker.exe
PID          : 16696
No Of Threads: 2
CPU Percent  : 0.0
Ram Percent  : 0.06214346130094264
TimeStamp : {'2026-02-12_03-02-05'}
Opened File - 201
Process Name : msedgewebview2.exe
PID          : 16888
No Of Threads: 9
CPU Percent  : 0.0
Ram Percent  : 0.025862753530872962
TimeStamp : {'2026-02-12_03-02-05'}
Opened File - 202
Process Name : svchost.exe
PID          : 17156
No Of Threads: 16
CPU Percent  : 0.0
Ram Percent  : 0.09699139680967758
TimeStamp : {'2026-02-12_03-02-05'}
Opened File - 203
Process Name : MoNotificationUx.exe
PID          : 17256
No Of Threads: 1
CPU Percent  : 0.0
Ram Percent  : 0.0519926340935202
TimeStamp : {'2026-02-12_03-02-05'}
Opened File - 204
Process Name : BraveCrashHandler.exe
PID          : 17352
No Of Threads: 3
CPU Percent  : 0.0
Ram Percent  : 0.006653891518741025
TimeStamp : {'2026-02-12_03-02-05'}
Opened File - 205
Process Name : nvsphelper64.exe
PID          : 17376
No Of Threads: 6
CPU Percent  : 0.0
Ram Percent  : 0.022511523495886608
TimeStamp : {'2026-02-12_03-02-05'}
Opened File - 206
Process Name : msedgewebview2.exe
PID          : 17468
No Of Threads: 7
CPU Percent  : 0.0
Ram Percent  : 0.03239522367153477
TimeStamp : {'2026-02-12_03-02-05'}
Opened File - 207
Process Name : msedgewebview2.exe
PID          : 17516
No Of Threads: 22
CPU Percent  : 0.0
Ram Percent  : 0.027368378619055236
TimeStamp : {'2026-02-12_03-02-05'}
Opened File - 208
Process Name : msedge.exe
PID          : 17564
No Of Threads: 23
CPU Percent  : 0.0
Ram Percent  : 0.17848942577644722
TimeStamp : {'2026-02-12_03-02-05'}
Opened File - 209
Process Name : RuntimeBroker.exe
PID          : 17664
No Of Threads: 2
CPU Percent  : 0.0
Ram Percent  : 0.020714487100314215
TimeStamp : {'2026-02-12_03-02-05'}
Opened File - 210
Process Name : WmiPrvSE.exe
PID          : 17908
No Of Threads: 5
CPU Percent  : 0.0
Ram Percent  : 0.027489799997134457
TimeStamp : {'2026-02-12_03-02-05'}
Opened File - 211
Process Name : RuntimeBroker.exe
PID          : 17988
No Of Threads: 3
CPU Percent  : 0.0
Ram Percent  : 0.12571969486322002
TimeStamp : {'2026-02-12_03-02-05'}
Opened File - 212
Process Name : svchost.exe
PID          : 18160
No Of Threads: 10
CPU Percent  : 0.0
Ram Percent  : 0.03829630264618466
TimeStamp : {'2026-02-12_03-02-05'}
Opened File - 213
Process Name : SecurityHealthService.exe
PID          : 18236
No Of Threads: 9
CPU Percent  : 0.0
Ram Percent  : 0.09764707225130534
TimeStamp : {'2026-02-12_03-02-05'}
Opened File - 214
Process Name : NortonUI.exe
PID          : 18488
No Of Threads: 53
CPU Percent  : 0.0
Ram Percent  : 0.39551799695523754
TimeStamp : {'2026-02-12_03-02-05'}
Opened File - 215
Process Name : MSI.TerminalServer.exe
PID          : 18520
No Of Threads: 6
CPU Percent  : 0.0
Ram Percent  : 0.027489799997134457
TimeStamp : {'2026-02-12_03-02-05'}
Opened File - 216
Process Name : ctfmon.exe
PID          : 18548
No Of Threads: 12
CPU Percent  : 0.0
Ram Percent  : 0.11306758726736575
TimeStamp : {'2026-02-12_03-02-05'}
Opened File - 217
Process Name : svchost.exe
PID          : 18660
No Of Threads: 3
CPU Percent  : 0.0
Ram Percent  : 0.025644195050330377
TimeStamp : {'2026-02-12_03-02-05'}
Opened File - 218
Process Name : svchost.exe
PID          : 18956
No Of Threads: 4
CPU Percent  : 0.0
Ram Percent  : 0.05114268444696569
TimeStamp : {'2026-02-12_03-02-05'}
Opened File - 219
Process Name : msedgewebview2.exe
PID          : 19296
No Of Threads: 31
CPU Percent  : 0.0
Ram Percent  : 0.12037715422773454
TimeStamp : {'2026-02-12_03-02-05'}
Opened File - 220
Process Name : msedgewebview2.exe
PID          : 19340
No Of Threads: 7
CPU Percent  : 0.0
Ram Percent  : 0.025838469255257117
TimeStamp : {'2026-02-12_03-02-05'}
Opened File - 221
Process Name : Widgets.exe
PID          : 19508
No Of Threads: 10
CPU Percent  : 0.0
Ram Percent  : 0.2243381381391591
TimeStamp : {'2026-02-12_03-02-05'}
Opened File - 222
Process Name : svchost.exe
PID          : 19700
No Of Threads: 2
CPU Percent  : 0.0
Ram Percent  : 0.010053690104959068
TimeStamp : {'2026-02-12_03-02-05'}
Opened File - 223
Process Name : NortonUI.exe
PID          : 20124
No Of Threads: 17
CPU Percent  : 0.0
Ram Percent  : 0.042424629500878
TimeStamp : {'2026-02-12_03-02-05'}
Opened File - 224
Process Name : msedgewebview2.exe
PID          : 20216
No Of Threads: 51
CPU Percent  : 0.0
Ram Percent  : 0.04232749239841463
TimeStamp : {'2026-02-12_03-02-05'}
Opened File - 225
Process Name : svchost.exe
PID          : 20288
No Of Threads: 5
CPU Percent  : 0.0
Ram Percent  : 0.023652884449831234
TimeStamp : {'2026-02-12_03-02-05'}
Opened File - 226
Process Name : ApplicationFrameHost.exe
PID          : 20368
No Of Threads: 6
CPU Percent  : 0.0
Ram Percent  : 0.1133832828503717
TimeStamp : {'2026-02-12_03-02-05'}
Opened File - 227
Process Name : pet.exe
PID          : 20388
No Of Threads: 1
CPU Percent  : 0.0
Ram Percent  : 0.021321593990710295
TimeStamp : {'2026-02-12_03-02-05'}
Opened File - 228
Process Name : msedge.exe
PID          : 20540
No Of Threads: 60
CPU Percent  : 0.0
Ram Percent  : 0.8536408564481186
TimeStamp : {'2026-02-12_03-02-05'}
Opened File - 229
Process Name : Code.exe
PID          : 20720
No Of Threads: 27
CPU Percent  : 0.4
Ram Percent  : 1.833535661823006
TimeStamp : {'2026-02-12_03-02-05'}
Opened File - 230
Process Name : msedgewebview2.exe
PID          : 20788
No Of Threads: 10
CPU Percent  : 0.0
Ram Percent  : 0.01231212773723248
TimeStamp : {'2026-02-12_03-02-05'}
Opened File - 231
Process Name : svchost.exe
PID          : 20820
No Of Threads: 12
CPU Percent  : 0.0
Ram Percent  : 0.1411887784305121
TimeStamp : {'2026-02-12_03-02-05'}
Opened File - 232
Process Name : svchost.exe
PID          : 20836
No Of Threads: 9
CPU Percent  : 2.9
Ram Percent  : 0.21897131322805777
TimeStamp : {'2026-02-12_03-02-05'}
Opened File - 233
Process Name : Code.exe
PID          : 20928
No Of Threads: 28
CPU Percent  : 0.4
Ram Percent  : 2.8612462058854886
TimeStamp : {'2026-02-12_03-02-05'}
Opened File - 234
Process Name : RtkUWP.exe
PID          : 21120
No Of Threads: 16
CPU Percent  : 0.0
Ram Percent  : 0.20986470987211658
TimeStamp : {'2026-02-12_03-02-05'}
Opened File - 235
Process Name : msedgewebview2.exe
PID          : 21224
No Of Threads: 22
CPU Percent  : 0.0
Ram Percent  : 0.11479177083609061
TimeStamp : {'2026-02-12_03-02-05'}
Opened File - 236
Process Name : ms-teams.exe
PID          : 21304
No Of Threads: 62
CPU Percent  : 0.0
Ram Percent  : 0.20002957824770012
TimeStamp : {'2026-02-12_03-02-05'}
Opened File - 237
Process Name : MpDefenderCoreService.exe
PID          : 21360
No Of Threads: 11
CPU Percent  : 0.0
Ram Percent  : 0.09990550988357877
TimeStamp : {'2026-02-12_03-02-05'}
Opened File - 238
Process Name : RuntimeBroker.exe
PID          : 21480
No Of Threads: 2
CPU Percent  : 0.0
Ram Percent  : 0.031205294166358456
TimeStamp : {'2026-02-12_03-02-05'}
Opened File - 239
Process Name : msedge.exe
PID          : 21552
No Of Threads: 29
CPU Percent  : 0.0
Ram Percent  : 0.39665935790918216
TimeStamp : {'2026-02-12_03-02-05'}
Opened File - 240
Process Name : MsMpEng.exe
PID          : 21624
No Of Threads: 66
CPU Percent  : 6.9
Ram Percent  : 1.304162737673241
TimeStamp : {'2026-02-12_03-02-05'}
Opened File - 241
Process Name : msedgewebview2.exe
PID          : 21724
No Of Threads: 23
CPU Percent  : 0.0
Ram Percent  : 0.18536187577573082
TimeStamp : {'2026-02-12_03-02-05'}
Opened File - 242
Process Name : dllhost.exe
PID          : 21888
No Of Threads: 3
CPU Percent  : 0.0
Ram Percent  : 0.02353146307175202
TimeStamp : {'2026-02-12_03-02-05'}
Opened File - 243
Process Name : chrome.exe
PID          : 21928
No Of Threads: 36
CPU Percent  : 0.0
Ram Percent  : 1.2304113926279254
TimeStamp : {'2026-02-12_03-02-05'}
Opened File - 244
Process Name : svchost.exe
PID          : 22056
No Of Threads: 5
CPU Percent  : 0.0
Ram Percent  : 0.01852890229488833
TimeStamp : {'2026-02-12_03-02-05'}
Opened File - 245
Process Name : Code.exe
PID          : 22220
No Of Threads: 8
CPU Percent  : 0.0
Ram Percent  : 0.33548726763287323
TimeStamp : {'2026-02-12_03-02-05'}
Opened File - 246
Process Name : svchost.exe
PID          : 22248
No Of Threads: 10
CPU Percent  : 0.0
Ram Percent  : 0.09827846341731725
TimeStamp : {'2026-02-12_03-02-05'}
Opened File - 247
Process Name : OmApSvcBroker.exe
PID          : 22324
No Of Threads: 25
CPU Percent  : 0.0
Ram Percent  : 0.0830522226061836
TimeStamp : {'2026-02-12_03-02-05'}
Opened File - 248
Process Name : chrome.exe
PID          : 22428
No Of Threads: 29
CPU Percent  : 0.0
Ram Percent  : 1.9214447395523582
TimeStamp : {'2026-02-12_03-02-05'}
Opened File - 249
Process Name : svchost.exe
PID          : 22432
No Of Threads: 5
CPU Percent  : 0.0
Ram Percent  : 0.01653759169438919
TimeStamp : {'2026-02-12_03-02-05'}
Opened File - 250
Process Name : chrome.exe
PID          : 22516
No Of Threads: 28
CPU Percent  : 0.0
Ram Percent  : 0.2060035100491975
TimeStamp : {'2026-02-12_03-02-05'}
Opened File - 251
Process Name : msedgewebview2.exe
PID          : 22540
No Of Threads: 10
CPU Percent  : 0.0
Ram Percent  : 0.043784548935365215
TimeStamp : {'2026-02-12_03-02-05'}
Opened File - 252
Process Name : msedgewebview2.exe
PID          : 22556
No Of Threads: 23
CPU Percent  : 0.0
Ram Percent  : 0.07775825052192979
TimeStamp : {'2026-02-12_03-02-05'}
Opened File - 253
Process Name : svchost.exe
PID          : 22568
No Of Threads: 4
CPU Percent  : 0.0
Ram Percent  : 0.058622241336645384
TimeStamp : {'2026-02-12_03-02-05'}
Opened File - 254
Process Name : WmiApSrv.exe
PID          : 22624
No Of Threads: 3
CPU Percent  : 0.4
Ram Percent  : 0.04881139398784475
TimeStamp : {'2026-02-12_03-02-05'}
Opened File - 255
Process Name : chrome.exe
PID          : 22748
No Of Threads: 8
CPU Percent  : 0.0
Ram Percent  : 0.027368378619055236
TimeStamp : {'2026-02-12_03-02-05'}
Opened File - 256
Process Name : svchost.exe
PID          : 22852
No Of Threads: 2
CPU Percent  : 0.0
Ram Percent  : 0.009835131624416479
TimeStamp : {'2026-02-12_03-02-05'}
Opened File - 257
Process Name : WhatsApp.Root.exe
PID          : 22972
No Of Threads: 39
CPU Percent  : 0.7
Ram Percent  : 1.8092513862071626
TimeStamp : {'2026-02-12_03-02-05'}
Opened File - 258
Process Name : msedgewebview2.exe
PID          : 23484
No Of Threads: 34
CPU Percent  : 0.0
Ram Percent  : 3.674842291843082
TimeStamp : {'2026-02-12_03-02-05'}
Opened File - 259
Process Name : chrome.exe
PID          : 23584
No Of Threads: 16
CPU Percent  : 1.0
Ram Percent  : 0.10260106447693734
TimeStamp : {'2026-02-12_03-02-05'}
Opened File - 260
Process Name : ms-teamsupdate.exe
PID          : 23652
No Of Threads: 8
CPU Percent  : 0.0
Ram Percent  : 0.09995407843481044
TimeStamp : {'2026-02-12_03-02-05'}
Opened File - 261
Process Name : backgroundTaskHost.exe
PID          : 23752
No Of Threads: 10
CPU Percent  : 0.0
Ram Percent  : 0.19077726923806385
TimeStamp : {'2026-02-12_03-02-05'}
Opened File - 262
Process Name : Code.exe
PID          : 23892
No Of Threads: 20
CPU Percent  : 0.0
Ram Percent  : 0.13863892949084858
TimeStamp : {'2026-02-12_03-02-05'}
Opened File - 263
Process Name : msedgewebview2.exe
PID          : 24032
No Of Threads: 25
CPU Percent  : 0.0
Ram Percent  : 0.03453223992572897
TimeStamp : {'2026-02-12_03-02-05'}
Opened File - 264
Process Name : gamingservices.exe
PID          : 24092
No Of Threads: 122
CPU Percent  : 0.0
Ram Percent  : 0.11678308143658975
TimeStamp : {'2026-02-12_03-02-05'}
Opened File - 265
Process Name : msedge.exe
PID          : 24456
No Of Threads: 15
CPU Percent  : 0.0
Ram Percent  : 0.06379479204281997
TimeStamp : {'2026-02-12_03-02-05'}
Opened File - 266
Process Name : RemoteMouseCore.exe
PID          : 24756
No Of Threads: 7
CPU Percent  : 0.0
Ram Percent  : 0.04004477049052537
TimeStamp : {'2026-02-12_03-02-05'}
Opened File - 267
Process Name : NVIDIA Overlay.exe
PID          : 24852
No Of Threads: 82
CPU Percent  : 0.0
Ram Percent  : 0.5588054661961669
TimeStamp : {'2026-02-12_03-02-05'}
Opened File - 268
Process Name : powershell.exe
PID          : 24884
No Of Threads: 11
CPU Percent  : 0.0
Ram Percent  : 0.16977137083035954
TimeStamp : {'2026-02-12_03-02-05'}
Opened File - 269
Process Name : csrss.exe
PID          : 25136
No Of Threads: 2
CPU Percent  : 0.0
Ram Percent  : 0.007722399645838124
TimeStamp : {'2026-02-12_03-02-05'}
Opened File - 270
Process Name : chrome.exe
PID          : 25352
No Of Threads: 24
CPU Percent  : 11.4
Ram Percent  : 0.37987892345863455
TimeStamp : {'2026-02-12_03-02-05'}
Opened File - 271
Process Name : MuseHub.exe
PID          : 25376
No Of Threads: 33
CPU Percent  : 2.1
Ram Percent  : 0.3401255642754993
TimeStamp : {'2026-02-12_03-02-05'}
Opened File - 272
Process Name : conhost.exe
PID          : 25992
No Of Threads: 2
CPU Percent  : 0.0
Ram Percent  : 0.013259214486250365
TimeStamp : {'2026-02-12_03-02-05'}
Opened File - 273
Process Name : chrome.exe
PID          : 25996
No Of Threads: 36
CPU Percent  : 0.0
Ram Percent  : 0.7751297933820978
TimeStamp : {'2026-02-12_03-02-05'}
Opened File - 274
Process Name : AppVShNotify.exe
PID          : 26160
No Of Threads: 1
CPU Percent  : 0.0
Ram Percent  : 0.013210645935018679
TimeStamp : {'2026-02-12_03-02-05'}
Opened File - 275
Process Name : Code.exe
PID          : 26520
No Of Threads: 9
CPU Percent  : 0.0
Ram Percent  : 0.3558860591501815
TimeStamp : {'2026-02-12_03-02-05'}
Opened File - 276
Process Name : chrome.exe
PID          : 26764
No Of Threads: 22
CPU Percent  : 0.0
Ram Percent  : 0.5147780745046433
TimeStamp : {'2026-02-12_03-02-05'}
Opened File - 277
Process Name : dllhost.exe
PID          : 26816
No Of Threads: 4
CPU Percent  : 0.0
Ram Percent  : 0.05136124292750828
TimeStamp : {'2026-02-12_03-02-05'}
Opened File - 278
Process Name : svchost.exe
PID          : 26824
No Of Threads: 6
CPU Percent  : 0.0
Ram Percent  : 0.09308162843552682
TimeStamp : {'2026-02-12_03-02-05'}
Opened File - 279
Process Name : svchost.exe
PID          : 26840
No Of Threads: 2
CPU Percent  : 0.0
Ram Percent  : 0.013526341518024641
TimeStamp : {'2026-02-12_03-02-05'}
Opened File - 280
Process Name : Code.exe
PID          : 26944
No Of Threads: 27
CPU Percent  : 0.0
Ram Percent  : 0.18958733973288755
TimeStamp : {'2026-02-12_03-02-05'}
Opened File - 281
Process Name : msedgewebview2.exe
PID          : 27120
No Of Threads: 61
CPU Percent  : 0.0
Ram Percent  : 0.2372816570424035
TimeStamp : {'2026-02-12_03-02-05'}
Opened File - 282
Process Name : chrome.exe
PID          : 27132
No Of Threads: 13
CPU Percent  : 0.0
Ram Percent  : 0.21668859132016852
TimeStamp : {'2026-02-12_03-02-05'}
Opened File - 283
Process Name : chrome.exe
PID          : 27196
No Of Threads: 22
CPU Percent  : 0.0
Ram Percent  : 0.3651869367110494
TimeStamp : {'2026-02-12_03-02-05'}
Opened File - 284
Process Name : WindowsTerminal.exe
PID          : 27384
No Of Threads: 10
CPU Percent  : 1.0
Ram Percent  : 0.38104456868819503
TimeStamp : {'2026-02-12_03-02-05'}
Opened File - 285
Process Name : Code.exe
PID          : 27392
No Of Threads: 10
CPU Percent  : 0.0
Ram Percent  : 0.38978690790989856
TimeStamp : {'2026-02-12_03-02-05'}
Opened File - 286
Process Name : RuntimeBroker.exe
PID          : 27432
No Of Threads: 2
CPU Percent  : 0.0
Ram Percent  : 0.05021988197356365
TimeStamp : {'2026-02-12_03-02-05'}
Opened File - 287
Process Name : msedgewebview2.exe
PID          : 27660
No Of Threads: 22
CPU Percent  : 0.0
Ram Percent  : 0.06901591130022626
TimeStamp : {'2026-02-12_03-02-05'}
Opened File - 288
Process Name : Code.exe
PID          : 27964
No Of Threads: 7
CPU Percent  : 0.0
Ram Percent  : 0.04737862172651
TimeStamp : {'2026-02-12_03-02-05'}
Opened File - 289
Process Name : msedge.exe
PID          : 28092
No Of Threads: 24
CPU Percent  : 0.0
Ram Percent  : 0.09895842313456087
TimeStamp : {'2026-02-12_03-02-05'}
Opened File - 290
Process Name : chrome.exe
PID          : 28100
No Of Threads: 30
CPU Percent  : 3.4
Ram Percent  : 0.4021476041983627
TimeStamp : {'2026-02-12_03-02-05'}
Opened File - 291
Process Name : msedgewebview2.exe
PID          : 28132
No Of Threads: 24
CPU Percent  : 0.0
Ram Percent  : 0.16302034220915512
TimeStamp : {'2026-02-12_03-02-05'}
Opened File - 292
Process Name : cmd.exe
PID          : 28340
No Of Threads: 1
CPU Percent  : 0.0
Ram Percent  : 0.019184577736516096
TimeStamp : {'2026-02-12_03-02-05'}
Opened File - 293
Process Name : NVIDIA Overlay.exe
PID          : 28440
No Of Threads: 30
CPU Percent  : 0.0
Ram Percent  : 0.1792665225961542
TimeStamp : {'2026-02-12_03-02-05'}
Opened File - 294
Process Name : svchost.exe
PID          : 28628
No Of Threads: 2
CPU Percent  : 0.0
Ram Percent  : 0.05493103144303722
TimeStamp : {'2026-02-12_03-02-05'}
Opened File - 295
Process Name : RuntimeBroker.exe
PID          : 28972
No Of Threads: 4
CPU Percent  : 0.0
Ram Percent  : 0.0491756581220824
TimeStamp : {'2026-02-12_03-02-05'}
Opened File - 296
Process Name : msedge.exe
PID          : 29176
No Of Threads: 8
CPU Percent  : 0.0
Ram Percent  : 0.03220094946660803
TimeStamp : {'2026-02-12_03-02-05'}
Opened File - 297
Process Name : chrome.exe
PID          : 29444
No Of Threads: 45
CPU Percent  : 64.7
Ram Percent  : 3.455968115717487
TimeStamp : {'2026-02-12_03-02-05'}
Opened File - 298
Process Name : RtkAudUService64.exe
PID          : 29596
No Of Threads: 11
CPU Percent  : 0.3
Ram Percent  : 0.07188145582289575
TimeStamp : {'2026-02-12_03-02-05'}
Opened File - 299
Process Name : NVIDIA Overlay.exe
PID          : 29880
No Of Threads: 11
CPU Percent  : 0.0
Ram Percent  : 0.0481071499949853
TimeStamp : {'2026-02-12_03-02-05'}
Opened File - 300
Process Name : msedgewebview2.exe
PID          : 29976
No Of Threads: 17
CPU Percent  : 0.0
Ram Percent  : 0.39226390402271455
TimeStamp : {'2026-02-12_03-02-05'}
Opened File - 301
Process Name : WebCompanion.exe
PID          : 30072
No Of Threads: 14
CPU Percent  : 0.0
Ram Percent  : 0.14211158090391415
TimeStamp : {'2026-02-12_03-02-05'}
Opened File - 302
Process Name : UserOOBEBroker.exe
PID          : 30080
No Of Threads: 1
CPU Percent  : 0.0
Ram Percent  : 0.020884477029625113
TimeStamp : {'2026-02-12_03-02-05'}
Opened File - 303
Process Name : svchost.exe
PID          : 30264
No Of Threads: 4
CPU Percent  : 0.0
Ram Percent  : 0.02137016254194198
TimeStamp : {'2026-02-12_03-02-05'}
Opened File - 304
Process Name : OfficeClickToRun.exe
PID          : 30272
No Of Threads: 22
CPU Percent  : 0.0
Ram Percent  : 0.11695307136590065
TimeStamp : {'2026-02-12_03-02-05'}
Opened File - 305
Process Name : NVIDIA Overlay.exe
PID          : 30300
No Of Threads: 19
CPU Percent  : 0.0
Ram Percent  : 0.2227596602241293
TimeStamp : {'2026-02-12_03-02-05'}
Opened File - 306
Process Name : msedge.exe
PID          : 30456
No Of Threads: 28
CPU Percent  : 0.0
Ram Percent  : 0.35710027293097363
TimeStamp : {'2026-02-12_03-02-05'}
Opened File - 307
Process Name : svchost.exe
PID          : 30496
No Of Threads: 4
CPU Percent  : 0.0
Ram Percent  : 0.015784779150298054
TimeStamp : {'2026-02-12_03-02-05'}
Opened File - 308
Process Name : AppleMobileDeviceLauncher.exe
PID          : 30776
No Of Threads: 3
CPU Percent  : 0.0
Ram Percent  : 0.02544992084540363
TimeStamp : {'2026-02-12_03-02-05'}
Opened File - 309
Process Name : nvcontainer.exe
PID          : 30924
No Of Threads: 22
CPU Percent  : 0.0
Ram Percent  : 0.10680224415847821
TimeStamp : {'2026-02-12_03-02-05'}
Opened File - 310
Process Name : chrome.exe
PID          : 30960
No Of Threads: 30
CPU Percent  : 0.0
Ram Percent  : 0.9183827352399566
TimeStamp : {'2026-02-12_03-02-05'}
Opened File - 311
Process Name : nahimicNotifSys.exe
PID          : 31312
No Of Threads: 12
CPU Percent  : 0.0
Ram Percent  : 0.09432012649193483
TimeStamp : {'2026-02-12_03-02-05'}
Opened File - 312
Process Name : msedgewebview2.exe
PID          : 31340
No Of Threads: 20
CPU Percent  : 0.0
Ram Percent  : 0.08895330158083349
TimeStamp : {'2026-02-12_03-02-05'}
Opened File - 313
Process Name : NahimicSvc32.exe
PID          : 31448
No Of Threads: 13
CPU Percent  : 0.0
Ram Percent  : 0.020471644344155784
TimeStamp : {'2026-02-12_03-02-05'}
Opened File - 314
Process Name : Code.exe
PID          : 31916
No Of Threads: 27
CPU Percent  : 0.0
Ram Percent  : 0.159013436732541
TimeStamp : {'2026-02-12_03-02-05'}
Opened File - 315
Process Name : svchost.exe
PID          : 32140
No Of Threads: 7
CPU Percent  : 0.0
Ram Percent  : 0.0759612141263574
TimeStamp : {'2026-02-12_03-02-05'}
Opened File - 316
Process Name : svchost.exe
PID          : 32220
No Of Threads: 2
CPU Percent  : 0.0
Ram Percent  : 0.022487239220270766
TimeStamp : {'2026-02-12_03-02-05'}
Opened File - 317
Process Name : chrome.exe
PID          : 32224
No Of Threads: 36
CPU Percent  : 0.0
Ram Percent  : 1.2462933088806867
TimeStamp : {'2026-02-12_03-02-05'}
Opened File - 318
Process Name : svchost.exe
PID          : 32300
No Of Threads: 4
CPU Percent  : 0.0
Ram Percent  : 0.039170536568355015
TimeStamp : {'2026-02-12_03-02-05'}
Opened File - 319
Process Name : CodeSetup-stable-591199df409fbf59b4b52d5ad4ee0470152a9b31.tmp
PID          : 32404
No Of Threads: 1
CPU Percent  : 0.0
Ram Percent  : 0.04337171624989588
TimeStamp : {'2026-02-12_03-02-05'}
Opened File - 320
Process Name : python.exe
PID          : 32420
No Of Threads: 4
CPU Percent  : 59.0
Ram Percent  : 0.15056250881822758
TimeStamp : {'2026-02-12_03-02-05'}
Opened File - 321
Process Name : uTorrent.exe
PID          : 32440
No Of Threads: 68
CPU Percent  : 1.9
Ram Percent  : 0.23915154626482343
TimeStamp : {'2026-02-12_03-02-05'}
Opened File - 322
Process Name : igfxEMN.exe
PID          : 32484
No Of Threads: 3
CPU Percent  : 0.0
Ram Percent  : 0.036110717840758776
TimeStamp : {'2026-02-12_03-02-05'}
Opened File - 323
Process Name : msedge.exe
PID          : 32520
No Of Threads: 11
CPU Percent  : 0.0
Ram Percent  : 0.04235177667403047
TimeStamp : {'2026-02-12_03-02-05'}
Opened File - 324
Process Name : OneDrive.exe
PID          : 32672
No Of Threads: 37
CPU Percent  : 0.0
Ram Percent  : 0.5557213631929548
TimeStamp : {'2026-02-12_03-02-05'}
Opened File - 325
Process Name : Code.exe
PID          : 32744
No Of Threads: 19
CPU Percent  : 0.6
Ram Percent  : 0.5633709100119454
TimeStamp : {'2026-02-12_03-02-05'}
Opened File - 326
Process Name : msedgewebview2.exe
PID          : 32884
No Of Threads: 13
CPU Percent  : 0.0
Ram Percent  : 0.06598037684824586
TimeStamp : {'2026-02-12_03-02-05'}
Opened File - 327
Process Name : msedgewebview2.exe
PID          : 33136
No Of Threads: 54
CPU Percent  : 0.0
Ram Percent  : 0.6129351165438813
TimeStamp : {'2026-02-12_03-02-05'}
Opened File - 328
Process Name : RuntimeBroker.exe
PID          : 33444
No Of Threads: 3
CPU Percent  : 0.0
Ram Percent  : 0.026105596287031397
TimeStamp : {'2026-02-12_03-02-05'}
Opened File - 329
Process Name : SecurityHealthSystray.exe
PID          : 33548
No Of Threads: 1
CPU Percent  : 0.0
Ram Percent  : 0.03445938709888144
TimeStamp : {'2026-02-12_03-02-05'}
Opened File - 330
Process Name : ShellExperienceHost.exe
PID          : 33816
No Of Threads: 20
CPU Percent  : 0.0
Ram Percent  : 0.2965838580962925
TimeStamp : {'2026-02-12_03-02-05'}
Opened File - 331
Process Name : svchost.exe
PID          : 33904
No Of Threads: 4
CPU Percent  : 0.0
Ram Percent  : 0.04096757296392741
TimeStamp : {'2026-02-12_03-02-05'}
Opened File - 332
Process Name : FileCoAuth.exe
PID          : 34080
No Of Threads: 3
CPU Percent  : 0.0
Ram Percent  : 0.07540267578719301
TimeStamp : {'2026-02-12_03-02-05'}
Opened File - 333
Process Name : SearchIndexer.exe
PID          : 34096
No Of Threads: 9
CPU Percent  : 0.0
Ram Percent  : 0.14458857701673017
TimeStamp : {'2026-02-12_03-02-05'}
Opened File - 334
Process Name : MidiSrv.exe
PID          : 34260
No Of Threads: 2
CPU Percent  : 0.0
Ram Percent  : 0.013550625793640482
TimeStamp : {'2026-02-12_03-02-05'}
Opened File - 335
Process Name : chrome.exe
PID          : 34328
No Of Threads: 28
CPU Percent  : 0.0
Ram Percent  : 0.4514446836985243
TimeStamp : {'2026-02-12_03-02-05'}
Opened File - 336
Process Name : svchost.exe
PID          : 34548
No Of Threads: 6
CPU Percent  : 0.0
Ram Percent  : 0.01976740035129633
TimeStamp : {'2026-02-12_03-02-05'}
Opened File - 337
