---- Paltfrom Surveillance System -----Process Name : System Idle Process
PID          : 0
No Of Threads: 48
CPU Percent  : 1327.1
Ram Percent  : 4.856855123168632e-05
TimeStamp : {'2026-02-12_03-47-43'}
Opened File - 1
Process Name : System
PID          : 4
No Of Threads: 441
CPU Percent  : 16.2
Ram Percent  : 0.03987478056121447
TimeStamp : {'2026-02-12_03-47-43'}
Opened File - 2
Process Name : Registry
PID          : 272
No Of Threads: 4
CPU Percent  : 0.0
Ram Percent  : 0.4165724639141735
TimeStamp : {'2026-02-12_03-47-43'}
Opened File - 3
Process Name : msedgewebview2.exe
PID          : 428
No Of Threads: 20
CPU Percent  : 0.0
Ram Percent  : 0.07554838144088806
TimeStamp : {'2026-02-12_03-47-43'}
Opened File - 4
Process Name : smss.exe
PID          : 884
No Of Threads: 3
CPU Percent  : 0.0
Ram Percent  : 0.004006905476614121
TimeStamp : {'2026-02-12_03-47-43'}
Opened File - 5
Process Name : svchost.exe
PID          : 904
No Of Threads: 5
CPU Percent  : 0.0
Ram Percent  : 0.02758693709959783
TimeStamp : {'2026-02-12_03-47-43'}
Opened File - 6
Process Name : csrss.exe
PID          : 1184
No Of Threads: 17
CPU Percent  : 0.0
Ram Percent  : 0.02090876130524096
TimeStamp : {'2026-02-12_03-47-43'}
Opened File - 7
Process Name : wininit.exe
PID          : 1292
No Of Threads: 2
CPU Percent  : 0.0
Ram Percent  : 0.01100077685397695
TimeStamp : {'2026-02-12_03-47-43'}
Opened File - 8
Process Name : services.exe
PID          : 1428
No Of Threads: 8
CPU Percent  : 0.6
Ram Percent  : 0.05563527543589668
TimeStamp : {'2026-02-12_03-47-43'}
Opened File - 9
Process Name : lsass.exe
PID          : 1440
No Of Threads: 12
CPU Percent  : 0.6
Ram Percent  : 0.13186361659402834
TimeStamp : {'2026-02-12_03-47-43'}
Opened File - 10
Process Name : svchost.exe
PID          : 1464
No Of Threads: 3
CPU Percent  : 0.0
Ram Percent  : 0.03645069769938058
TimeStamp : {'2026-02-12_03-47-43'}
Opened File - 11
Process Name : svchost.exe
PID          : 1492
No Of Threads: 9
CPU Percent  : 0.0
Ram Percent  : 0.021710142400563785
TimeStamp : {'2026-02-12_03-47-43'}
Opened File - 12
Process Name : svchost.exe
PID          : 1600
No Of Threads: 27
CPU Percent  : 0.0
Ram Percent  : 0.20685345969575203
TimeStamp : {'2026-02-12_03-47-43'}
Opened File - 13
Process Name : WUDFHost.exe
PID          : 1632
No Of Threads: 10
CPU Percent  : 0.0
Ram Percent  : 0.018261775263114056
TimeStamp : {'2026-02-12_03-47-43'}
Opened File - 14
Process Name : fontdrvhost.exe
PID          : 1648
No Of Threads: 5
CPU Percent  : 0.0
Ram Percent  : 0.006168206006424162
TimeStamp : {'2026-02-12_03-47-43'}
Opened File - 15
Process Name : svchost.exe
PID          : 1772
No Of Threads: 17
CPU Percent  : 4.5
Ram Percent  : 0.15267524079680594
TimeStamp : {'2026-02-12_03-47-43'}
Opened File - 16
Process Name : DCv2.exe
PID          : 1784
No Of Threads: 9
CPU Percent  : 0.6
Ram Percent  : 0.20313796552652802
TimeStamp : {'2026-02-12_03-47-43'}
Opened File - 17
Process Name : svchost.exe
PID          : 1824
No Of Threads: 8
CPU Percent  : 0.0
Ram Percent  : 0.03339087897178434
TimeStamp : {'2026-02-12_03-47-43'}
Opened File - 18
Process Name : WUDFHost.exe
PID          : 1892
No Of Threads: 5
CPU Percent  : 0.0
Ram Percent  : 0.013793468549798914
TimeStamp : {'2026-02-12_03-47-43'}
Opened File - 19
Process Name : msedgewebview2.exe
PID          : 1936
No Of Threads: 23
CPU Percent  : 0.0
Ram Percent  : 0.1043252480456622
TimeStamp : {'2026-02-12_03-47-43'}
Opened File - 20
Process Name : IntelCpHDCPSvc.exe
PID          : 2068
No Of Threads: 3
CPU Percent  : 0.0
Ram Percent  : 0.009009466253477812
TimeStamp : {'2026-02-12_03-47-43'}
Opened File - 21
Process Name : svchost.exe
PID          : 2100
No Of Threads: 5
CPU Percent  : 0.0
Ram Percent  : 0.020398791517308255
TimeStamp : {'2026-02-12_03-47-43'}
Opened File - 22
Process Name : svchost.exe
PID          : 2172
No Of Threads: 9
CPU Percent  : 0.0
Ram Percent  : 0.06330910653050312
TimeStamp : {'2026-02-12_03-47-43'}
Opened File - 23
Process Name : svchost.exe
PID          : 2228
No Of Threads: 9
CPU Percent  : 0.0
Ram Percent  : 0.06107495317384554
TimeStamp : {'2026-02-12_03-47-43'}
Opened File - 24
Process Name : svchost.exe
PID          : 2320
No Of Threads: 3
CPU Percent  : 0.0
Ram Percent  : 0.02328862031559359
TimeStamp : {'2026-02-12_03-47-43'}
Opened File - 25
Process Name : svchost.exe
PID          : 2336
No Of Threads: 20
CPU Percent  : 0.0
Ram Percent  : 0.09990550988357877
TimeStamp : {'2026-02-12_03-47-43'}
Opened File - 26
Process Name : svchost.exe
PID          : 2404
No Of Threads: 5
CPU Percent  : 0.0
Ram Percent  : 0.03788346996071533
TimeStamp : {'2026-02-12_03-47-43'}
Opened File - 27
Process Name : svchost.exe
PID          : 2452
No Of Threads: 7
CPU Percent  : 0.0
Ram Percent  : 0.062167745576558485
TimeStamp : {'2026-02-12_03-47-43'}
Opened File - 28
Process Name : taskhostw.exe
PID          : 2476
No Of Threads: 8
CPU Percent  : 0.0
Ram Percent  : 0.08943898709315036
TimeStamp : {'2026-02-12_03-47-43'}
Opened File - 29
Process Name : igfxCUIServiceN.exe
PID          : 2496
No Of Threads: 2
CPU Percent  : 0.0
Ram Percent  : 0.023191483213130214
TimeStamp : {'2026-02-12_03-47-43'}
Opened File - 30
Process Name : svchost.exe
PID          : 2532
No Of Threads: 7
CPU Percent  : 3.7
Ram Percent  : 0.05752944893393244
TimeStamp : {'2026-02-12_03-47-43'}
Opened File - 31
Process Name : NVDisplay.Container.exe
PID          : 2716
No Of Threads: 36
CPU Percent  : 0.0
Ram Percent  : 0.09140601341803364
TimeStamp : {'2026-02-12_03-47-43'}
Opened File - 32
Process Name : svchost.exe
PID          : 2724
No Of Threads: 3
CPU Percent  : 0.0
Ram Percent  : 0.017168982860401114
TimeStamp : {'2026-02-12_03-47-43'}
Opened File - 33
Process Name : svchost.exe
PID          : 2864
No Of Threads: 12
CPU Percent  : 0.0
Ram Percent  : 0.04232749239841463
TimeStamp : {'2026-02-12_03-47-43'}
Opened File - 34
Process Name : MemCompression
PID          : 2896
No Of Threads: 54
CPU Percent  : 0.0
Ram Percent  : 3.379958333039898
TimeStamp : {'2026-02-12_03-47-43'}
Opened File - 35
Process Name : svchost.exe
PID          : 2928
No Of Threads: 10
CPU Percent  : 0.0
Ram Percent  : 0.10014835263973719
TimeStamp : {'2026-02-12_03-47-43'}
Opened File - 36
Process Name : svchost.exe
PID          : 2956
No Of Threads: 5
CPU Percent  : 0.0
Ram Percent  : 0.04866568833414969
TimeStamp : {'2026-02-12_03-47-43'}
Opened File - 37
Process Name : svchost.exe
PID          : 2964
No Of Threads: 4
CPU Percent  : 0.0
Ram Percent  : 0.011559315193141344
TimeStamp : {'2026-02-12_03-47-43'}
Opened File - 38
Process Name : wsc_proxy.exe
PID          : 2976
No Of Threads: 4
CPU Percent  : 0.0
Ram Percent  : 0.0285825923998474
TimeStamp : {'2026-02-12_03-47-43'}
Opened File - 39
Process Name : msedgewebview2.exe
PID          : 3012
No Of Threads: 56
CPU Percent  : 0.0
Ram Percent  : 0.20083095934302292
TimeStamp : {'2026-02-12_03-47-43'}
Opened File - 40
Process Name : svchost.exe
PID          : 3132
No Of Threads: 8
CPU Percent  : 0.0
Ram Percent  : 0.08834619469043742
TimeStamp : {'2026-02-12_03-47-43'}
Opened File - 41
Process Name : svchost.exe
PID          : 3204
No Of Threads: 3
CPU Percent  : 0.0
Ram Percent  : 0.0262755862163423
TimeStamp : {'2026-02-12_03-47-43'}
Opened File - 42
Process Name : svchost.exe
PID          : 3212
No Of Threads: 7
CPU Percent  : 0.0
Ram Percent  : 0.023021493283819316
TimeStamp : {'2026-02-12_03-47-43'}
Opened File - 43
Process Name : Code.exe
PID          : 3244
No Of Threads: 25
CPU Percent  : 0.0
Ram Percent  : 0.27973057081889735
TimeStamp : {'2026-02-12_03-47-43'}
Opened File - 44
Process Name : svchost.exe
PID          : 3292
No Of Threads: 10
CPU Percent  : 0.0
Ram Percent  : 0.06962301819062233
TimeStamp : {'2026-02-12_03-47-43'}
Opened File - 45
Process Name : svchost.exe
PID          : 3324
No Of Threads: 5
CPU Percent  : 0.0
Ram Percent  : 0.018893166429125977
TimeStamp : {'2026-02-12_03-47-43'}
Opened File - 46
Process Name : svchost.exe
PID          : 3376
No Of Threads: 4
CPU Percent  : 0.0
Ram Percent  : 0.03037962879541979
TimeStamp : {'2026-02-12_03-47-43'}
Opened File - 47
Process Name : svchost.exe
PID          : 3384
No Of Threads: 8
CPU Percent  : 0.0
Ram Percent  : 0.025037088159934297
TimeStamp : {'2026-02-12_03-47-43'}
Opened File - 48
Process Name : svchost.exe
PID          : 3492
No Of Threads: 4
CPU Percent  : 0.0
Ram Percent  : 0.030185354590493044
TimeStamp : {'2026-02-12_03-47-43'}
Opened File - 49
Process Name : svchost.exe
PID          : 3504
No Of Threads: 6
CPU Percent  : 0.0
Ram Percent  : 0.16977137083035954
TimeStamp : {'2026-02-12_03-47-43'}
Opened File - 50
Process Name : svchost.exe
PID          : 3520
No Of Threads: 9
CPU Percent  : 2.9
Ram Percent  : 0.28869146852114347
TimeStamp : {'2026-02-12_03-47-43'}
Opened File - 51
Process Name : dllhost.exe
PID          : 3540
No Of Threads: 2
CPU Percent  : 0.0
Ram Percent  : 0.020593065722234998
TimeStamp : {'2026-02-12_03-47-43'}
Opened File - 52
Process Name : svchost.exe
PID          : 3644
No Of Threads: 11
CPU Percent  : 0.0
Ram Percent  : 0.03756777437770937
TimeStamp : {'2026-02-12_03-47-43'}
Opened File - 53
Process Name : svchost.exe
PID          : 3800
No Of Threads: 15
CPU Percent  : 0.0
Ram Percent  : 0.08776337207565718
TimeStamp : {'2026-02-12_03-47-43'}
Opened File - 54
Process Name : VoiceControlEngine.exe
PID          : 3808
No Of Threads: 8
CPU Percent  : 0.0
Ram Percent  : 0.028874003707237517
TimeStamp : {'2026-02-12_03-47-43'}
Opened File - 55
Process Name : svchost.exe
PID          : 3832
No Of Threads: 5
CPU Percent  : 0.0
Ram Percent  : 0.02697983020920175
TimeStamp : {'2026-02-12_03-47-43'}
Opened File - 56
Process Name : NortonSvc.exe
PID          : 3852
No Of Threads: 153
CPU Percent  : 0.0
Ram Percent  : 0.2555920008567492
TimeStamp : {'2026-02-12_03-47-43'}
Opened File - 57
Process Name : svchost.exe
PID          : 3868
No Of Threads: 2
CPU Percent  : 0.0
Ram Percent  : 0.016659013072468407
TimeStamp : {'2026-02-12_03-47-43'}
Opened File - 58
Process Name : svchost.exe
PID          : 3916
No Of Threads: 8
CPU Percent  : 0.0
Ram Percent  : 0.03436224999641807
TimeStamp : {'2026-02-12_03-47-43'}
Opened File - 59
Process Name : nllToolsSvc.exe
PID          : 4312
No Of Threads: 46
CPU Percent  : 0.0
Ram Percent  : 0.3424325704590044
TimeStamp : {'2026-02-12_03-47-43'}
Opened File - 60
Process Name : spoolsv.exe
PID          : 4384
No Of Threads: 7
CPU Percent  : 0.0
Ram Percent  : 0.03421654434272301
TimeStamp : {'2026-02-12_03-47-43'}
Opened File - 61
Process Name : svchost.exe
PID          : 4412
No Of Threads: 23
CPU Percent  : 5.7
Ram Percent  : 0.13013943302530348
TimeStamp : {'2026-02-12_03-47-43'}
Opened File - 62
Process Name : conhost.exe
PID          : 4424
No Of Threads: 4
CPU Percent  : 0.0
Ram Percent  : 0.06445046748444774
TimeStamp : {'2026-02-12_03-47-43'}
Opened File - 63
Process Name : svchost.exe
PID          : 4472
No Of Threads: 6
CPU Percent  : 0.0
Ram Percent  : 0.02137016254194198
TimeStamp : {'2026-02-12_03-47-43'}
Opened File - 64
Process Name : RuntimeBroker.exe
PID          : 4568
No Of Threads: 2
CPU Percent  : 0.0
Ram Percent  : 0.023652884449831234
TimeStamp : {'2026-02-12_03-47-43'}
Opened File - 65
Process Name : svchost.exe
PID          : 4668
No Of Threads: 9
CPU Percent  : 0.0
Ram Percent  : 0.021831563778643
TimeStamp : {'2026-02-12_03-47-43'}
Opened File - 66
Process Name : svchost.exe
PID          : 4848
No Of Threads: 1
CPU Percent  : 0.0
Ram Percent  : 0.007892389575149027
TimeStamp : {'2026-02-12_03-47-43'}
Opened File - 67
Process Name : chrome.exe
PID          : 4892
No Of Threads: 75
CPU Percent  : 9.8
Ram Percent  : 2.763769123563494
TimeStamp : {'2026-02-12_03-47-43'}
Opened File - 68
Process Name : svchost.exe
PID          : 4908
No Of Threads: 5
CPU Percent  : 0.0
Ram Percent  : 0.029699669078176182
TimeStamp : {'2026-02-12_03-47-43'}
Opened File - 69
Process Name : svchost.exe
PID          : 4948
No Of Threads: 3
CPU Percent  : 0.0
Ram Percent  : 0.0344351028232656
TimeStamp : {'2026-02-12_03-47-43'}
Opened File - 70
Process Name : SearchFilterHost.exe
PID          : 4988
No Of Threads: 5
CPU Percent  : 0.0
Ram Percent  : 0.0981327577636222
TimeStamp : {'2026-02-12_03-47-43'}
Opened File - 71
Process Name : msedge.exe
PID          : 5080
No Of Threads: 10
CPU Percent  : 0.0
Ram Percent  : 0.1508539201256177
TimeStamp : {'2026-02-12_03-47-43'}
Opened File - 72
Process Name : aswEngSrv.exe
PID          : 5112
No Of Threads: 43
CPU Percent  : 0.0
Ram Percent  : 0.0917702775522713
TimeStamp : {'2026-02-12_03-47-43'}
Opened File - 73
Process Name : msedgewebview2.exe
PID          : 5212
No Of Threads: 10
CPU Percent  : 0.0
Ram Percent  : 0.0496856279100151
TimeStamp : {'2026-02-12_03-47-43'}
Opened File - 74
Process Name : svchost.exe
PID          : 5220
No Of Threads: 19
CPU Percent  : 0.9
Ram Percent  : 0.16761007030054947
TimeStamp : {'2026-02-12_03-47-43'}
Opened File - 75
Process Name : taskhostw.exe
PID          : 5420
No Of Threads: 3
CPU Percent  : 0.0
Ram Percent  : 0.06364908638912492
TimeStamp : {'2026-02-12_03-47-43'}
Opened File - 76
Process Name : svchost.exe
PID          : 5808
No Of Threads: 10
CPU Percent  : 5.4
Ram Percent  : 0.15503081553154271
TimeStamp : {'2026-02-12_03-47-43'}
Opened File - 77
Process Name : svchost.exe
PID          : 5856
No Of Threads: 9
CPU Percent  : 0.0
Ram Percent  : 0.04849569840483879
TimeStamp : {'2026-02-12_03-47-43'}
Opened File - 78
Process Name : svchost.exe
PID          : 5900
No Of Threads: 2
CPU Percent  : 0.0
Ram Percent  : 0.03817488126810545
TimeStamp : {'2026-02-12_03-47-43'}
Opened File - 79
Process Name : svchost.exe
PID          : 6032
No Of Threads: 12
CPU Percent  : 0.0
Ram Percent  : 0.02838831819492065
TimeStamp : {'2026-02-12_03-47-43'}
Opened File - 80
Process Name : WMIRegistrationService.exe
PID          : 6216
No Of Threads: 2
CPU Percent  : 0.0
Ram Percent  : 0.013647762896103855
TimeStamp : {'2026-02-12_03-47-43'}
Opened File - 81
Process Name : wlanext.exe
PID          : 6268
No Of Threads: 2
CPU Percent  : 0.0
Ram Percent  : 0.01330778303748205
TimeStamp : {'2026-02-12_03-47-43'}
Opened File - 82
Process Name : dwm.exe
PID          : 6276
No Of Threads: 19
CPU Percent  : 22.2
Ram Percent  : 0.970958191948257
TimeStamp : {'2026-02-12_03-47-43'}
Opened File - 83
Process Name : afwServ.exe
PID          : 6312
No Of Threads: 42
CPU Percent  : 0.0
Ram Percent  : 0.10643798002424056
TimeStamp : {'2026-02-12_03-47-43'}
Opened File - 84
Process Name : chrome.exe
PID          : 6420
No Of Threads: 23
CPU Percent  : 19.4
Ram Percent  : 1.4591935532047837
TimeStamp : {'2026-02-12_03-47-43'}
Opened File - 85
Process Name : WmiPrvSE.exe
PID          : 6448
No Of Threads: 10
CPU Percent  : 0.9
Ram Percent  : 0.17236978832125474
TimeStamp : {'2026-02-12_03-47-43'}
Opened File - 86
Process Name : msedgewebview2.exe
PID          : 6612
No Of Threads: 28
CPU Percent  : 0.0
Ram Percent  : 0.18133068602350086
TimeStamp : {'2026-02-12_03-47-43'}
Opened File - 87
Process Name : svchost.exe
PID          : 6804
No Of Threads: 23
CPU Percent  : 0.0
Ram Percent  : 0.2794391595115072
TimeStamp : {'2026-02-12_03-47-43'}
Opened File - 88
Process Name : svchost.exe
PID          : 6828
No Of Threads: 7
CPU Percent  : 0.0
Ram Percent  : 0.021103035510167706
TimeStamp : {'2026-02-12_03-47-43'}
Opened File - 89
Process Name : svchost.exe
PID          : 6836
No Of Threads: 6
CPU Percent  : 0.0
Ram Percent  : 0.03096245141020003
TimeStamp : {'2026-02-12_03-47-43'}
Opened File - 90
Process Name : svchost.exe
PID          : 6844
No Of Threads: 16
CPU Percent  : 0.0
Ram Percent  : 0.24165282665325527
TimeStamp : {'2026-02-12_03-47-43'}
Opened File - 91
Process Name : svchost.exe
PID          : 6852
No Of Threads: 4
CPU Percent  : 0.0
Ram Percent  : 0.0075524097165272225
TimeStamp : {'2026-02-12_03-47-43'}
Opened File - 92
Process Name : OneApp.IGCC.WinService.exe
PID          : 6864
No Of Threads: 10
CPU Percent  : 0.0
Ram Percent  : 0.07600978267758908
TimeStamp : {'2026-02-12_03-47-43'}
Opened File - 93
Process Name : NahimicService.exe
PID          : 6872
No Of Threads: 24
CPU Percent  : 0.0
Ram Percent  : 0.10745791960010598
TimeStamp : {'2026-02-12_03-47-43'}
Opened File - 94
Process Name : svchost.exe
PID          : 6888
No Of Threads: 1
CPU Percent  : 0.0
Ram Percent  : 0.011656452295604715
TimeStamp : {'2026-02-12_03-47-43'}
Opened File - 95
Process Name : MSIAPService.exe
PID          : 6896
No Of Threads: 5
CPU Percent  : 0.0
Ram Percent  : 0.037009236038544974
TimeStamp : {'2026-02-12_03-47-43'}
Opened File - 96
Process Name : PnkBstrA.exe
PID          : 6912
No Of Threads: 2
CPU Percent  : 0.0
Ram Percent  : 0.010782218373434363
TimeStamp : {'2026-02-12_03-47-43'}
Opened File - 97
Process Name : jhi_service.exe
PID          : 6920
No Of Threads: 2
CPU Percent  : 0.0
Ram Percent  : 0.008620917843624322
TimeStamp : {'2026-02-12_03-47-43'}
Opened File - 98
Process Name : MSI_Central_Service.exe
PID          : 6928
No Of Threads: 2
CPU Percent  : 0.0
Ram Percent  : 0.018116069609418996
TimeStamp : {'2026-02-12_03-47-43'}
Opened File - 99
Process Name : svchost.exe
PID          : 6936
No Of Threads: 8
CPU Percent  : 0.0
Ram Percent  : 0.06146350158369904
TimeStamp : {'2026-02-12_03-47-43'}
Opened File - 100
Process Name : RemoteMouseService.exe
PID          : 6948
No Of Threads: 4
CPU Percent  : 1.3
Ram Percent  : 0.06826309875613512
TimeStamp : {'2026-02-12_03-47-43'}
Opened File - 101
Process Name : MSIService.exe
PID          : 6956
No Of Threads: 2
CPU Percent  : 0.0
Ram Percent  : 0.012093569256689892
TimeStamp : {'2026-02-12_03-47-43'}
Opened File - 102
Process Name : Lavasoft.WCAssistant.WinService.exe
PID          : 6964
No Of Threads: 9
CPU Percent  : 0.0
Ram Percent  : 0.0627991367425704
TimeStamp : {'2026-02-12_03-47-43'}
Opened File - 103
Process Name : MuseAuthService.exe
PID          : 6976
No Of Threads: 23
CPU Percent  : 0.8
Ram Percent  : 0.057675154587627495
TimeStamp : {'2026-02-12_03-47-43'}
Opened File - 104
Process Name : nvcontainer.exe
PID          : 6984
No Of Threads: 29
CPU Percent  : 0.0
Ram Percent  : 0.05927791677827315
TimeStamp : {'2026-02-12_03-47-43'}
Opened File - 105
Process Name : Mystic_Light_Service.exe
PID          : 6996
No Of Threads: 3
CPU Percent  : 0.0
Ram Percent  : 0.031181009890742618
TimeStamp : {'2026-02-12_03-47-43'}
Opened File - 106
Process Name : VoiceControl_Service.exe
PID          : 7012
No Of Threads: 3
CPU Percent  : 0.0
Ram Percent  : 0.023045777559435158
TimeStamp : {'2026-02-12_03-47-43'}
Opened File - 107
Process Name : PhoneExperienceHost.exe
PID          : 7024
No Of Threads: 17
CPU Percent  : 0.0
Ram Percent  : 0.3535790529666764
TimeStamp : {'2026-02-12_03-47-43'}
Opened File - 108
Process Name : LightKeeperService.exe
PID          : 7028
No Of Threads: 8
CPU Percent  : 0.0
Ram Percent  : 0.02846117102176818
TimeStamp : {'2026-02-12_03-47-43'}
Opened File - 109
Process Name : IntelAudioService.exe
PID          : 7036
No Of Threads: 6
CPU Percent  : 0.0
Ram Percent  : 0.024721392576928337
TimeStamp : {'2026-02-12_03-47-43'}
Opened File - 110
Process Name : esif_uf.exe
PID          : 7044
No Of Threads: 3
CPU Percent  : 0.0
Ram Percent  : 0.009665141695105578
TimeStamp : {'2026-02-12_03-47-43'}
Opened File - 111
Process Name : Sendevsvc.exe
PID          : 7052
No Of Threads: 10
CPU Percent  : 0.0
Ram Percent  : 0.12909520917382222
TimeStamp : {'2026-02-12_03-47-43'}
Opened File - 112
Process Name : SafeExamBrowser.Service.exe
PID          : 7128
No Of Threads: 4
CPU Percent  : 0.0
Ram Percent  : 0.020325938690460725
TimeStamp : {'2026-02-12_03-47-43'}
Opened File - 113
Process Name : RtkAudUService64.exe
PID          : 7156
No Of Threads: 15
CPU Percent  : 0.0
Ram Percent  : 0.02700411448481759
TimeStamp : {'2026-02-12_03-47-43'}
Opened File - 114
Process Name : CodeSetup-stable-591199df409fbf59b4b52d5ad4ee0470152a9b31.exe
PID          : 7192
No Of Threads: 1
CPU Percent  : 0.0
Ram Percent  : 0.019791684626912175
TimeStamp : {'2026-02-12_03-47-43'}
Opened File - 115
Process Name : svchost.exe
PID          : 7232
No Of Threads: 6
CPU Percent  : 0.0
Ram Percent  : 0.1160788374437303
TimeStamp : {'2026-02-12_03-47-43'}
Opened File - 116
Process Name : svchost.exe
PID          : 7236
No Of Threads: 8
CPU Percent  : 4.0
Ram Percent  : 0.1266667816122379
TimeStamp : {'2026-02-12_03-47-43'}
Opened File - 117
Process Name : Nahimic3.exe
PID          : 7432
No Of Threads: 17
CPU Percent  : 0.0
Ram Percent  : 0.008645202119240164
TimeStamp : {'2026-02-12_03-47-43'}
Opened File - 118
Process Name : svchost.exe
PID          : 7452
No Of Threads: 6
CPU Percent  : 0.0
Ram Percent  : 0.017436109892175387
TimeStamp : {'2026-02-12_03-47-43'}
Opened File - 119
Process Name : gamingservicesnet.exe
PID          : 7796
No Of Threads: 38
CPU Percent  : 0.0
Ram Percent  : 0.01330778303748205
TimeStamp : {'2026-02-12_03-47-43'}
Opened File - 120
Process Name : svchost.exe
PID          : 8284
No Of Threads: 2
CPU Percent  : 0.0
Ram Percent  : 0.011826442224915617
TimeStamp : {'2026-02-12_03-47-43'}
Opened File - 121
Process Name : OneDrive.Sync.Service.exe
PID          : 8520
No Of Threads: 17
CPU Percent  : 0.0
Ram Percent  : 0.06037070918098609
TimeStamp : {'2026-02-12_03-47-43'}
Opened File - 122
Process Name : chrome.exe
PID          : 8528
No Of Threads: 38
CPU Percent  : 2.4
Ram Percent  : 2.2336676711452537
TimeStamp : {'2026-02-12_03-47-43'}
Opened File - 123
Process Name : msedgewebview2.exe
PID          : 8768
No Of Threads: 30
CPU Percent  : 0.0
Ram Percent  : 0.0
TimeStamp : {'2026-02-12_03-47-43'}
Opened File - 124
Process Name : conhost.exe
PID          : 8988
No Of Threads: 5
CPU Percent  : 0.0
Ram Percent  : 0.02154015247125288
TimeStamp : {'2026-02-12_03-47-43'}
Opened File - 125
Process Name : msedgewebview2.exe
PID          : 9052
No Of Threads: 60
CPU Percent  : 0.0
Ram Percent  : 0.540058005420736
TimeStamp : {'2026-02-12_03-47-43'}
Opened File - 126
Process Name : svchost.exe
PID          : 9128
No Of Threads: 1
CPU Percent  : 0.0
Ram Percent  : 0.014837692401280168
TimeStamp : {'2026-02-12_03-47-43'}
Opened File - 127
Process Name : msedgewebview2.exe
PID          : 9320
No Of Threads: 10
CPU Percent  : 0.0
Ram Percent  : 0.05918077967580977
TimeStamp : {'2026-02-12_03-47-43'}
Opened File - 128
Process Name : csrss.exe
PID          : 9440
No Of Threads: 15
CPU Percent  : 0.4
Ram Percent  : 0.028145475438762217
TimeStamp : {'2026-02-12_03-47-43'}
Opened File - 129
Process Name : chrome.exe
PID          : 9492
No Of Threads: 28
CPU Percent  : 0.0
Ram Percent  : 0.624907264422492
TimeStamp : {'2026-02-12_03-47-43'}
Opened File - 130
Process Name : MSI.CentralServer.exe
PID          : 9564
No Of Threads: 13
CPU Percent  : 0.0
Ram Percent  : 0.5781600338619939
TimeStamp : {'2026-02-12_03-47-43'}
Opened File - 131
Process Name : chrome.exe
PID          : 9572
No Of Threads: 36
CPU Percent  : 0.0
Ram Percent  : 0.7697872527466123
TimeStamp : {'2026-02-12_03-47-43'}
Opened File - 132
Process Name : conhost.exe
PID          : 9736
No Of Threads: 3
CPU Percent  : 0.0
Ram Percent  : 0.00968942597072142
TimeStamp : {'2026-02-12_03-47-43'}
Opened File - 133
Process Name : WmiPrvSE.exe
PID          : 9772
No Of Threads: 6
CPU Percent  : 0.0
Ram Percent  : 0.11758446253191258
TimeStamp : {'2026-02-12_03-47-43'}
Opened File - 134
Process Name : svchost.exe
PID          : 9884
No Of Threads: 2
CPU Percent  : 0.0
Ram Percent  : 0.007916673850764869
TimeStamp : {'2026-02-12_03-47-43'}
Opened File - 135
Process Name : svchost.exe
PID          : 9888
No Of Threads: 4
CPU Percent  : 0.0
Ram Percent  : 0.020350222966076567
TimeStamp : {'2026-02-12_03-47-43'}
Opened File - 136
Process Name : AggregatorHost.exe
PID          : 10164
No Of Threads: 3
CPU Percent  : 0.0
Ram Percent  : 0.047621464482668435
TimeStamp : {'2026-02-12_03-47-43'}
Opened File - 137
Process Name : conhost.exe
PID          : 10316
No Of Threads: 2
CPU Percent  : 0.0
Ram Percent  : 0.019937390280607235
TimeStamp : {'2026-02-12_03-47-43'}
Opened File - 138
Process Name : NisSrv.exe
PID          : 10352
No Of Threads: 16
CPU Percent  : 0.4
Ram Percent  : 0.0638676448696675
TimeStamp : {'2026-02-12_03-47-43'}
Opened File - 139
Process Name : svchost.exe
PID          : 10384
No Of Threads: 10
CPU Percent  : 0.0
Ram Percent  : 0.12110568249620983
TimeStamp : {'2026-02-12_03-47-43'}
Opened File - 140
Process Name : LinkedIn.exe
PID          : 10624
No Of Threads: 21
CPU Percent  : 0.0
Ram Percent  : 0.32242232735154963
TimeStamp : {'2026-02-12_03-47-43'}
Opened File - 141
Process Name : CrossDeviceResume.exe
PID          : 10752
No Of Threads: 6
CPU Percent  : 0.0
Ram Percent  : 0.10794360511242283
TimeStamp : {'2026-02-12_03-47-43'}
Opened File - 142
Process Name : ShellHost.exe
PID          : 10840
No Of Threads: 6
CPU Percent  : 0.0
Ram Percent  : 0.107919320836807
TimeStamp : {'2026-02-12_03-47-43'}
Opened File - 143
Process Name : Code.exe
PID          : 10848
No Of Threads: 17
CPU Percent  : 0.0
Ram Percent  : 3.299868792058848
TimeStamp : {'2026-02-12_03-47-43'}
Opened File - 144
Process Name : PresentationFontCache.exe
PID          : 11016
No Of Threads: 4
CPU Percent  : 0.0
Ram Percent  : 0.018480333743656645
TimeStamp : {'2026-02-12_03-47-43'}
Opened File - 145
Process Name : RuntimeBroker.exe
PID          : 11092
No Of Threads: 3
CPU Percent  : 0.0
Ram Percent  : 0.023725737276678763
TimeStamp : {'2026-02-12_03-47-43'}
Opened File - 146
Process Name : SystemSettings.exe
PID          : 11164
No Of Threads: 47
CPU Percent  : 0.0
Ram Percent  : 0.006411048762582594
TimeStamp : {'2026-02-12_03-47-43'}
Opened File - 147
Process Name : svchost.exe
PID          : 11372
No Of Threads: 12
CPU Percent  : 0.0
Ram Percent  : 0.08951183991999788
TimeStamp : {'2026-02-12_03-47-43'}
Opened File - 148
Process Name : OpenConsole.exe
PID          : 11524
No Of Threads: 4
CPU Percent  : 0.0
Ram Percent  : 0.031181009890742618
TimeStamp : {'2026-02-12_03-47-43'}
Opened File - 149
Process Name : svchost.exe
PID          : 11612
No Of Threads: 8
CPU Percent  : 0.0
Ram Percent  : 0.13077082419131542
TimeStamp : {'2026-02-12_03-47-43'}
Opened File - 150
Process Name : CrossDeviceService.exe
PID          : 12012
No Of Threads: 12
CPU Percent  : 0.0
Ram Percent  : 0.2152315347832179
TimeStamp : {'2026-02-12_03-47-43'}
Opened File - 151
Process Name : NahimicAPO4Volume.exe
PID          : 12024
No Of Threads: 1
CPU Percent  : 0.0
Ram Percent  : 0.015396230740444562
TimeStamp : {'2026-02-12_03-47-43'}
Opened File - 152
Process Name : msedgewebview2.exe
PID          : 12096
No Of Threads: 23
CPU Percent  : 0.0
Ram Percent  : 0.0
TimeStamp : {'2026-02-12_03-47-43'}
Opened File - 153
Process Name : msedge.exe
PID          : 12120
No Of Threads: 9
CPU Percent  : 0.0
Ram Percent  : 0.09203740458404558
TimeStamp : {'2026-02-12_03-47-43'}
Opened File - 154
Process Name : svchost.exe
PID          : 12128
No Of Threads: 5
CPU Percent  : 0.0
Ram Percent  : 0.01699899293109021
TimeStamp : {'2026-02-12_03-47-43'}
Opened File - 155
Process Name : explorer.exe
PID          : 12236
No Of Threads: 88
CPU Percent  : 1.5
Ram Percent  : 2.7828565641975467
TimeStamp : {'2026-02-12_03-47-43'}
Opened File - 156
Process Name : nvcontainer.exe
PID          : 12268
No Of Threads: 17
CPU Percent  : 0.0
Ram Percent  : 0.08018667808351411
TimeStamp : {'2026-02-12_03-47-43'}
Opened File - 157
Process Name : Code.exe
PID          : 12308
No Of Threads: 12
CPU Percent  : 0.0
Ram Percent  : 0.4397639471273037
TimeStamp : {'2026-02-12_03-47-43'}
Opened File - 158
Process Name : msedgewebview2.exe
PID          : 12500
No Of Threads: 22
CPU Percent  : 0.0
Ram Percent  : 0.03620785494322215
TimeStamp : {'2026-02-12_03-47-43'}
Opened File - 159
Process Name : BraveCrashHandler64.exe
PID          : 12640
No Of Threads: 3
CPU Percent  : 0.0
Ram Percent  : 0.0063624802113509075
TimeStamp : {'2026-02-12_03-47-43'}
Opened File - 160
Process Name : StartMenuExperienceHost.exe
PID          : 12668
No Of Threads: 18
CPU Percent  : 0.0
Ram Percent  : 0.6064997835056829
TimeStamp : {'2026-02-12_03-47-43'}
Opened File - 161
Process Name : msedgewebview2.exe
PID          : 12740
No Of Threads: 23
CPU Percent  : 0.0
Ram Percent  : 0.4422652275157356
TimeStamp : {'2026-02-12_03-47-43'}
Opened File - 162
Process Name : chrome.exe
PID          : 12768
No Of Threads: 24
CPU Percent  : 0.0
Ram Percent  : 0.2127059701191702
TimeStamp : {'2026-02-12_03-47-43'}
Opened File - 163
Process Name : chrome.exe
PID          : 12800
No Of Threads: 32
CPU Percent  : 0.0
Ram Percent  : 1.0410426113755804
TimeStamp : {'2026-02-12_03-47-43'}
Opened File - 164
Process Name : nvcontainer.exe
PID          : 12896
No Of Threads: 61
CPU Percent  : 0.0
Ram Percent  : 0.24286704043404742
TimeStamp : {'2026-02-12_03-47-43'}
Opened File - 165
Process Name : svchost.exe
PID          : 13124
No Of Threads: 9
CPU Percent  : 0.0
Ram Percent  : 0.10238250599639476
TimeStamp : {'2026-02-12_03-47-43'}
Opened File - 166
Process Name : AppleMobileDeviceProcess.exe
PID          : 13168
No Of Threads: 9
CPU Percent  : 0.0
Ram Percent  : 0.029311120668322692
TimeStamp : {'2026-02-12_03-47-43'}
Opened File - 167
Process Name : svchost.exe
PID          : 13224
No Of Threads: 6
CPU Percent  : 0.0
Ram Percent  : 0.05796656589501761
TimeStamp : {'2026-02-12_03-47-43'}
Opened File - 168
Process Name : ONENOTEM.EXE
PID          : 13320
No Of Threads: 2
CPU Percent  : 0.0
Ram Percent  : 0.021394446817557825
TimeStamp : {'2026-02-12_03-47-43'}
Opened File - 169
Process Name : NortonUI.exe
PID          : 13424
No Of Threads: 18
CPU Percent  : 0.0
Ram Percent  : 0.0789481800271061
TimeStamp : {'2026-02-12_03-47-43'}
Opened File - 170
Process Name : NortonUI.exe
PID          : 13436
No Of Threads: 18
CPU Percent  : 0.0
Ram Percent  : 0.08159516606923302
TimeStamp : {'2026-02-12_03-47-43'}
Opened File - 171
Process Name : NVDisplay.Container.exe
PID          : 13472
No Of Threads: 28
CPU Percent  : 0.0
Ram Percent  : 0.09944410864687775
TimeStamp : {'2026-02-12_03-47-43'}
Opened File - 172
Process Name : svchost.exe
PID          : 13536
No Of Threads: 11
CPU Percent  : 0.0
Ram Percent  : 0.16170899132589958
TimeStamp : {'2026-02-12_03-47-43'}
Opened File - 173
Process Name : msedgewebview2.exe
PID          : 13712
No Of Threads: 7
CPU Percent  : 0.0
Ram Percent  : 0.019888821729375547
TimeStamp : {'2026-02-12_03-47-43'}
Opened File - 174
Process Name : RuntimeBroker.exe
PID          : 13812
No Of Threads: 3
CPU Percent  : 0.0
Ram Percent  : 0.08744767649265121
TimeStamp : {'2026-02-12_03-47-43'}
Opened File - 175
Process Name : svchost.exe
PID          : 13968
No Of Threads: 24
CPU Percent  : 1.1
Ram Percent  : 0.20644062701028268
TimeStamp : {'2026-02-12_03-47-43'}
Opened File - 176
Process Name : chrome.exe
PID          : 14140
No Of Threads: 11
CPU Percent  : 0.0
Ram Percent  : 0.07831678886109418
TimeStamp : {'2026-02-12_03-47-43'}
Opened File - 177
Process Name : winlogon.exe
PID          : 14304
No Of Threads: 3
CPU Percent  : 0.0
Ram Percent  : 0.03137528409566936
TimeStamp : {'2026-02-12_03-47-43'}
Opened File - 178
Process Name : SearchHost.exe
PID          : 14652
No Of Threads: 59
CPU Percent  : 0.0
Ram Percent  : 0.7301067463903246
TimeStamp : {'2026-02-12_03-47-43'}
Opened File - 179
Process Name : fontdrvhost.exe
PID          : 15040
No Of Threads: 5
CPU Percent  : 0.0
Ram Percent  : 0.01962169469760127
TimeStamp : {'2026-02-12_03-47-43'}
Opened File - 180
Process Name : sihost.exe
PID          : 15340
No Of Threads: 14
CPU Percent  : 0.0
Ram Percent  : 0.2017051932651933
TimeStamp : {'2026-02-12_03-47-43'}
Opened File - 181
Process Name : svchost.exe
PID          : 15664
No Of Threads: 7
CPU Percent  : 0.0
Ram Percent  : 0.10388813108457703
TimeStamp : {'2026-02-12_03-47-43'}
Opened File - 182
Process Name : NahimicSvc64.exe
PID          : 15752
No Of Threads: 22
CPU Percent  : 0.0
Ram Percent  : 0.04725720034843079
TimeStamp : {'2026-02-12_03-47-43'}
Opened File - 183
Process Name : Code.exe
PID          : 15784
No Of Threads: 48
CPU Percent  : 0.0
Ram Percent  : 0.7446287432085987
TimeStamp : {'2026-02-12_03-47-43'}
Opened File - 184
Process Name : msedgewebview2.exe
PID          : 15844
No Of Threads: 32
CPU Percent  : 0.0
Ram Percent  : 1.4280853961408886
TimeStamp : {'2026-02-12_03-47-43'}
Opened File - 185
Process Name : NVIDIA Overlay.exe
PID          : 15892
No Of Threads: 19
CPU Percent  : 0.0
Ram Percent  : 0.09648142702174486
TimeStamp : {'2026-02-12_03-47-43'}
Opened File - 186
Process Name : WidgetService.exe
PID          : 15976
No Of Threads: 5
CPU Percent  : 0.0
Ram Percent  : 0.05743231183146907
TimeStamp : {'2026-02-12_03-47-43'}
Opened File - 187
Process Name : msedgewebview2.exe
PID          : 16088
No Of Threads: 10
CPU Percent  : 0.0
Ram Percent  : 0.0
TimeStamp : {'2026-02-12_03-47-43'}
Opened File - 188
Process Name : AppActions.exe
PID          : 16116
No Of Threads: 7
CPU Percent  : 0.0
Ram Percent  : 0.09708853391214095
TimeStamp : {'2026-02-12_03-47-43'}
Opened File - 189
Process Name : audiodg.exe
PID          : 16164
No Of Threads: 19
CPU Percent  : 10.2
Ram Percent  : 0.16107760015988767
TimeStamp : {'2026-02-12_03-47-43'}
Opened File - 190
Process Name : SearchFilterHost.exe
PID          : 16396
No Of Threads: 6
CPU Percent  : 0.0
Ram Percent  : 0.19772257206419502
TimeStamp : {'2026-02-12_03-47-43'}
Opened File - 191
Process Name : RuntimeBroker.exe
PID          : 16696
No Of Threads: 2
CPU Percent  : 0.0
Ram Percent  : 0.06255629398641198
TimeStamp : {'2026-02-12_03-47-43'}
Opened File - 192
Process Name : msedgewebview2.exe
PID          : 16888
No Of Threads: 8
CPU Percent  : 0.0
Ram Percent  : 0.026178449113878923
TimeStamp : {'2026-02-12_03-47-43'}
Opened File - 193
Process Name : svchost.exe
PID          : 17156
No Of Threads: 17
CPU Percent  : 0.0
Ram Percent  : 0.10631655864616135
TimeStamp : {'2026-02-12_03-47-43'}
Opened File - 194
Process Name : MoNotificationUx.exe
PID          : 17256
No Of Threads: 1
CPU Percent  : 0.0
Ram Percent  : 0.056169529499445224
TimeStamp : {'2026-02-12_03-47-43'}
Opened File - 195
Process Name : BraveCrashHandler.exe
PID          : 17352
No Of Threads: 3
CPU Percent  : 0.0
Ram Percent  : 0.011049345405208638
TimeStamp : {'2026-02-12_03-47-43'}
Opened File - 196
Process Name : nvsphelper64.exe
PID          : 17376
No Of Threads: 6
CPU Percent  : 0.3
Ram Percent  : 0.027951201233835477
TimeStamp : {'2026-02-12_03-47-43'}
Opened File - 197
Process Name : msedgewebview2.exe
PID          : 17468
No Of Threads: 7
CPU Percent  : 0.0
Ram Percent  : 0.03215238091537634
TimeStamp : {'2026-02-12_03-47-43'}
Opened File - 198
Process Name : msedgewebview2.exe
PID          : 17516
No Of Threads: 22
CPU Percent  : 0.0
Ram Percent  : 0.000752812544091138
TimeStamp : {'2026-02-12_03-47-43'}
Opened File - 199
Process Name : RuntimeBroker.exe
PID          : 17664
No Of Threads: 2
CPU Percent  : 0.0
Ram Percent  : 0.02137016254194198
TimeStamp : {'2026-02-12_03-47-43'}
Opened File - 200
Process Name : msedge.exe
PID          : 17844
No Of Threads: 23
CPU Percent  : 0.0
Ram Percent  : 0.3276434466089559
TimeStamp : {'2026-02-12_03-47-43'}
Opened File - 201
Process Name : WmiPrvSE.exe
PID          : 17908
No Of Threads: 5
CPU Percent  : 0.0
Ram Percent  : 0.029821090456255396
TimeStamp : {'2026-02-12_03-47-43'}
Opened File - 202
Process Name : RuntimeBroker.exe
PID          : 17988
No Of Threads: 3
CPU Percent  : 0.0
Ram Percent  : 0.12112996677182566
TimeStamp : {'2026-02-12_03-47-43'}
Opened File - 203
Process Name : msedge.exe
PID          : 18064
No Of Threads: 15
CPU Percent  : 0.0
Ram Percent  : 0.7543181691793202
TimeStamp : {'2026-02-12_03-47-43'}
Opened File - 204
Process Name : svchost.exe
PID          : 18160
No Of Threads: 10
CPU Percent  : 0.0
Ram Percent  : 0.03613500211637462
TimeStamp : {'2026-02-12_03-47-43'}
Opened File - 205
Process Name : SecurityHealthService.exe
PID          : 18236
No Of Threads: 11
CPU Percent  : 0.0
Ram Percent  : 0.09699139680967758
TimeStamp : {'2026-02-12_03-47-43'}
Opened File - 206
Process Name : NortonUI.exe
PID          : 18488
No Of Threads: 55
CPU Percent  : 0.0
Ram Percent  : 0.45838998652465546
TimeStamp : {'2026-02-12_03-47-43'}
Opened File - 207
Process Name : MSI.TerminalServer.exe
PID          : 18520
No Of Threads: 6
CPU Percent  : 0.0
Ram Percent  : 0.027854064131372102
TimeStamp : {'2026-02-12_03-47-43'}
Opened File - 208
Process Name : ctfmon.exe
PID          : 18548
No Of Threads: 15
CPU Percent  : 0.0
Ram Percent  : 0.11850726500531462
TimeStamp : {'2026-02-12_03-47-43'}
Opened File - 209
Process Name : svchost.exe
PID          : 18660
No Of Threads: 3
CPU Percent  : 0.0
Ram Percent  : 0.025935606357720496
TimeStamp : {'2026-02-12_03-47-43'}
Opened File - 210
Process Name : svchost.exe
PID          : 18956
No Of Threads: 7
CPU Percent  : 0.0
Ram Percent  : 0.07411560917955332
TimeStamp : {'2026-02-12_03-47-43'}
Opened File - 211
Process Name : msedgewebview2.exe
PID          : 19296
No Of Threads: 31
CPU Percent  : 0.0
Ram Percent  : 0.2267179971495117
TimeStamp : {'2026-02-12_03-47-43'}
Opened File - 212
Process Name : msedgewebview2.exe
PID          : 19340
No Of Threads: 7
CPU Percent  : 0.0
Ram Percent  : 0.028194043989993908
TimeStamp : {'2026-02-12_03-47-43'}
Opened File - 213
Process Name : Widgets.exe
PID          : 19508
No Of Threads: 11
CPU Percent  : 0.0
Ram Percent  : 0.24505262523947333
TimeStamp : {'2026-02-12_03-47-43'}
Opened File - 214
Process Name : svchost.exe
PID          : 19700
No Of Threads: 2
CPU Percent  : 0.0
Ram Percent  : 0.010660796995355147
TimeStamp : {'2026-02-12_03-47-43'}
Opened File - 215
Process Name : NortonUI.exe
PID          : 20124
No Of Threads: 17
CPU Percent  : 0.0
Ram Percent  : 0.043323147698664195
TimeStamp : {'2026-02-12_03-47-43'}
Opened File - 216
Process Name : msedgewebview2.exe
PID          : 20216
No Of Threads: 51
CPU Percent  : 0.0
Ram Percent  : 0.01022368003426997
TimeStamp : {'2026-02-12_03-47-43'}
Opened File - 217
Process Name : svchost.exe
PID          : 20288
No Of Threads: 5
CPU Percent  : 0.0
Ram Percent  : 0.02765978992644536
TimeStamp : {'2026-02-12_03-47-43'}
Opened File - 218
Process Name : ApplicationFrameHost.exe
PID          : 20368
No Of Threads: 6
CPU Percent  : 0.0
Ram Percent  : 0.11396610546515193
TimeStamp : {'2026-02-12_03-47-43'}
Opened File - 219
Process Name : pet.exe
PID          : 20388
No Of Threads: 1
CPU Percent  : 0.0
Ram Percent  : 0.021734426676179627
TimeStamp : {'2026-02-12_03-47-43'}
Opened File - 220
Process Name : msedge.exe
PID          : 20536
No Of Threads: 30
CPU Percent  : 0.0
Ram Percent  : 0.873116845492025
TimeStamp : {'2026-02-12_03-47-43'}
Opened File - 221
Process Name : Code.exe
PID          : 20720
No Of Threads: 26
CPU Percent  : 0.0
Ram Percent  : 1.7585458187212823
TimeStamp : {'2026-02-12_03-47-43'}
Opened File - 222
Process Name : msedgewebview2.exe
PID          : 20788
No Of Threads: 10
CPU Percent  : 0.0
Ram Percent  : 0.012676391871470129
TimeStamp : {'2026-02-12_03-47-43'}
Opened File - 223
Process Name : svchost.exe
PID          : 20820
No Of Threads: 12
CPU Percent  : 0.0
Ram Percent  : 0.1279052796686459
TimeStamp : {'2026-02-12_03-47-43'}
Opened File - 224
Process Name : svchost.exe
PID          : 20836
No Of Threads: 9
CPU Percent  : 1.6
Ram Percent  : 0.21948128301599049
TimeStamp : {'2026-02-12_03-47-43'}
Opened File - 225
Process Name : Code.exe
PID          : 20928
No Of Threads: 28
CPU Percent  : 0.3
Ram Percent  : 2.7695973497112965
TimeStamp : {'2026-02-12_03-47-43'}
Opened File - 226
Process Name : RtkUWP.exe
PID          : 21120
No Of Threads: 16
CPU Percent  : 0.0
Ram Percent  : 0.21005898407704332
TimeStamp : {'2026-02-12_03-47-43'}
Opened File - 227
Process Name : msedgewebview2.exe
PID          : 21224
No Of Threads: 22
CPU Percent  : 0.0
Ram Percent  : 0.24306131463897418
TimeStamp : {'2026-02-12_03-47-43'}
Opened File - 228
Process Name : ms-teams.exe
PID          : 21304
No Of Threads: 62
CPU Percent  : 0.0
Ram Percent  : 0.21778138372288142
TimeStamp : {'2026-02-12_03-47-43'}
Opened File - 229
Process Name : MpDefenderCoreService.exe
PID          : 21360
No Of Threads: 11
CPU Percent  : 0.0
Ram Percent  : 0.10160540917668777
TimeStamp : {'2026-02-12_03-47-43'}
Opened File - 230
Process Name : RuntimeBroker.exe
PID          : 21480
No Of Threads: 2
CPU Percent  : 0.0
Ram Percent  : 0.03076817720527328
TimeStamp : {'2026-02-12_03-47-43'}
Opened File - 231
Process Name : MsMpEng.exe
PID          : 21624
No Of Threads: 66
CPU Percent  : 7.6
Ram Percent  : 1.3588266420845039
TimeStamp : {'2026-02-12_03-47-43'}
Opened File - 232
Process Name : msedgewebview2.exe
PID          : 21724
No Of Threads: 22
CPU Percent  : 0.0
Ram Percent  : 0.18810599892032112
TimeStamp : {'2026-02-12_03-47-43'}
Opened File - 233
Process Name : dllhost.exe
PID          : 21888
No Of Threads: 3
CPU Percent  : 0.0
Ram Percent  : 0.025862753530872962
TimeStamp : {'2026-02-12_03-47-43'}
Opened File - 234
Process Name : chrome.exe
PID          : 21928
No Of Threads: 36
CPU Percent  : 0.3
Ram Percent  : 0.8507267433742175
TimeStamp : {'2026-02-12_03-47-43'}
Opened File - 235
Process Name : svchost.exe
PID          : 22056
No Of Threads: 6
CPU Percent  : 0.0
Ram Percent  : 0.01959741042198543
TimeStamp : {'2026-02-12_03-47-43'}
Opened File - 236
Process Name : Code.exe
PID          : 22220
No Of Threads: 8
CPU Percent  : 0.0
Ram Percent  : 0.3233208455493358
TimeStamp : {'2026-02-12_03-47-43'}
Opened File - 237
Process Name : OmApSvcBroker.exe
PID          : 22324
No Of Threads: 24
CPU Percent  : 0.0
Ram Percent  : 0.09274164857690502
TimeStamp : {'2026-02-12_03-47-43'}
Opened File - 238
Process Name : svchost.exe
PID          : 22432
No Of Threads: 5
CPU Percent  : 0.0
Ram Percent  : 0.01685328727739515
TimeStamp : {'2026-02-12_03-47-43'}
Opened File - 239
Process Name : chrome.exe
PID          : 22516
No Of Threads: 28
CPU Percent  : 0.0
Ram Percent  : 0.24655825032765558
TimeStamp : {'2026-02-12_03-47-43'}
Opened File - 240
Process Name : msedgewebview2.exe
PID          : 22540
No Of Threads: 10
CPU Percent  : 0.0
Ram Percent  : 0.017824658302028878
TimeStamp : {'2026-02-12_03-47-43'}
Opened File - 241
Process Name : msedgewebview2.exe
PID          : 22556
No Of Threads: 23
CPU Percent  : 0.0
Ram Percent  : 0.07239142561082845
TimeStamp : {'2026-02-12_03-47-43'}
Opened File - 242
Process Name : WmiApSrv.exe
PID          : 22624
No Of Threads: 3
CPU Percent  : 0.0
Ram Percent  : 0.04924851094892992
TimeStamp : {'2026-02-12_03-47-43'}
Opened File - 243
Process Name : chrome.exe
PID          : 22748
No Of Threads: 8
CPU Percent  : 0.0
Ram Percent  : 0.027975485509451316
TimeStamp : {'2026-02-12_03-47-43'}
Opened File - 244
Process Name : svchost.exe
PID          : 22852
No Of Threads: 3
CPU Percent  : 0.0
Ram Percent  : 0.010442238514812557
TimeStamp : {'2026-02-12_03-47-43'}
Opened File - 245
Process Name : WhatsApp.Root.exe
PID          : 22972
No Of Threads: 37
CPU Percent  : 0.0
Ram Percent  : 1.2679063141787872
TimeStamp : {'2026-02-12_03-47-43'}
Opened File - 246
Process Name : msedge.exe
PID          : 23204
No Of Threads: 14
CPU Percent  : 0.0
Ram Percent  : 0.22645087011773746
TimeStamp : {'2026-02-12_03-47-43'}
Opened File - 247
Process Name : SearchFilterHost.exe
PID          : 23444
No Of Threads: 4
CPU Percent  : 0.0
Ram Percent  : 0.07443130476255928
TimeStamp : {'2026-02-12_03-47-43'}
Opened File - 248
Process Name : msedgewebview2.exe
PID          : 23484
No Of Threads: 34
CPU Percent  : 0.3
Ram Percent  : 3.1287860703452326
TimeStamp : {'2026-02-12_03-47-43'}
Opened File - 249
Process Name : chrome.exe
PID          : 23584
No Of Threads: 16
CPU Percent  : 2.5
Ram Percent  : 0.10376670970649782
TimeStamp : {'2026-02-12_03-47-43'}
Opened File - 250
Process Name : ms-teamsupdate.exe
PID          : 23652
No Of Threads: 8
CPU Percent  : 0.0
Ram Percent  : 0.10665653850478315
TimeStamp : {'2026-02-12_03-47-43'}
Opened File - 251
Process Name : backgroundTaskHost.exe
PID          : 23752
No Of Threads: 10
CPU Percent  : 0.0
Ram Percent  : 0.23550890492244694
TimeStamp : {'2026-02-12_03-47-43'}
Opened File - 252
Process Name : Code.exe
PID          : 23892
No Of Threads: 20
CPU Percent  : 0.0
Ram Percent  : 0.144151460055645
TimeStamp : {'2026-02-12_03-47-43'}
Opened File - 253
Process Name : msedgewebview2.exe
PID          : 24032
No Of Threads: 26
CPU Percent  : 0.0
Ram Percent  : 0.10194538903530957
TimeStamp : {'2026-02-12_03-47-43'}
Opened File - 254
Process Name : gamingservices.exe
PID          : 24092
No Of Threads: 122
CPU Percent  : 0.0
Ram Percent  : 0.1171473455708274
TimeStamp : {'2026-02-12_03-47-43'}
Opened File - 255
Process Name : OpenConsole.exe
PID          : 24672
No Of Threads: 9
CPU Percent  : 0.0
Ram Percent  : 0.09881271748086581
TimeStamp : {'2026-02-12_03-47-43'}
Opened File - 256
Process Name : RemoteMouseCore.exe
PID          : 24756
No Of Threads: 7
CPU Percent  : 0.0
Ram Percent  : 0.04104042579077494
TimeStamp : {'2026-02-12_03-47-43'}
Opened File - 257
Process Name : NVIDIA Overlay.exe
PID          : 24852
No Of Threads: 83
CPU Percent  : 0.0
Ram Percent  : 0.5744688239683857
TimeStamp : {'2026-02-12_03-47-43'}
Opened File - 258
Process Name : powershell.exe
PID          : 24884
No Of Threads: 11
CPU Percent  : 0.0
Ram Percent  : 0.17091273178430416
TimeStamp : {'2026-02-12_03-47-43'}
Opened File - 259
Process Name : SearchFilterHost.exe
PID          : 25088
No Of Threads: 5
CPU Percent  : 0.0
Ram Percent  : 0.10864784910528229
TimeStamp : {'2026-02-12_03-47-43'}
Opened File - 260
Process Name : csrss.exe
PID          : 25136
No Of Threads: 2
CPU Percent  : 0.0
Ram Percent  : 0.007746683921453968
TimeStamp : {'2026-02-12_03-47-43'}
Opened File - 261
Process Name : chrome.exe
PID          : 25352
No Of Threads: 23
CPU Percent  : 12.4
Ram Percent  : 0.41717957080456963
TimeStamp : {'2026-02-12_03-47-43'}
Opened File - 262
Process Name : MuseHub.exe
PID          : 25376
No Of Threads: 33
CPU Percent  : 0.3
Ram Percent  : 0.26661706198634205
TimeStamp : {'2026-02-12_03-47-43'}
Opened File - 263
Process Name : conhost.exe
PID          : 25992
No Of Threads: 2
CPU Percent  : 0.0
Ram Percent  : 0.014133448408420719
TimeStamp : {'2026-02-12_03-47-43'}
Opened File - 264
Process Name : chrome.exe
PID          : 25996
No Of Threads: 36
CPU Percent  : 0.3
Ram Percent  : 0.7864948343703123
TimeStamp : {'2026-02-12_03-47-43'}
Opened File - 265
Process Name : AppVShNotify.exe
PID          : 26160
No Of Threads: 1
CPU Percent  : 0.0
Ram Percent  : 0.01651330741877335
TimeStamp : {'2026-02-12_03-47-43'}
Opened File - 266
Process Name : Code.exe
PID          : 26520
No Of Threads: 9
CPU Percent  : 0.0
Ram Percent  : 0.3456623791159115
TimeStamp : {'2026-02-12_03-47-43'}
Opened File - 267
Process Name : dllhost.exe
PID          : 26816
No Of Threads: 6
CPU Percent  : 0.0
Ram Percent  : 0.0757912241970465
TimeStamp : {'2026-02-12_03-47-43'}
Opened File - 268
Process Name : svchost.exe
PID          : 26824
No Of Threads: 5
CPU Percent  : 0.0
Ram Percent  : 0.0883947632416691
TimeStamp : {'2026-02-12_03-47-43'}
Opened File - 269
Process Name : svchost.exe
PID          : 26840
No Of Threads: 2
CPU Percent  : 0.0
Ram Percent  : 0.013890605652262288
TimeStamp : {'2026-02-12_03-47-43'}
Opened File - 270
Process Name : Code.exe
PID          : 26944
No Of Threads: 27
CPU Percent  : 0.0
Ram Percent  : 0.20248229008490026
TimeStamp : {'2026-02-12_03-47-43'}
Opened File - 271
Process Name : svchost.exe
PID          : 27036
No Of Threads: 11
CPU Percent  : 0.0
Ram Percent  : 0.21571722029553475
TimeStamp : {'2026-02-12_03-47-43'}
Opened File - 272
Process Name : chrome.exe
PID          : 27196
No Of Threads: 22
CPU Percent  : 0.0
Ram Percent  : 0.38335157487170013
TimeStamp : {'2026-02-12_03-47-43'}
Opened File - 273
Process Name : Code.exe
PID          : 27392
No Of Threads: 10
CPU Percent  : 0.0
Ram Percent  : 0.35746453706521125
TimeStamp : {'2026-02-12_03-47-43'}
Opened File - 274
Process Name : RuntimeBroker.exe
PID          : 27432
No Of Threads: 2
CPU Percent  : 0.0
Ram Percent  : 0.05240546677898954
TimeStamp : {'2026-02-12_03-47-43'}
Opened File - 275
Process Name : WindowsTerminal.exe
PID          : 27704
No Of Threads: 11
CPU Percent  : 0.0
Ram Percent  : 0.6567925183060941
TimeStamp : {'2026-02-12_03-47-43'}
Opened File - 276
Process Name : msedge.exe
PID          : 27744
No Of Threads: 59
CPU Percent  : 0.0
Ram Percent  : 1.1026032500617426
TimeStamp : {'2026-02-12_03-47-43'}
Opened File - 277
Process Name : Code.exe
PID          : 27964
No Of Threads: 7
CPU Percent  : 0.0
Ram Percent  : 0.04956420653193589
TimeStamp : {'2026-02-12_03-47-43'}
Opened File - 278
Process Name : chrome.exe
PID          : 28100
No Of Threads: 30
CPU Percent  : 2.4
Ram Percent  : 0.39408522469390284
TimeStamp : {'2026-02-12_03-47-43'}
Opened File - 279
Process Name : msedgewebview2.exe
PID          : 28132
No Of Threads: 24
CPU Percent  : 0.0
Ram Percent  : 0.1682414614665614
TimeStamp : {'2026-02-12_03-47-43'}
Opened File - 280
Process Name : NVIDIA Overlay.exe
PID          : 28440
No Of Threads: 31
CPU Percent  : 0.3
Ram Percent  : 0.1645259672973374
TimeStamp : {'2026-02-12_03-47-43'}
Opened File - 281
Process Name : svchost.exe
PID          : 28628
No Of Threads: 8
CPU Percent  : 0.0
Ram Percent  : 0.15517652118523778
TimeStamp : {'2026-02-12_03-47-43'}
Opened File - 282
Process Name : RuntimeBroker.exe
PID          : 28972
No Of Threads: 3
CPU Percent  : 0.0
Ram Percent  : 0.049879902114941845
TimeStamp : {'2026-02-12_03-47-43'}
Opened File - 283
Process Name : chrome.exe
PID          : 29444
No Of Threads: 67
CPU Percent  : 90.0
Ram Percent  : 3.5571121236574745
TimeStamp : {'2026-02-12_03-47-43'}
Opened File - 284
Process Name : RtkAudUService64.exe
PID          : 29596
No Of Threads: 9
CPU Percent  : 0.0
Ram Percent  : 0.06838452013421434
TimeStamp : {'2026-02-12_03-47-43'}
Opened File - 285
Process Name : SearchProtocolHost.exe
PID          : 29720
No Of Threads: 5
CPU Percent  : 0.0
Ram Percent  : 0.1220527692452277
TimeStamp : {'2026-02-12_03-47-43'}
Opened File - 286
Process Name : NVIDIA Overlay.exe
PID          : 29880
No Of Threads: 11
CPU Percent  : 0.0
Ram Percent  : 0.04587299663832773
TimeStamp : {'2026-02-12_03-47-43'}
Opened File - 287
Process Name : msedgewebview2.exe
PID          : 29976
No Of Threads: 14
CPU Percent  : 0.0
Ram Percent  : 0.04388168603782859
TimeStamp : {'2026-02-12_03-47-43'}
Opened File - 288
Process Name : WebCompanion.exe
PID          : 30072
No Of Threads: 14
CPU Percent  : 0.0
Ram Percent  : 0.16163613849905206
TimeStamp : {'2026-02-12_03-47-43'}
Opened File - 289
Process Name : UserOOBEBroker.exe
PID          : 30080
No Of Threads: 1
CPU Percent  : 0.0
Ram Percent  : 0.02328862031559359
TimeStamp : {'2026-02-12_03-47-43'}
Opened File - 290
Process Name : svchost.exe
PID          : 30264
No Of Threads: 3
CPU Percent  : 0.0
Ram Percent  : 0.021782995227411315
TimeStamp : {'2026-02-12_03-47-43'}
Opened File - 291
Process Name : OfficeClickToRun.exe
PID          : 30272
No Of Threads: 21
CPU Percent  : 0.0
Ram Percent  : 0.12494259804351304
TimeStamp : {'2026-02-12_03-47-43'}
Opened File - 292
Process Name : NVIDIA Overlay.exe
PID          : 30300
No Of Threads: 19
CPU Percent  : 0.0
Ram Percent  : 0.22336676711452538
TimeStamp : {'2026-02-12_03-47-43'}
Opened File - 293
Process Name : svchost.exe
PID          : 30496
No Of Threads: 3
CPU Percent  : 0.0
Ram Percent  : 0.015954769079608955
TimeStamp : {'2026-02-12_03-47-43'}
Opened File - 294
Process Name : WmiPrvSE.exe
PID          : 30656
No Of Threads: 4
CPU Percent  : 0.0
Ram Percent  : 0.08244511571578753
TimeStamp : {'2026-02-12_03-47-43'}
Opened File - 295
Process Name : AppleMobileDeviceLauncher.exe
PID          : 30776
No Of Threads: 3
CPU Percent  : 0.0
Ram Percent  : 0.03035534451980395
TimeStamp : {'2026-02-12_03-47-43'}
Opened File - 296
Process Name : nvcontainer.exe
PID          : 30924
No Of Threads: 20
CPU Percent  : 0.0
Ram Percent  : 0.08776337207565718
TimeStamp : {'2026-02-12_03-47-43'}
Opened File - 297
Process Name : chrome.exe
PID          : 30960
No Of Threads: 30
CPU Percent  : 0.0
Ram Percent  : 1.5480740019587698
TimeStamp : {'2026-02-12_03-47-43'}
Opened File - 298
Process Name : nahimicNotifSys.exe
PID          : 31312
No Of Threads: 11
CPU Percent  : 0.0
Ram Percent  : 0.09616573143873891
TimeStamp : {'2026-02-12_03-47-43'}
Opened File - 299
Process Name : NahimicSvc32.exe
PID          : 31448
No Of Threads: 13
CPU Percent  : 0.0
Ram Percent  : 0.022632944873965825
TimeStamp : {'2026-02-12_03-47-43'}
Opened File - 300
Process Name : svchost.exe
PID          : 31576
No Of Threads: 2
CPU Percent  : 0.0
Ram Percent  : 0.0711772118300363
TimeStamp : {'2026-02-12_03-47-43'}
Opened File - 301
Process Name : Code.exe
PID          : 31916
No Of Threads: 27
CPU Percent  : 0.0
Ram Percent  : 0.1671729533394643
TimeStamp : {'2026-02-12_03-47-43'}
Opened File - 302
Process Name : svchost.exe
PID          : 32140
No Of Threads: 9
CPU Percent  : 0.0
Ram Percent  : 0.0764711839142901
TimeStamp : {'2026-02-12_03-47-43'}
Opened File - 303
Process Name : svchost.exe
PID          : 32220
No Of Threads: 3
CPU Percent  : 0.0
Ram Percent  : 0.029723953353792024
TimeStamp : {'2026-02-12_03-47-43'}
Opened File - 304
Process Name : chrome.exe
PID          : 32224
No Of Threads: 36
CPU Percent  : 0.0
Ram Percent  : 0.8754481359511459
TimeStamp : {'2026-02-12_03-47-43'}
Opened File - 305
Process Name : svchost.exe
PID          : 32300
No Of Threads: 4
CPU Percent  : 0.0
Ram Percent  : 0.04004477049052537
TimeStamp : {'2026-02-12_03-47-43'}
Opened File - 306
Process Name : CodeSetup-stable-591199df409fbf59b4b52d5ad4ee0470152a9b31.tmp
PID          : 32404
No Of Threads: 1
CPU Percent  : 0.0
Ram Percent  : 0.0495156379807042
TimeStamp : {'2026-02-12_03-47-43'}
Opened File - 307
Process Name : smartscreen.exe
PID          : 32468
No Of Threads: 5
CPU Percent  : 0.0
Ram Percent  : 0.0805752264933676
TimeStamp : {'2026-02-12_03-47-43'}
Opened File - 308
Process Name : igfxEMN.exe
PID          : 32484
No Of Threads: 3
CPU Percent  : 0.0
Ram Percent  : 0.03783490140948364
TimeStamp : {'2026-02-12_03-47-43'}
Opened File - 309
Process Name : python.exe
PID          : 32520
No Of Threads: 4
CPU Percent  : 63.9
Ram Percent  : 0.15017396040837408
TimeStamp : {'2026-02-12_03-47-43'}
Opened File - 310
Process Name : OneDrive.exe
PID          : 32672
No Of Threads: 38
CPU Percent  : 0.0
Ram Percent  : 0.47189204376706423
TimeStamp : {'2026-02-12_03-47-43'}
Opened File - 311
Process Name : Code.exe
PID          : 32744
No Of Threads: 21
CPU Percent  : 0.6
Ram Percent  : 0.5872666372179352
TimeStamp : {'2026-02-12_03-47-43'}
Opened File - 312
Process Name : msedgewebview2.exe
PID          : 32884
No Of Threads: 10
CPU Percent  : 0.0
Ram Percent  : 0.015007682330591071
TimeStamp : {'2026-02-12_03-47-43'}
Opened File - 313
Process Name : msedgewebview2.exe
PID          : 33136
No Of Threads: 54
CPU Percent  : 0.3
Ram Percent  : 0.4079029775193175
TimeStamp : {'2026-02-12_03-47-43'}
Opened File - 314
Process Name : RuntimeBroker.exe
PID          : 33444
No Of Threads: 2
CPU Percent  : 0.0
Ram Percent  : 0.026566997523732417
TimeStamp : {'2026-02-12_03-47-43'}
Opened File - 315
Process Name : cmd.exe
PID          : 33488
No Of Threads: 3
CPU Percent  : 0.0
Ram Percent  : 0.03681496183361823
TimeStamp : {'2026-02-12_03-47-43'}
Opened File - 316
Process Name : SecurityHealthSystray.exe
PID          : 33548
No Of Threads: 1
CPU Percent  : 0.0
Ram Percent  : 0.0347750826818874
TimeStamp : {'2026-02-12_03-47-43'}
Opened File - 317
Process Name : ShellExperienceHost.exe
PID          : 33816
No Of Threads: 20
CPU Percent  : 0.0
Ram Percent  : 0.29655957382067666
TimeStamp : {'2026-02-12_03-47-43'}
Opened File - 318
Process Name : svchost.exe
PID          : 33904
No Of Threads: 6
CPU Percent  : 0.0
Ram Percent  : 0.042424629500878
TimeStamp : {'2026-02-12_03-47-43'}
Opened File - 319
Process Name : FileCoAuth.exe
PID          : 34080
No Of Threads: 3
CPU Percent  : 0.0
Ram Percent  : 0.0869862752559502
TimeStamp : {'2026-02-12_03-47-43'}
Opened File - 320
Process Name : SearchIndexer.exe
PID          : 34096
No Of Threads: 18
CPU Percent  : 0.0
Ram Percent  : 0.17958221817916015
TimeStamp : {'2026-02-12_03-47-43'}
Opened File - 321
Process Name : MidiSrv.exe
PID          : 34260
No Of Threads: 2
CPU Percent  : 0.0
Ram Percent  : 0.019330283390211155
TimeStamp : {'2026-02-12_03-47-43'}
Opened File - 322
Process Name : chrome.exe
PID          : 34328
No Of Threads: 28
CPU Percent  : 0.0
Ram Percent  : 0.5096540923497004
TimeStamp : {'2026-02-12_03-47-43'}
Opened File - 323
Process Name : svchost.exe
PID          : 34548
No Of Threads: 6
CPU Percent  : 0.0
Ram Percent  : 0.019548841870753744
TimeStamp : {'2026-02-12_03-47-43'}
Opened File - 324
