---- Paltfrom Surveillance System -----Process Name : System Idle Process
PID          : 0
No Of Threads: 48
CPU Percent  : 1250.8
Ram Percent  : 4.856855123168632e-05
TimeStamp : {'2026-02-12_03-38-07'}
Opened File - 1
Process Name : System
PID          : 4
No Of Threads: 402
CPU Percent  : 7.0
Ram Percent  : 0.03851486112672725
TimeStamp : {'2026-02-12_03-38-07'}
Opened File - 2
Process Name : Registry
PID          : 272
No Of Threads: 4
CPU Percent  : 0.0
Ram Percent  : 0.3563717446624984
TimeStamp : {'2026-02-12_03-38-07'}
Opened File - 3
Process Name : msedgewebview2.exe
PID          : 428
No Of Threads: 20
CPU Percent  : 0.0
Ram Percent  : 0.07659260529236932
TimeStamp : {'2026-02-12_03-38-07'}
Opened File - 4
Process Name : smss.exe
PID          : 884
No Of Threads: 3
CPU Percent  : 0.0
Ram Percent  : 0.004006905476614121
TimeStamp : {'2026-02-12_03-38-07'}
Opened File - 5
Process Name : svchost.exe
PID          : 904
No Of Threads: 5
CPU Percent  : 0.0
Ram Percent  : 0.027562652823981983
TimeStamp : {'2026-02-12_03-38-07'}
Opened File - 6
Process Name : csrss.exe
PID          : 1184
No Of Threads: 17
CPU Percent  : 0.0
Ram Percent  : 0.020398791517308255
TimeStamp : {'2026-02-12_03-38-07'}
Opened File - 7
Process Name : wininit.exe
PID          : 1292
No Of Threads: 2
CPU Percent  : 0.0
Ram Percent  : 0.01100077685397695
TimeStamp : {'2026-02-12_03-38-07'}
Opened File - 8
Process Name : services.exe
PID          : 1428
No Of Threads: 8
CPU Percent  : 0.6
Ram Percent  : 0.054518198757567894
TimeStamp : {'2026-02-12_03-38-07'}
Opened File - 9
Process Name : lsass.exe
PID          : 1440
No Of Threads: 10
CPU Percent  : 0.6
Ram Percent  : 0.12797813249549345
TimeStamp : {'2026-02-12_03-38-07'}
Opened File - 10
Process Name : svchost.exe
PID          : 1464
No Of Threads: 6
CPU Percent  : 0.0
Ram Percent  : 0.03785918568509948
TimeStamp : {'2026-02-12_03-38-07'}
Opened File - 11
Process Name : svchost.exe
PID          : 1492
No Of Threads: 9
CPU Percent  : 0.0
Ram Percent  : 0.02229296501534402
TimeStamp : {'2026-02-12_03-38-07'}
Opened File - 12
Process Name : svchost.exe
PID          : 1600
No Of Threads: 28
CPU Percent  : 1.1
Ram Percent  : 0.20658633266397775
TimeStamp : {'2026-02-12_03-38-07'}
Opened File - 13
Process Name : WUDFHost.exe
PID          : 1632
No Of Threads: 10
CPU Percent  : 0.0
Ram Percent  : 0.021880132329874687
TimeStamp : {'2026-02-12_03-38-07'}
Opened File - 14
Process Name : fontdrvhost.exe
PID          : 1648
No Of Threads: 5
CPU Percent  : 0.0
Ram Percent  : 0.0061196374551924755
TimeStamp : {'2026-02-12_03-38-07'}
Opened File - 15
Process Name : svchost.exe
PID          : 1772
No Of Threads: 10
CPU Percent  : 7.7
Ram Percent  : 0.1517038697721722
TimeStamp : {'2026-02-12_03-38-07'}
Opened File - 16
Process Name : DCv2.exe
PID          : 1784
No Of Threads: 9
CPU Percent  : 1.1
Ram Percent  : 0.20243372153366856
TimeStamp : {'2026-02-12_03-38-07'}
Opened File - 17
Process Name : svchost.exe
PID          : 1824
No Of Threads: 7
CPU Percent  : 0.0
Ram Percent  : 0.03261378215207736
TimeStamp : {'2026-02-12_03-38-07'}
Opened File - 18
Process Name : WUDFHost.exe
PID          : 1892
No Of Threads: 5
CPU Percent  : 0.0
Ram Percent  : 0.013744899998567229
TimeStamp : {'2026-02-12_03-38-07'}
Opened File - 19
Process Name : msedgewebview2.exe
PID          : 1936
No Of Threads: 23
CPU Percent  : 0.0
Ram Percent  : 0.1649145157071909
TimeStamp : {'2026-02-12_03-38-07'}
Opened File - 20
Process Name : IntelCpHDCPSvc.exe
PID          : 2068
No Of Threads: 3
CPU Percent  : 0.0
Ram Percent  : 0.009058034804709498
TimeStamp : {'2026-02-12_03-38-07'}
Opened File - 21
Process Name : svchost.exe
PID          : 2100
No Of Threads: 5
CPU Percent  : 0.0
Ram Percent  : 0.02037450724169241
TimeStamp : {'2026-02-12_03-38-07'}
Opened File - 22
Process Name : svchost.exe
PID          : 2172
No Of Threads: 9
CPU Percent  : 0.0
Ram Percent  : 0.0631876851524239
TimeStamp : {'2026-02-12_03-38-07'}
Opened File - 23
Process Name : svchost.exe
PID          : 2228
No Of Threads: 9
CPU Percent  : 0.0
Ram Percent  : 0.05558670688466499
TimeStamp : {'2026-02-12_03-38-07'}
Opened File - 24
Process Name : svchost.exe
PID          : 2320
No Of Threads: 3
CPU Percent  : 0.0
Ram Percent  : 0.02392001148160551
TimeStamp : {'2026-02-12_03-38-07'}
Opened File - 25
Process Name : svchost.exe
PID          : 2336
No Of Threads: 19
CPU Percent  : 0.0
Ram Percent  : 0.09461153779932494
TimeStamp : {'2026-02-12_03-38-07'}
Opened File - 26
Process Name : svchost.exe
PID          : 2404
No Of Threads: 3
CPU Percent  : 0.0
Ram Percent  : 0.023652884449831234
TimeStamp : {'2026-02-12_03-38-07'}
Opened File - 27
Process Name : taskhostw.exe
PID          : 2476
No Of Threads: 8
CPU Percent  : 0.0
Ram Percent  : 0.08837047896605325
TimeStamp : {'2026-02-12_03-38-07'}
Opened File - 28
Process Name : igfxCUIServiceN.exe
PID          : 2496
No Of Threads: 2
CPU Percent  : 0.0
Ram Percent  : 0.024745676852544182
TimeStamp : {'2026-02-12_03-38-07'}
Opened File - 29
Process Name : svchost.exe
PID          : 2532
No Of Threads: 8
CPU Percent  : 1.5
Ram Percent  : 0.056363803704371974
TimeStamp : {'2026-02-12_03-38-07'}
Opened File - 30
Process Name : utorrentie.exe
PID          : 2580
No Of Threads: 5
CPU Percent  : 0.0
Ram Percent  : 0.04106471006639078
TimeStamp : {'2026-02-12_03-38-07'}
Opened File - 31
Process Name : NVDisplay.Container.exe
PID          : 2716
No Of Threads: 36
CPU Percent  : 0.0
Ram Percent  : 0.09543720317026362
TimeStamp : {'2026-02-12_03-38-07'}
Opened File - 32
Process Name : svchost.exe
PID          : 2724
No Of Threads: 3
CPU Percent  : 0.0
Ram Percent  : 0.014934829503743542
TimeStamp : {'2026-02-12_03-38-07'}
Opened File - 33
Process Name : svchost.exe
PID          : 2864
No Of Threads: 12
CPU Percent  : 0.0
Ram Percent  : 0.04053045600284223
TimeStamp : {'2026-02-12_03-38-07'}
Opened File - 34
Process Name : MemCompression
PID          : 2896
No Of Threads: 79
CPU Percent  : 0.5
Ram Percent  : 1.8408937973346065
TimeStamp : {'2026-02-12_03-38-07'}
Opened File - 35
Process Name : svchost.exe
PID          : 2928
No Of Threads: 8
CPU Percent  : 0.0
Ram Percent  : 0.07443130476255928
TimeStamp : {'2026-02-12_03-38-07'}
Opened File - 36
Process Name : svchost.exe
PID          : 2956
No Of Threads: 3
CPU Percent  : 18.6
Ram Percent  : 0.049029952468387344
TimeStamp : {'2026-02-12_03-38-07'}
Opened File - 37
Process Name : svchost.exe
PID          : 2964
No Of Threads: 4
CPU Percent  : 0.0
Ram Percent  : 0.0115350309175255
TimeStamp : {'2026-02-12_03-38-07'}
Opened File - 38
Process Name : wsc_proxy.exe
PID          : 2976
No Of Threads: 4
CPU Percent  : 0.0
Ram Percent  : 0.02911684646339595
TimeStamp : {'2026-02-12_03-38-07'}
Opened File - 39
Process Name : msedgewebview2.exe
PID          : 3012
No Of Threads: 56
CPU Percent  : 1.0
Ram Percent  : 0.13062511853762035
TimeStamp : {'2026-02-12_03-38-07'}
Opened File - 40
Process Name : svchost.exe
PID          : 3132
No Of Threads: 8
CPU Percent  : 0.0
Ram Percent  : 0.09135744486680196
TimeStamp : {'2026-02-12_03-38-07'}
Opened File - 41
Process Name : svchost.exe
PID          : 3204
No Of Threads: 3
CPU Percent  : 0.0
Ram Percent  : 0.026445576145653196
TimeStamp : {'2026-02-12_03-38-07'}
Opened File - 42
Process Name : svchost.exe
PID          : 3212
No Of Threads: 7
CPU Percent  : 0.0
Ram Percent  : 0.022317249290959865
TimeStamp : {'2026-02-12_03-38-07'}
Opened File - 43
Process Name : Code.exe
PID          : 3244
No Of Threads: 25
CPU Percent  : 0.0
Ram Percent  : 0.2821347141048658
TimeStamp : {'2026-02-12_03-38-07'}
Opened File - 44
Process Name : svchost.exe
PID          : 3292
No Of Threads: 9
CPU Percent  : 0.0
Ram Percent  : 0.06627178815563597
TimeStamp : {'2026-02-12_03-38-07'}
Opened File - 45
Process Name : svchost.exe
PID          : 3324
No Of Threads: 5
CPU Percent  : 0.0
Ram Percent  : 0.018941734980357665
TimeStamp : {'2026-02-12_03-38-07'}
Opened File - 46
Process Name : svchost.exe
PID          : 3376
No Of Threads: 4
CPU Percent  : 0.0
Ram Percent  : 0.03324517331808928
TimeStamp : {'2026-02-12_03-38-07'}
Opened File - 47
Process Name : svchost.exe
PID          : 3384
No Of Threads: 7
CPU Percent  : 0.0
Ram Percent  : 0.02561991077471453
TimeStamp : {'2026-02-12_03-38-07'}
Opened File - 48
Process Name : svchost.exe
PID          : 3492
No Of Threads: 4
CPU Percent  : 0.0
Ram Percent  : 0.030452481622267318
TimeStamp : {'2026-02-12_03-38-07'}
Opened File - 49
Process Name : svchost.exe
PID          : 3504
No Of Threads: 5
CPU Percent  : 0.0
Ram Percent  : 0.16564304397566618
TimeStamp : {'2026-02-12_03-38-07'}
Opened File - 50
Process Name : svchost.exe
PID          : 3520
No Of Threads: 5
CPU Percent  : 1.9
Ram Percent  : 0.22011267418200237
TimeStamp : {'2026-02-12_03-38-07'}
Opened File - 51
Process Name : dllhost.exe
PID          : 3540
No Of Threads: 2
CPU Percent  : 0.0
Ram Percent  : 0.020593065722234998
TimeStamp : {'2026-02-12_03-38-07'}
Opened File - 52
Process Name : svchost.exe
PID          : 3644
No Of Threads: 9
CPU Percent  : 0.0
Ram Percent  : 0.03720351024347172
TimeStamp : {'2026-02-12_03-38-07'}
Opened File - 53
Process Name : msedgewebview2.exe
PID          : 3784
No Of Threads: 7
CPU Percent  : 0.0
Ram Percent  : 0.02513422526239767
TimeStamp : {'2026-02-12_03-38-07'}
Opened File - 54
Process Name : svchost.exe
PID          : 3800
No Of Threads: 16
CPU Percent  : 0.0
Ram Percent  : 0.09303305988429514
TimeStamp : {'2026-02-12_03-38-07'}
Opened File - 55
Process Name : VoiceControlEngine.exe
PID          : 3808
No Of Threads: 8
CPU Percent  : 0.0
Ram Percent  : 0.02790263268260379
TimeStamp : {'2026-02-12_03-38-07'}
Opened File - 56
Process Name : svchost.exe
PID          : 3832
No Of Threads: 5
CPU Percent  : 0.0
Ram Percent  : 0.02719838868974434
TimeStamp : {'2026-02-12_03-38-07'}
Opened File - 57
Process Name : NortonSvc.exe
PID          : 3852
No Of Threads: 154
CPU Percent  : 0.0
Ram Percent  : 0.41698529659964284
TimeStamp : {'2026-02-12_03-38-07'}
Opened File - 58
Process Name : svchost.exe
PID          : 3868
No Of Threads: 2
CPU Percent  : 0.0
Ram Percent  : 0.016901855828626838
TimeStamp : {'2026-02-12_03-38-07'}
Opened File - 59
Process Name : svchost.exe
PID          : 3916
No Of Threads: 8
CPU Percent  : 0.0
Ram Percent  : 0.035042209713661676
TimeStamp : {'2026-02-12_03-38-07'}
Opened File - 60
Process Name : msedge.exe
PID          : 3956
No Of Threads: 20
CPU Percent  : 0.0
Ram Percent  : 0.31134869767072515
TimeStamp : {'2026-02-12_03-38-07'}
Opened File - 61
Process Name : nllToolsSvc.exe
PID          : 4312
No Of Threads: 44
CPU Percent  : 0.5
Ram Percent  : 0.3209895550902149
TimeStamp : {'2026-02-12_03-38-07'}
Opened File - 62
Process Name : spoolsv.exe
PID          : 4384
No Of Threads: 7
CPU Percent  : 0.0
Ram Percent  : 0.03475079840627156
TimeStamp : {'2026-02-12_03-38-07'}
Opened File - 63
Process Name : svchost.exe
PID          : 4412
No Of Threads: 21
CPU Percent  : 0.0
Ram Percent  : 0.13028513867899855
TimeStamp : {'2026-02-12_03-38-07'}
Opened File - 64
Process Name : svchost.exe
PID          : 4472
No Of Threads: 6
CPU Percent  : 0.0
Ram Percent  : 0.022414386393423236
TimeStamp : {'2026-02-12_03-38-07'}
Opened File - 65
Process Name : RuntimeBroker.exe
PID          : 4568
No Of Threads: 3
CPU Percent  : 0.0
Ram Percent  : 0.024041432859684728
TimeStamp : {'2026-02-12_03-38-07'}
Opened File - 66
Process Name : svchost.exe
PID          : 4668
No Of Threads: 9
CPU Percent  : 0.0
Ram Percent  : 0.02214725936164896
TimeStamp : {'2026-02-12_03-38-07'}
Opened File - 67
Process Name : msedgewebview2.exe
PID          : 4760
No Of Threads: 9
CPU Percent  : 0.0
Ram Percent  : 0.03521219964297258
TimeStamp : {'2026-02-12_03-38-07'}
Opened File - 68
Process Name : svchost.exe
PID          : 4848
No Of Threads: 1
CPU Percent  : 0.0
Ram Percent  : 0.008159516606923302
TimeStamp : {'2026-02-12_03-38-07'}
Opened File - 69
Process Name : chrome.exe
PID          : 4892
No Of Threads: 78
CPU Percent  : 21.5
Ram Percent  : 2.793687351122213
TimeStamp : {'2026-02-12_03-38-07'}
Opened File - 70
Process Name : svchost.exe
PID          : 4908
No Of Threads: 5
CPU Percent  : 0.0
Ram Percent  : 0.02984537473187124
TimeStamp : {'2026-02-12_03-38-07'}
Opened File - 71
Process Name : svchost.exe
PID          : 4948
No Of Threads: 3
CPU Percent  : 0.0
Ram Percent  : 0.03484793550873493
TimeStamp : {'2026-02-12_03-38-07'}
Opened File - 72
Process Name : aswEngSrv.exe
PID          : 5112
No Of Threads: 43
CPU Percent  : 0.0
Ram Percent  : 0.09446583214562988
TimeStamp : {'2026-02-12_03-38-07'}
Opened File - 73
Process Name : msedgewebview2.exe
PID          : 5212
No Of Threads: 10
CPU Percent  : 0.0
Ram Percent  : 0.05114268444696569
TimeStamp : {'2026-02-12_03-38-07'}
Opened File - 74
Process Name : svchost.exe
PID          : 5220
No Of Threads: 19
CPU Percent  : 0.9
Ram Percent  : 0.17732378054688674
TimeStamp : {'2026-02-12_03-38-07'}
Opened File - 75
Process Name : taskhostw.exe
PID          : 5420
No Of Threads: 4
CPU Percent  : 0.0
Ram Percent  : 0.06491186872114876
TimeStamp : {'2026-02-12_03-38-07'}
Opened File - 76
Process Name : svchost.exe
PID          : 5808
No Of Threads: 10
CPU Percent  : 3.9
Ram Percent  : 0.15330663196281785
TimeStamp : {'2026-02-12_03-38-07'}
Opened File - 77
Process Name : svchost.exe
PID          : 5856
No Of Threads: 9
CPU Percent  : 0.0
Ram Percent  : 0.048859962539076436
TimeStamp : {'2026-02-12_03-38-07'}
Opened File - 78
Process Name : svchost.exe
PID          : 5900
No Of Threads: 2
CPU Percent  : 0.0
Ram Percent  : 0.03827201837056882
TimeStamp : {'2026-02-12_03-38-07'}
Opened File - 79
Process Name : svchost.exe
PID          : 6032
No Of Threads: 12
CPU Percent  : 0.0
Ram Percent  : 0.02836403391930481
TimeStamp : {'2026-02-12_03-38-07'}
Opened File - 80
Process Name : WMIRegistrationService.exe
PID          : 6216
No Of Threads: 2
CPU Percent  : 0.0
Ram Percent  : 0.01359919434487217
TimeStamp : {'2026-02-12_03-38-07'}
Opened File - 81
Process Name : wlanext.exe
PID          : 6268
No Of Threads: 3
CPU Percent  : 0.0
Ram Percent  : 0.013380635864329578
TimeStamp : {'2026-02-12_03-38-07'}
Opened File - 82
Process Name : dwm.exe
PID          : 6276
No Of Threads: 19
CPU Percent  : 20.2
Ram Percent  : 0.8585948486737507
TimeStamp : {'2026-02-12_03-38-07'}
Opened File - 83
Process Name : afwServ.exe
PID          : 6312
No Of Threads: 41
CPU Percent  : 0.0
Ram Percent  : 0.1074093510488743
TimeStamp : {'2026-02-12_03-38-07'}
Opened File - 84
Process Name : chrome.exe
PID          : 6420
No Of Threads: 23
CPU Percent  : 27.2
Ram Percent  : 1.2896407408549668
TimeStamp : {'2026-02-12_03-38-07'}
Opened File - 85
Process Name : WmiPrvSE.exe
PID          : 6448
No Of Threads: 10
CPU Percent  : 1.7
Ram Percent  : 0.15413229733375652
TimeStamp : {'2026-02-12_03-38-07'}
Opened File - 86
Process Name : msedgewebview2.exe
PID          : 6612
No Of Threads: 28
CPU Percent  : 0.0
Ram Percent  : 0.18159781305527514
TimeStamp : {'2026-02-12_03-38-07'}
Opened File - 87
Process Name : svchost.exe
PID          : 6804
No Of Threads: 18
CPU Percent  : 0.0
Ram Percent  : 0.2107146595186711
TimeStamp : {'2026-02-12_03-38-07'}
Opened File - 88
Process Name : svchost.exe
PID          : 6828
No Of Threads: 7
CPU Percent  : 0.0
Ram Percent  : 0.02083590847839343
TimeStamp : {'2026-02-12_03-38-07'}
Opened File - 89
Process Name : svchost.exe
PID          : 6836
No Of Threads: 6
CPU Percent  : 0.0
Ram Percent  : 0.03154527402498026
TimeStamp : {'2026-02-12_03-38-07'}
Opened File - 90
Process Name : svchost.exe
PID          : 6844
No Of Threads: 13
CPU Percent  : 0.0
Ram Percent  : 0.28104192170215286
TimeStamp : {'2026-02-12_03-38-07'}
Opened File - 91
Process Name : svchost.exe
PID          : 6852
No Of Threads: 4
CPU Percent  : 0.0
Ram Percent  : 0.007722399645838124
TimeStamp : {'2026-02-12_03-38-07'}
Opened File - 92
Process Name : OneApp.IGCC.WinService.exe
PID          : 6864
No Of Threads: 9
CPU Percent  : 0.0
Ram Percent  : 0.07600978267758908
TimeStamp : {'2026-02-12_03-38-07'}
Opened File - 93
Process Name : NahimicService.exe
PID          : 6872
No Of Threads: 22
CPU Percent  : 0.0
Ram Percent  : 0.10655940140231977
TimeStamp : {'2026-02-12_03-38-07'}
Opened File - 94
Process Name : svchost.exe
PID          : 6888
No Of Threads: 2
CPU Percent  : 0.0
Ram Percent  : 0.011802157949299775
TimeStamp : {'2026-02-12_03-38-07'}
Opened File - 95
Process Name : MSIAPService.exe
PID          : 6896
No Of Threads: 5
CPU Percent  : 0.0
Ram Percent  : 0.03479936695750325
TimeStamp : {'2026-02-12_03-38-07'}
Opened File - 96
Process Name : PnkBstrA.exe
PID          : 6912
No Of Threads: 2
CPU Percent  : 0.0
Ram Percent  : 0.01075793409781852
TimeStamp : {'2026-02-12_03-38-07'}
Opened File - 97
Process Name : jhi_service.exe
PID          : 6920
No Of Threads: 2
CPU Percent  : 0.0
Ram Percent  : 0.00876662349731938
TimeStamp : {'2026-02-12_03-38-07'}
Opened File - 98
Process Name : MSI_Central_Service.exe
PID          : 6928
No Of Threads: 2
CPU Percent  : 0.0
Ram Percent  : 0.01838319664119327
TimeStamp : {'2026-02-12_03-38-07'}
Opened File - 99
Process Name : svchost.exe
PID          : 6936
No Of Threads: 8
CPU Percent  : 0.0
Ram Percent  : 0.06175491289108915
TimeStamp : {'2026-02-12_03-38-07'}
Opened File - 100
Process Name : RemoteMouseService.exe
PID          : 6948
No Of Threads: 4
CPU Percent  : 1.6
Ram Percent  : 0.07052153638840854
TimeStamp : {'2026-02-12_03-38-07'}
Opened File - 101
Process Name : MSIService.exe
PID          : 6956
No Of Threads: 2
CPU Percent  : 0.0
Ram Percent  : 0.012045000705458208
TimeStamp : {'2026-02-12_03-38-07'}
Opened File - 102
Process Name : Lavasoft.WCAssistant.WinService.exe
PID          : 6964
No Of Threads: 8
CPU Percent  : 0.0
Ram Percent  : 0.06401335052336256
TimeStamp : {'2026-02-12_03-38-07'}
Opened File - 103
Process Name : MuseAuthService.exe
PID          : 6976
No Of Threads: 23
CPU Percent  : 0.4
Ram Percent  : 0.058160840099944364
TimeStamp : {'2026-02-12_03-38-07'}
Opened File - 104
Process Name : nvcontainer.exe
PID          : 6984
No Of Threads: 29
CPU Percent  : 0.0
Ram Percent  : 0.06056498338591283
TimeStamp : {'2026-02-12_03-38-07'}
Opened File - 105
Process Name : Mystic_Light_Service.exe
PID          : 6996
No Of Threads: 3
CPU Percent  : 0.0
Ram Percent  : 0.03375514310602199
TimeStamp : {'2026-02-12_03-38-07'}
Opened File - 106
Process Name : VoiceControl_Service.exe
PID          : 7012
No Of Threads: 3
CPU Percent  : 0.0
Ram Percent  : 0.02399286430845304
TimeStamp : {'2026-02-12_03-38-07'}
Opened File - 107
Process Name : PhoneExperienceHost.exe
PID          : 7024
No Of Threads: 17
CPU Percent  : 0.0
Ram Percent  : 0.35523038370855375
TimeStamp : {'2026-02-12_03-38-07'}
Opened File - 108
Process Name : LightKeeperService.exe
PID          : 7028
No Of Threads: 8
CPU Percent  : 0.0
Ram Percent  : 0.0285825923998474
TimeStamp : {'2026-02-12_03-38-07'}
Opened File - 109
Process Name : IntelAudioService.exe
PID          : 7036
No Of Threads: 6
CPU Percent  : 0.0
Ram Percent  : 0.02914113073901179
TimeStamp : {'2026-02-12_03-38-07'}
Opened File - 110
Process Name : esif_uf.exe
PID          : 7044
No Of Threads: 3
CPU Percent  : 0.0
Ram Percent  : 0.009786563073184793
TimeStamp : {'2026-02-12_03-38-07'}
Opened File - 111
Process Name : Sendevsvc.exe
PID          : 7052
No Of Threads: 9
CPU Percent  : 0.0
Ram Percent  : 0.0986912961027866
TimeStamp : {'2026-02-12_03-38-07'}
Opened File - 112
Process Name : SafeExamBrowser.Service.exe
PID          : 7128
No Of Threads: 4
CPU Percent  : 0.0
Ram Percent  : 0.02030165441484488
TimeStamp : {'2026-02-12_03-38-07'}
Opened File - 113
Process Name : RtkAudUService64.exe
PID          : 7156
No Of Threads: 15
CPU Percent  : 0.0
Ram Percent  : 0.02853402384861571
TimeStamp : {'2026-02-12_03-38-07'}
Opened File - 114
Process Name : CodeSetup-stable-591199df409fbf59b4b52d5ad4ee0470152a9b31.exe
PID          : 7192
No Of Threads: 1
CPU Percent  : 0.0
Ram Percent  : 0.01976740035129633
TimeStamp : {'2026-02-12_03-38-07'}
Opened File - 115
Process Name : svchost.exe
PID          : 7236
No Of Threads: 8
CPU Percent  : 2.6
Ram Percent  : 0.12669106588785375
TimeStamp : {'2026-02-12_03-38-07'}
Opened File - 116
Process Name : msedgewebview2.exe
PID          : 7336
No Of Threads: 23
CPU Percent  : 0.0
Ram Percent  : 0.06508185865045966
TimeStamp : {'2026-02-12_03-38-07'}
Opened File - 117
Process Name : Nahimic3.exe
PID          : 7432
No Of Threads: 17
CPU Percent  : 0.0
Ram Percent  : 0.008645202119240164
TimeStamp : {'2026-02-12_03-38-07'}
Opened File - 118
Process Name : svchost.exe
PID          : 7452
No Of Threads: 6
CPU Percent  : 0.0
Ram Percent  : 0.01746039416779123
TimeStamp : {'2026-02-12_03-38-07'}
Opened File - 119
Process Name : gamingservicesnet.exe
PID          : 7796
No Of Threads: 38
CPU Percent  : 0.0
Ram Percent  : 0.013332067313097894
TimeStamp : {'2026-02-12_03-38-07'}
Opened File - 120
Process Name : svchost.exe
PID          : 8284
No Of Threads: 2
CPU Percent  : 0.0
Ram Percent  : 0.011826442224915617
TimeStamp : {'2026-02-12_03-38-07'}
Opened File - 121
Process Name : OneDrive.Sync.Service.exe
PID          : 8520
No Of Threads: 17
CPU Percent  : 0.0
Ram Percent  : 0.05274544663761134
TimeStamp : {'2026-02-12_03-38-07'}
Opened File - 122
Process Name : chrome.exe
PID          : 8528
No Of Threads: 38
CPU Percent  : 2.1
Ram Percent  : 2.174365470091365
TimeStamp : {'2026-02-12_03-38-07'}
Opened File - 123
Process Name : msedgewebview2.exe
PID          : 8768
No Of Threads: 30
CPU Percent  : 0.0
Ram Percent  : 0.014109164132804875
TimeStamp : {'2026-02-12_03-38-07'}
Opened File - 124
Process Name : conhost.exe
PID          : 8988
No Of Threads: 5
CPU Percent  : 0.0
Ram Percent  : 0.02151586819563704
TimeStamp : {'2026-02-12_03-38-07'}
Opened File - 125
Process Name : msedgewebview2.exe
PID          : 9052
No Of Threads: 60
CPU Percent  : 0.0
Ram Percent  : 0.5178136089566238
TimeStamp : {'2026-02-12_03-38-07'}
Opened File - 126
Process Name : svchost.exe
PID          : 9128
No Of Threads: 2
CPU Percent  : 0.0
Ram Percent  : 0.015323377913597032
TimeStamp : {'2026-02-12_03-38-07'}
Opened File - 127
Process Name : msedgewebview2.exe
PID          : 9320
No Of Threads: 10
CPU Percent  : 0.0
Ram Percent  : 0.05971503373935833
TimeStamp : {'2026-02-12_03-38-07'}
Opened File - 128
Process Name : csrss.exe
PID          : 9440
No Of Threads: 15
CPU Percent  : 0.7
Ram Percent  : 0.02605702773579971
TimeStamp : {'2026-02-12_03-38-07'}
Opened File - 129
Process Name : chrome.exe
PID          : 9492
No Of Threads: 28
CPU Percent  : 0.0
Ram Percent  : 0.6322653999340925
TimeStamp : {'2026-02-12_03-38-07'}
Opened File - 130
Process Name : MSI.CentralServer.exe
PID          : 9564
No Of Threads: 13
CPU Percent  : 0.0
Ram Percent  : 0.5337440937606168
TimeStamp : {'2026-02-12_03-38-07'}
Opened File - 131
Process Name : chrome.exe
PID          : 9572
No Of Threads: 36
CPU Percent  : 0.3
Ram Percent  : 0.7690587244781371
TimeStamp : {'2026-02-12_03-38-07'}
Opened File - 132
Process Name : conhost.exe
PID          : 9736
No Of Threads: 3
CPU Percent  : 0.0
Ram Percent  : 0.00968942597072142
TimeStamp : {'2026-02-12_03-38-07'}
Opened File - 133
Process Name : WmiPrvSE.exe
PID          : 9772
No Of Threads: 6
CPU Percent  : 0.0
Ram Percent  : 0.11741447260260167
TimeStamp : {'2026-02-12_03-38-07'}
Opened File - 134
Process Name : svchost.exe
PID          : 9884
No Of Threads: 2
CPU Percent  : 0.0
Ram Percent  : 0.007965242401996555
TimeStamp : {'2026-02-12_03-38-07'}
Opened File - 135
Process Name : svchost.exe
PID          : 9888
No Of Threads: 4
CPU Percent  : 0.0
Ram Percent  : 0.020325938690460725
TimeStamp : {'2026-02-12_03-38-07'}
Opened File - 136
Process Name : AggregatorHost.exe
PID          : 10164
No Of Threads: 1
CPU Percent  : 0.0
Ram Percent  : 0.04786430723882687
TimeStamp : {'2026-02-12_03-38-07'}
Opened File - 137
Process Name : conhost.exe
PID          : 10316
No Of Threads: 2
CPU Percent  : 0.0
Ram Percent  : 0.019864537453759705
TimeStamp : {'2026-02-12_03-38-07'}
Opened File - 138
Process Name : NisSrv.exe
PID          : 10352
No Of Threads: 14
CPU Percent  : 0.0
Ram Percent  : 0.05415393462333024
TimeStamp : {'2026-02-12_03-38-07'}
Opened File - 139
Process Name : svchost.exe
PID          : 10384
No Of Threads: 10
CPU Percent  : 0.0
Ram Percent  : 0.12137280952798411
TimeStamp : {'2026-02-12_03-38-07'}
Opened File - 140
Process Name : LinkedIn.exe
PID          : 10624
No Of Threads: 21
CPU Percent  : 0.0
Ram Percent  : 0.32718204537225487
TimeStamp : {'2026-02-12_03-38-07'}
Opened File - 141
Process Name : backgroundTaskHost.exe
PID          : 10712
No Of Threads: 7
CPU Percent  : 0.0
Ram Percent  : 0.11952720458118003
TimeStamp : {'2026-02-12_03-38-07'}
Opened File - 142
Process Name : CrossDeviceResume.exe
PID          : 10752
No Of Threads: 6
CPU Percent  : 0.0
Ram Percent  : 0.10898782896390409
TimeStamp : {'2026-02-12_03-38-07'}
Opened File - 143
Process Name : ShellHost.exe
PID          : 10840
No Of Threads: 7
CPU Percent  : 0.0
Ram Percent  : 0.1075793409781852
TimeStamp : {'2026-02-12_03-38-07'}
Opened File - 144
Process Name : Code.exe
PID          : 10848
No Of Threads: 17
CPU Percent  : 0.0
Ram Percent  : 3.7346058941336717
TimeStamp : {'2026-02-12_03-38-07'}
Opened File - 145
Process Name : utorrentie.exe
PID          : 10960
No Of Threads: 5
CPU Percent  : 0.0
Ram Percent  : 0.03926767367081839
TimeStamp : {'2026-02-12_03-38-07'}
Opened File - 146
Process Name : PresentationFontCache.exe
PID          : 11016
No Of Threads: 4
CPU Percent  : 0.0
Ram Percent  : 0.02137016254194198
TimeStamp : {'2026-02-12_03-38-07'}
Opened File - 147
Process Name : python.exe
PID          : 11064
No Of Threads: 4
CPU Percent  : 59.2
Ram Percent  : 0.1526023879699584
TimeStamp : {'2026-02-12_03-38-07'}
Opened File - 148
Process Name : RuntimeBroker.exe
PID          : 11092
No Of Threads: 2
CPU Percent  : 0.0
Ram Percent  : 0.02375002155229461
TimeStamp : {'2026-02-12_03-38-07'}
Opened File - 149
Process Name : SystemSettings.exe
PID          : 11164
No Of Threads: 47
CPU Percent  : 0.0
Ram Percent  : 0.006411048762582594
TimeStamp : {'2026-02-12_03-38-07'}
Opened File - 150
Process Name : chrome.exe
PID          : 11308
No Of Threads: 41
CPU Percent  : 2.8
Ram Percent  : 2.210549040758971
TimeStamp : {'2026-02-12_03-38-07'}
Opened File - 151
Process Name : svchost.exe
PID          : 11372
No Of Threads: 12
CPU Percent  : 0.0
Ram Percent  : 0.09002180970793058
TimeStamp : {'2026-02-12_03-38-07'}
Opened File - 152
Process Name : OpenConsole.exe
PID          : 11524
No Of Threads: 6
CPU Percent  : 0.0
Ram Percent  : 0.03183668533237038
TimeStamp : {'2026-02-12_03-38-07'}
Opened File - 153
Process Name : chrome.exe
PID          : 11604
No Of Threads: 16
CPU Percent  : 0.0
Ram Percent  : 0.18492475881464565
TimeStamp : {'2026-02-12_03-38-07'}
Opened File - 154
Process Name : svchost.exe
PID          : 11612
No Of Threads: 7
CPU Percent  : 0.0
Ram Percent  : 0.1278324268417984
TimeStamp : {'2026-02-12_03-38-07'}
Opened File - 155
Process Name : CrossDeviceService.exe
PID          : 12012
No Of Threads: 13
CPU Percent  : 0.0
Ram Percent  : 0.2161300529810041
TimeStamp : {'2026-02-12_03-38-07'}
Opened File - 156
Process Name : NahimicAPO4Volume.exe
PID          : 12024
No Of Threads: 1
CPU Percent  : 0.0
Ram Percent  : 0.016124759008919857
TimeStamp : {'2026-02-12_03-38-07'}
Opened File - 157
Process Name : msedgewebview2.exe
PID          : 12096
No Of Threads: 20
CPU Percent  : 0.0
Ram Percent  : 0.03720351024347172
TimeStamp : {'2026-02-12_03-38-07'}
Opened File - 158
Process Name : svchost.exe
PID          : 12128
No Of Threads: 4
CPU Percent  : 0.0
Ram Percent  : 0.017290404238480328
TimeStamp : {'2026-02-12_03-38-07'}
Opened File - 159
Process Name : explorer.exe
PID          : 12236
No Of Threads: 120
CPU Percent  : 1.5
Ram Percent  : 2.532291408393277
TimeStamp : {'2026-02-12_03-38-07'}
Opened File - 160
Process Name : nvcontainer.exe
PID          : 12268
No Of Threads: 17
CPU Percent  : 0.0
Ram Percent  : 0.08035666801282501
TimeStamp : {'2026-02-12_03-38-07'}
Opened File - 161
Process Name : Code.exe
PID          : 12308
No Of Threads: 12
CPU Percent  : 0.0
Ram Percent  : 0.45331457292094424
TimeStamp : {'2026-02-12_03-38-07'}
Opened File - 162
Process Name : msedgewebview2.exe
PID          : 12376
No Of Threads: 24
CPU Percent  : 0.0
Ram Percent  : 0.3173469137478384
TimeStamp : {'2026-02-12_03-38-07'}
Opened File - 163
Process Name : msedgewebview2.exe
PID          : 12500
No Of Threads: 22
CPU Percent  : 0.0
Ram Percent  : 0.0358435908089845
TimeStamp : {'2026-02-12_03-38-07'}
Opened File - 164
Process Name : BraveCrashHandler64.exe
PID          : 12640
No Of Threads: 3
CPU Percent  : 0.0
Ram Percent  : 0.0063381959357350645
TimeStamp : {'2026-02-12_03-38-07'}
Opened File - 165
Process Name : StartMenuExperienceHost.exe
PID          : 12668
No Of Threads: 19
CPU Percent  : 0.0
Ram Percent  : 0.6024200252022213
TimeStamp : {'2026-02-12_03-38-07'}
Opened File - 166
Process Name : chrome.exe
PID          : 12768
No Of Threads: 24
CPU Percent  : 0.0
Ram Percent  : 0.2152801033344496
TimeStamp : {'2026-02-12_03-38-07'}
Opened File - 167
Process Name : chrome.exe
PID          : 12800
No Of Threads: 32
CPU Percent  : 0.3
Ram Percent  : 0.9951938990128685
TimeStamp : {'2026-02-12_03-38-07'}
Opened File - 168
Process Name : nvcontainer.exe
PID          : 12896
No Of Threads: 61
CPU Percent  : 0.0
Ram Percent  : 0.24614541764218625
TimeStamp : {'2026-02-12_03-38-07'}
Opened File - 169
Process Name : chrome.exe
PID          : 12908
No Of Threads: 31
CPU Percent  : 0.6
Ram Percent  : 2.079681079465192
TimeStamp : {'2026-02-12_03-38-07'}
Opened File - 170
Process Name : svchost.exe
PID          : 13124
No Of Threads: 9
CPU Percent  : 0.0
Ram Percent  : 0.10308674998925421
TimeStamp : {'2026-02-12_03-38-07'}
Opened File - 171
Process Name : AppleMobileDeviceProcess.exe
PID          : 13168
No Of Threads: 9
CPU Percent  : 0.0
Ram Percent  : 0.03154527402498026
TimeStamp : {'2026-02-12_03-38-07'}
Opened File - 172
Process Name : svchost.exe
PID          : 13224
No Of Threads: 3
CPU Percent  : 0.0
Ram Percent  : 0.05060843038341714
TimeStamp : {'2026-02-12_03-38-07'}
Opened File - 173
Process Name : ONENOTEM.EXE
PID          : 13320
No Of Threads: 2
CPU Percent  : 0.0
Ram Percent  : 0.021394446817557825
TimeStamp : {'2026-02-12_03-38-07'}
Opened File - 174
Process Name : NortonUI.exe
PID          : 13424
No Of Threads: 18
CPU Percent  : 0.0
Ram Percent  : 0.08115804910814783
TimeStamp : {'2026-02-12_03-38-07'}
Opened File - 175
Process Name : NortonUI.exe
PID          : 13436
No Of Threads: 19
CPU Percent  : 0.0
Ram Percent  : 0.08239654716455584
TimeStamp : {'2026-02-12_03-38-07'}
Opened File - 176
Process Name : NVDisplay.Container.exe
PID          : 13472
No Of Threads: 28
CPU Percent  : 0.0
Ram Percent  : 0.10512662914098504
TimeStamp : {'2026-02-12_03-38-07'}
Opened File - 177
Process Name : svchost.exe
PID          : 13536
No Of Threads: 11
CPU Percent  : 0.0
Ram Percent  : 0.16136901146727778
TimeStamp : {'2026-02-12_03-38-07'}
Opened File - 178
Process Name : msedgewebview2.exe
PID          : 13712
No Of Threads: 7
CPU Percent  : 0.0
Ram Percent  : 0.020034527383070606
TimeStamp : {'2026-02-12_03-38-07'}
Opened File - 179
Process Name : RuntimeBroker.exe
PID          : 13812
No Of Threads: 3
CPU Percent  : 0.0
Ram Percent  : 0.0878847934537364
TimeStamp : {'2026-02-12_03-38-07'}
Opened File - 180
Process Name : msedgewebview2.exe
PID          : 13832
No Of Threads: 15
CPU Percent  : 0.0
Ram Percent  : 0.0562666666019086
TimeStamp : {'2026-02-12_03-38-07'}
Opened File - 181
Process Name : svchost.exe
PID          : 13968
No Of Threads: 24
CPU Percent  : 0.0
Ram Percent  : 0.20372078814130823
TimeStamp : {'2026-02-12_03-38-07'}
Opened File - 182
Process Name : chrome.exe
PID          : 14140
No Of Threads: 11
CPU Percent  : 0.0
Ram Percent  : 0.07906960140518532
TimeStamp : {'2026-02-12_03-38-07'}
Opened File - 183
Process Name : winlogon.exe
PID          : 14304
No Of Threads: 3
CPU Percent  : 0.0
Ram Percent  : 0.0335365846254794
TimeStamp : {'2026-02-12_03-38-07'}
Opened File - 184
Process Name : SearchHost.exe
PID          : 14652
No Of Threads: 25
CPU Percent  : 0.0
Ram Percent  : 0.4371169610851769
TimeStamp : {'2026-02-12_03-38-07'}
Opened File - 185
Process Name : fontdrvhost.exe
PID          : 15040
No Of Threads: 5
CPU Percent  : 0.0
Ram Percent  : 0.01653759169438919
TimeStamp : {'2026-02-12_03-38-07'}
Opened File - 186
Process Name : msedge.exe
PID          : 15096
No Of Threads: 10
CPU Percent  : 0.3
Ram Percent  : 0.06799597172436084
TimeStamp : {'2026-02-12_03-38-07'}
Opened File - 187
Process Name : sihost.exe
PID          : 15340
No Of Threads: 15
CPU Percent  : 0.0
Ram Percent  : 0.2008795278942546
TimeStamp : {'2026-02-12_03-38-07'}
Opened File - 188
Process Name : msedge.exe
PID          : 15508
No Of Threads: 30
CPU Percent  : 0.0
Ram Percent  : 0.058185124375560206
TimeStamp : {'2026-02-12_03-38-07'}
Opened File - 189
Process Name : RuntimeBroker.exe
PID          : 15528
No Of Threads: 2
CPU Percent  : 0.0
Ram Percent  : 0.05347397490608664
TimeStamp : {'2026-02-12_03-38-07'}
Opened File - 190
Process Name : svchost.exe
PID          : 15664
No Of Threads: 5
CPU Percent  : 0.0
Ram Percent  : 0.10600086306315538
TimeStamp : {'2026-02-12_03-38-07'}
Opened File - 191
Process Name : NahimicSvc64.exe
PID          : 15752
No Of Threads: 22
CPU Percent  : 0.8
Ram Percent  : 0.044100244518371176
TimeStamp : {'2026-02-12_03-38-07'}
Opened File - 192
Process Name : Code.exe
PID          : 15784
No Of Threads: 49
CPU Percent  : 0.0
Ram Percent  : 0.736080678191822
TimeStamp : {'2026-02-12_03-38-07'}
Opened File - 193
Process Name : msedgewebview2.exe
PID          : 15844
No Of Threads: 32
CPU Percent  : 0.0
Ram Percent  : 0.6228673852707611
TimeStamp : {'2026-02-12_03-38-07'}
Opened File - 194
Process Name : NVIDIA Overlay.exe
PID          : 15892
No Of Threads: 20
CPU Percent  : 0.0
Ram Percent  : 0.09735566094391522
TimeStamp : {'2026-02-12_03-38-07'}
Opened File - 195
Process Name : chrome.exe
PID          : 15956
No Of Threads: 23
CPU Percent  : 0.6
Ram Percent  : 0.35187915367356737
TimeStamp : {'2026-02-12_03-38-07'}
Opened File - 196
Process Name : WidgetService.exe
PID          : 15976
No Of Threads: 6
CPU Percent  : 0.0
Ram Percent  : 0.05830654575363942
TimeStamp : {'2026-02-12_03-38-07'}
Opened File - 197
Process Name : msedgewebview2.exe
PID          : 16088
No Of Threads: 10
CPU Percent  : 0.0
Ram Percent  : 0.01075793409781852
TimeStamp : {'2026-02-12_03-38-07'}
Opened File - 198
Process Name : AppActions.exe
PID          : 16116
No Of Threads: 7
CPU Percent  : 0.0
Ram Percent  : 0.09803562066115883
TimeStamp : {'2026-02-12_03-38-07'}
Opened File - 199
Process Name : audiodg.exe
PID          : 16164
No Of Threads: 18
CPU Percent  : 8.4
Ram Percent  : 0.16112616871111934
TimeStamp : {'2026-02-12_03-38-07'}
Opened File - 200
Process Name : RuntimeBroker.exe
PID          : 16696
No Of Threads: 2
CPU Percent  : 0.0
Ram Percent  : 0.06292055812064962
TimeStamp : {'2026-02-12_03-38-07'}
Opened File - 201
Process Name : msedgewebview2.exe
PID          : 16888
No Of Threads: 7
CPU Percent  : 0.0
Ram Percent  : 0.026105596287031397
TimeStamp : {'2026-02-12_03-38-07'}
Opened File - 202
Process Name : svchost.exe
PID          : 17156
No Of Threads: 17
CPU Percent  : 0.0
Ram Percent  : 0.09315448126237436
TimeStamp : {'2026-02-12_03-38-07'}
Opened File - 203
Process Name : MoNotificationUx.exe
PID          : 17256
No Of Threads: 1
CPU Percent  : 0.0
Ram Percent  : 0.05704376342161557
TimeStamp : {'2026-02-12_03-38-07'}
Opened File - 204
Process Name : BraveCrashHandler.exe
PID          : 17352
No Of Threads: 3
CPU Percent  : 0.0
Ram Percent  : 0.006629607243125182
TimeStamp : {'2026-02-12_03-38-07'}
Opened File - 205
Process Name : nvsphelper64.exe
PID          : 17376
No Of Threads: 6
CPU Percent  : 0.3
Ram Percent  : 0.028194043989993908
TimeStamp : {'2026-02-12_03-38-07'}
Opened File - 206
Process Name : msedgewebview2.exe
PID          : 17468
No Of Threads: 7
CPU Percent  : 0.0
Ram Percent  : 0.0319581067104496
TimeStamp : {'2026-02-12_03-38-07'}
Opened File - 207
Process Name : msedgewebview2.exe
PID          : 17516
No Of Threads: 22
CPU Percent  : 0.0
Ram Percent  : 0.030646755827194064
TimeStamp : {'2026-02-12_03-38-07'}
Opened File - 208
Process Name : msedge.exe
PID          : 17564
No Of Threads: 23
CPU Percent  : 0.0
Ram Percent  : 0.17895082701314824
TimeStamp : {'2026-02-12_03-38-07'}
Opened File - 209
Process Name : RuntimeBroker.exe
PID          : 17664
No Of Threads: 2
CPU Percent  : 0.0
Ram Percent  : 0.021345878266326133
TimeStamp : {'2026-02-12_03-38-07'}
Opened File - 210
Process Name : WmiPrvSE.exe
PID          : 17908
No Of Threads: 5
CPU Percent  : 0.0
Ram Percent  : 0.03052533444911485
TimeStamp : {'2026-02-12_03-38-07'}
Opened File - 211
Process Name : RuntimeBroker.exe
PID          : 17988
No Of Threads: 4
CPU Percent  : 0.0
Ram Percent  : 0.12224704345015446
TimeStamp : {'2026-02-12_03-38-07'}
Opened File - 212
Process Name : svchost.exe
PID          : 18160
No Of Threads: 11
CPU Percent  : 0.0
Ram Percent  : 0.03637784487253305
TimeStamp : {'2026-02-12_03-38-07'}
Opened File - 213
Process Name : SecurityHealthService.exe
PID          : 18236
No Of Threads: 9
CPU Percent  : 0.0
Ram Percent  : 0.0949758019335626
TimeStamp : {'2026-02-12_03-38-07'}
Opened File - 214
Process Name : NortonUI.exe
PID          : 18488
No Of Threads: 51
CPU Percent  : 0.0
Ram Percent  : 0.39083113176137985
TimeStamp : {'2026-02-12_03-38-07'}
Opened File - 215
Process Name : MSI.TerminalServer.exe
PID          : 18520
No Of Threads: 6
CPU Percent  : 0.0
Ram Percent  : 0.027416947170286924
TimeStamp : {'2026-02-12_03-38-07'}
Opened File - 216
Process Name : ctfmon.exe
PID          : 18548
No Of Threads: 12
CPU Percent  : 0.3
Ram Percent  : 0.11100342384001909
TimeStamp : {'2026-02-12_03-38-07'}
Opened File - 217
Process Name : svchost.exe
PID          : 18660
No Of Threads: 3
CPU Percent  : 0.0
Ram Percent  : 0.0262755862163423
TimeStamp : {'2026-02-12_03-38-07'}
Opened File - 218
Process Name : chrome.exe
PID          : 18716
No Of Threads: 13
CPU Percent  : 0.0
Ram Percent  : 0.20102523354794968
TimeStamp : {'2026-02-12_03-38-07'}
Opened File - 219
Process Name : svchost.exe
PID          : 18956
No Of Threads: 5
CPU Percent  : 0.0
Ram Percent  : 0.06840880440983017
TimeStamp : {'2026-02-12_03-38-07'}
Opened File - 220
Process Name : msedgewebview2.exe
PID          : 19296
No Of Threads: 31
CPU Percent  : 0.0
Ram Percent  : 0.11093057101317155
TimeStamp : {'2026-02-12_03-38-07'}
Opened File - 221
Process Name : msedgewebview2.exe
PID          : 19340
No Of Threads: 7
CPU Percent  : 0.0
Ram Percent  : 0.02938397349517022
TimeStamp : {'2026-02-12_03-38-07'}
Opened File - 222
Process Name : Widgets.exe
PID          : 19508
No Of Threads: 10
CPU Percent  : 0.0
Ram Percent  : 0.2274950939692187
TimeStamp : {'2026-02-12_03-38-07'}
Opened File - 223
Process Name : svchost.exe
PID          : 19700
No Of Threads: 2
CPU Percent  : 0.0
Ram Percent  : 0.010636512719739304
TimeStamp : {'2026-02-12_03-38-07'}
Opened File - 224
Process Name : NortonUI.exe
PID          : 20124
No Of Threads: 17
CPU Percent  : 0.0
Ram Percent  : 0.04825285564868036
TimeStamp : {'2026-02-12_03-38-07'}
Opened File - 225
Process Name : msedgewebview2.exe
PID          : 20216
No Of Threads: 51
CPU Percent  : 0.0
Ram Percent  : 0.07394561925024241
TimeStamp : {'2026-02-12_03-38-07'}
Opened File - 226
Process Name : svchost.exe
PID          : 20288
No Of Threads: 5
CPU Percent  : 0.0
Ram Percent  : 0.027854064131372102
TimeStamp : {'2026-02-12_03-38-07'}
Opened File - 227
Process Name : ApplicationFrameHost.exe
PID          : 20368
No Of Threads: 6
CPU Percent  : 0.0
Ram Percent  : 0.11452464380431633
TimeStamp : {'2026-02-12_03-38-07'}
Opened File - 228
Process Name : pet.exe
PID          : 20388
No Of Threads: 1
CPU Percent  : 0.0
Ram Percent  : 0.02175871095179547
TimeStamp : {'2026-02-12_03-38-07'}
Opened File - 229
Process Name : msedge.exe
PID          : 20540
No Of Threads: 60
CPU Percent  : 0.3
Ram Percent  : 0.8535194350700395
TimeStamp : {'2026-02-12_03-38-07'}
Opened File - 230
Process Name : Code.exe
PID          : 20720
No Of Threads: 26
CPU Percent  : 0.0
Ram Percent  : 1.714324152824832
TimeStamp : {'2026-02-12_03-38-07'}
Opened File - 231
Process Name : msedgewebview2.exe
PID          : 20788
No Of Threads: 10
CPU Percent  : 0.0
Ram Percent  : 0.01214213780792158
TimeStamp : {'2026-02-12_03-38-07'}
Opened File - 232
Process Name : svchost.exe
PID          : 20820
No Of Threads: 12
CPU Percent  : 0.0
Ram Percent  : 0.13349066306028987
TimeStamp : {'2026-02-12_03-38-07'}
Opened File - 233
Process Name : svchost.exe
PID          : 20836
No Of Threads: 9
CPU Percent  : 1.8
Ram Percent  : 0.22035551693816083
TimeStamp : {'2026-02-12_03-38-07'}
Opened File - 234
Process Name : Code.exe
PID          : 20928
No Of Threads: 29
CPU Percent  : 0.5
Ram Percent  : 2.7956300931714804
TimeStamp : {'2026-02-12_03-38-07'}
Opened File - 235
Process Name : RtkUWP.exe
PID          : 21120
No Of Threads: 16
CPU Percent  : 0.0
Ram Percent  : 0.21005898407704332
TimeStamp : {'2026-02-12_03-38-07'}
Opened File - 236
Process Name : msedgewebview2.exe
PID          : 21224
No Of Threads: 22
CPU Percent  : 0.3
Ram Percent  : 0.2432313045682851
TimeStamp : {'2026-02-12_03-38-07'}
Opened File - 237
Process Name : ms-teams.exe
PID          : 21304
No Of Threads: 62
CPU Percent  : 0.0
Ram Percent  : 0.21887417612559437
TimeStamp : {'2026-02-12_03-38-07'}
Opened File - 238
Process Name : MpDefenderCoreService.exe
PID          : 21360
No Of Threads: 11
CPU Percent  : 0.0
Ram Percent  : 0.10658368567793561
TimeStamp : {'2026-02-12_03-38-07'}
Opened File - 239
Process Name : RuntimeBroker.exe
PID          : 21480
No Of Threads: 3
CPU Percent  : 0.0
Ram Percent  : 0.031108157063895085
TimeStamp : {'2026-02-12_03-38-07'}
Opened File - 240
Process Name : msedge.exe
PID          : 21552
No Of Threads: 29
CPU Percent  : 0.0
Ram Percent  : 0.3796360807024761
TimeStamp : {'2026-02-12_03-38-07'}
Opened File - 241
Process Name : OpenWith.exe
PID          : 21612
No Of Threads: 7
CPU Percent  : 0.0
Ram Percent  : 0.5458862315685383
TimeStamp : {'2026-02-12_03-38-07'}
Opened File - 242
Process Name : MsMpEng.exe
PID          : 21624
No Of Threads: 66
CPU Percent  : 4.3
Ram Percent  : 1.2040872378603513
TimeStamp : {'2026-02-12_03-38-07'}
Opened File - 243
Process Name : msedgewebview2.exe
PID          : 21724
No Of Threads: 22
CPU Percent  : 0.3
Ram Percent  : 0.1858961298392794
TimeStamp : {'2026-02-12_03-38-07'}
Opened File - 244
Process Name : dllhost.exe
PID          : 21888
No Of Threads: 3
CPU Percent  : 0.0
Ram Percent  : 0.026712703177427476
TimeStamp : {'2026-02-12_03-38-07'}
Opened File - 245
Process Name : chrome.exe
PID          : 21928
No Of Threads: 36
CPU Percent  : 0.0
Ram Percent  : 0.855292187189996
TimeStamp : {'2026-02-12_03-38-07'}
Opened File - 246
Process Name : svchost.exe
PID          : 22056
No Of Threads: 6
CPU Percent  : 0.0
Ram Percent  : 0.01959741042198543
TimeStamp : {'2026-02-12_03-38-07'}
Opened File - 247
Process Name : Code.exe
PID          : 22220
No Of Threads: 8
CPU Percent  : 0.0
Ram Percent  : 0.32482647063751807
TimeStamp : {'2026-02-12_03-38-07'}
Opened File - 248
Process Name : chrome.exe
PID          : 22260
No Of Threads: 22
CPU Percent  : 0.0
Ram Percent  : 0.49777908157355305
TimeStamp : {'2026-02-12_03-38-07'}
Opened File - 249
Process Name : OmApSvcBroker.exe
PID          : 22324
No Of Threads: 24
CPU Percent  : 0.0
Ram Percent  : 0.08739910794141953
TimeStamp : {'2026-02-12_03-38-07'}
Opened File - 250
Process Name : chrome.exe
PID          : 22428
No Of Threads: 29
CPU Percent  : 0.5
Ram Percent  : 1.9329312019186522
TimeStamp : {'2026-02-12_03-38-07'}
Opened File - 251
Process Name : svchost.exe
PID          : 22432
No Of Threads: 5
CPU Percent  : 0.0
Ram Percent  : 0.01707184575793774
TimeStamp : {'2026-02-12_03-38-07'}
Opened File - 252
Process Name : chrome.exe
PID          : 22516
No Of Threads: 28
CPU Percent  : 0.2
Ram Percent  : 0.24884097223554486
TimeStamp : {'2026-02-12_03-38-07'}
Opened File - 253
Process Name : msedgewebview2.exe
PID          : 22540
No Of Threads: 10
CPU Percent  : 0.0
Ram Percent  : 0.04699007331665651
TimeStamp : {'2026-02-12_03-38-07'}
Opened File - 254
Process Name : msedgewebview2.exe
PID          : 22556
No Of Threads: 23
CPU Percent  : 0.0
Ram Percent  : 0.07251284698890767
TimeStamp : {'2026-02-12_03-38-07'}
Opened File - 255
Process Name : WmiApSrv.exe
PID          : 22624
No Of Threads: 3
CPU Percent  : 0.2
Ram Percent  : 0.04939421660262498
TimeStamp : {'2026-02-12_03-38-07'}
Opened File - 256
Process Name : chrome.exe
PID          : 22748
No Of Threads: 7
CPU Percent  : 0.0
Ram Percent  : 0.027781211304524576
TimeStamp : {'2026-02-12_03-38-07'}
Opened File - 257
Process Name : svchost.exe
PID          : 22852
No Of Threads: 2
CPU Percent  : 0.0
Ram Percent  : 0.010320817136733343
TimeStamp : {'2026-02-12_03-38-07'}
Opened File - 258
Process Name : WhatsApp.Root.exe
PID          : 22972
No Of Threads: 38
CPU Percent  : 0.0
Ram Percent  : 1.4491398630998247
TimeStamp : {'2026-02-12_03-38-07'}
Opened File - 259
Process Name : msedgewebview2.exe
PID          : 23484
No Of Threads: 34
CPU Percent  : 0.0
Ram Percent  : 3.9547185683156747
TimeStamp : {'2026-02-12_03-38-07'}
Opened File - 260
Process Name : chrome.exe
PID          : 23584
No Of Threads: 14
CPU Percent  : 5.7
Ram Percent  : 0.10332959274541263
TimeStamp : {'2026-02-12_03-38-07'}
Opened File - 261
Process Name : ms-teamsupdate.exe
PID          : 23652
No Of Threads: 8
CPU Percent  : 0.0
Ram Percent  : 0.10716650829271585
TimeStamp : {'2026-02-12_03-38-07'}
Opened File - 262
Process Name : backgroundTaskHost.exe
PID          : 23752
No Of Threads: 10
CPU Percent  : 0.0
Ram Percent  : 0.21127319785783547
TimeStamp : {'2026-02-12_03-38-07'}
Opened File - 263
Process Name : Notepad.exe
PID          : 23872
No Of Threads: 2
CPU Percent  : 0.0
Ram Percent  : 0.0971128181877568
TimeStamp : {'2026-02-12_03-38-07'}
Opened File - 264
Process Name : Code.exe
PID          : 23892
No Of Threads: 20
CPU Percent  : 0.0
Ram Percent  : 0.14454000846549847
TimeStamp : {'2026-02-12_03-38-07'}
Opened File - 265
Process Name : msedgewebview2.exe
PID          : 24032
No Of Threads: 25
CPU Percent  : 0.0
Ram Percent  : 0.03373085883040615
TimeStamp : {'2026-02-12_03-38-07'}
Opened File - 266
Process Name : gamingservices.exe
PID          : 24092
No Of Threads: 121
CPU Percent  : 0.0
Ram Percent  : 0.11760874680752842
TimeStamp : {'2026-02-12_03-38-07'}
Opened File - 267
Process Name : RuntimeBroker.exe
PID          : 24156
No Of Threads: 7
CPU Percent  : 0.0
Ram Percent  : 0.0717357501692007
TimeStamp : {'2026-02-12_03-38-07'}
Opened File - 268
Process Name : msedge.exe
PID          : 24456
No Of Threads: 15
CPU Percent  : 0.0
Ram Percent  : 0.06415905617705762
TimeStamp : {'2026-02-12_03-38-07'}
Opened File - 269
Process Name : RemoteMouseCore.exe
PID          : 24756
No Of Threads: 7
CPU Percent  : 0.0
Ram Percent  : 0.04342028480112757
TimeStamp : {'2026-02-12_03-38-07'}
Opened File - 270
Process Name : NVIDIA Overlay.exe
PID          : 24852
No Of Threads: 82
CPU Percent  : 0.5
Ram Percent  : 0.5575669681397589
TimeStamp : {'2026-02-12_03-38-07'}
Opened File - 271
Process Name : powershell.exe
PID          : 24884
No Of Threads: 11
CPU Percent  : 0.0
Ram Percent  : 0.17074274185499325
TimeStamp : {'2026-02-12_03-38-07'}
Opened File - 272
Process Name : csrss.exe
PID          : 25136
No Of Threads: 2
CPU Percent  : 0.0
Ram Percent  : 0.007746683921453968
TimeStamp : {'2026-02-12_03-38-07'}
Opened File - 273
Process Name : chrome.exe
PID          : 25352
No Of Threads: 23
CPU Percent  : 13.0
Ram Percent  : 0.38240448812268224
TimeStamp : {'2026-02-12_03-38-07'}
Opened File - 274
Process Name : MuseHub.exe
PID          : 25376
No Of Threads: 35
CPU Percent  : 3.4
Ram Percent  : 0.2660828079227935
TimeStamp : {'2026-02-12_03-38-07'}
Opened File - 275
Process Name : conhost.exe
PID          : 25992
No Of Threads: 2
CPU Percent  : 0.0
Ram Percent  : 0.015299093637981188
TimeStamp : {'2026-02-12_03-38-07'}
Opened File - 276
Process Name : chrome.exe
PID          : 25996
No Of Threads: 36
CPU Percent  : 0.0
Ram Percent  : 0.78902039903436
TimeStamp : {'2026-02-12_03-38-07'}
Opened File - 277
Process Name : AppVShNotify.exe
PID          : 26160
No Of Threads: 1
CPU Percent  : 0.0
Ram Percent  : 0.01692614010424268
TimeStamp : {'2026-02-12_03-38-07'}
Opened File - 278
Process Name : Code.exe
PID          : 26520
No Of Threads: 9
CPU Percent  : 0.0
Ram Percent  : 0.3473865626846364
TimeStamp : {'2026-02-12_03-38-07'}
Opened File - 279
Process Name : dllhost.exe
PID          : 26816
No Of Threads: 4
CPU Percent  : 0.0
Ram Percent  : 0.07370277649408398
TimeStamp : {'2026-02-12_03-38-07'}
Opened File - 280
Process Name : svchost.exe
PID          : 26824
No Of Threads: 6
CPU Percent  : 0.0
Ram Percent  : 0.08982753550300383
TimeStamp : {'2026-02-12_03-38-07'}
Opened File - 281
Process Name : svchost.exe
PID          : 26840
No Of Threads: 3
CPU Percent  : 0.0
Ram Percent  : 0.014012027030341502
TimeStamp : {'2026-02-12_03-38-07'}
Opened File - 282
Process Name : Code.exe
PID          : 26944
No Of Threads: 27
CPU Percent  : 0.2
Ram Percent  : 0.20974328849403737
TimeStamp : {'2026-02-12_03-38-07'}
Opened File - 283
Process Name : msedgewebview2.exe
PID          : 27120
No Of Threads: 61
CPU Percent  : 0.2
Ram Percent  : 0.24466407682961983
TimeStamp : {'2026-02-12_03-38-07'}
Opened File - 284
Process Name : chrome.exe
PID          : 27196
No Of Threads: 22
CPU Percent  : 0.0
Ram Percent  : 0.38094743158573163
TimeStamp : {'2026-02-12_03-38-07'}
Opened File - 285
Process Name : WindowsTerminal.exe
PID          : 27384
No Of Threads: 9
CPU Percent  : 1.2
Ram Percent  : 0.36037865013911247
TimeStamp : {'2026-02-12_03-38-07'}
Opened File - 286
Process Name : Code.exe
PID          : 27392
No Of Threads: 10
CPU Percent  : 0.0
Ram Percent  : 0.35923728918516784
TimeStamp : {'2026-02-12_03-38-07'}
Opened File - 287
Process Name : RuntimeBroker.exe
PID          : 27432
No Of Threads: 2
CPU Percent  : 0.0
Ram Percent  : 0.05344969063047079
TimeStamp : {'2026-02-12_03-38-07'}
Opened File - 288
Process Name : Notepad.exe
PID          : 27632
No Of Threads: 18
CPU Percent  : 0.0
Ram Percent  : 0.5823612135435348
TimeStamp : {'2026-02-12_03-38-07'}
Opened File - 289
Process Name : msedgewebview2.exe
PID          : 27660
No Of Threads: 22
CPU Percent  : 0.0
Ram Percent  : 0.07848677879040508
TimeStamp : {'2026-02-12_03-38-07'}
Opened File - 290
Process Name : Code.exe
PID          : 27964
No Of Threads: 7
CPU Percent  : 0.0
Ram Percent  : 0.05000132349302106
TimeStamp : {'2026-02-12_03-38-07'}
Opened File - 291
Process Name : msedge.exe
PID          : 28092
No Of Threads: 24
CPU Percent  : 0.0
Ram Percent  : 0.11250904892820136
TimeStamp : {'2026-02-12_03-38-07'}
Opened File - 292
Process Name : chrome.exe
PID          : 28100
No Of Threads: 30
CPU Percent  : 4.7
Ram Percent  : 0.3990635011951506
TimeStamp : {'2026-02-12_03-38-07'}
Opened File - 293
Process Name : msedgewebview2.exe
PID          : 28132
No Of Threads: 24
CPU Percent  : 0.0
Ram Percent  : 0.16964994945228032
TimeStamp : {'2026-02-12_03-38-07'}
Opened File - 294
Process Name : cmd.exe
PID          : 28340
No Of Threads: 1
CPU Percent  : 0.0
Ram Percent  : 0.020714487100314215
TimeStamp : {'2026-02-12_03-38-07'}
Opened File - 295
Process Name : NVIDIA Overlay.exe
PID          : 28440
No Of Threads: 30
CPU Percent  : 0.0
Ram Percent  : 0.17154412295031607
TimeStamp : {'2026-02-12_03-38-07'}
Opened File - 296
Process Name : svchost.exe
PID          : 28628
No Of Threads: 3
CPU Percent  : 0.0
Ram Percent  : 0.054542483033183736
TimeStamp : {'2026-02-12_03-38-07'}
Opened File - 297
Process Name : RuntimeBroker.exe
PID          : 28972
No Of Threads: 3
CPU Percent  : 0.0
Ram Percent  : 0.05055986183218546
TimeStamp : {'2026-02-12_03-38-07'}
Opened File - 298
Process Name : msedge.exe
PID          : 29176
No Of Threads: 8
CPU Percent  : 0.0
Ram Percent  : 0.032128096639760496
TimeStamp : {'2026-02-12_03-38-07'}
Opened File - 299
Process Name : chrome.exe
PID          : 29444
No Of Threads: 68
CPU Percent  : 100.0
Ram Percent  : 3.746189493602429
TimeStamp : {'2026-02-12_03-38-07'}
Opened File - 300
Process Name : RtkAudUService64.exe
PID          : 29596
No Of Threads: 9
CPU Percent  : 0.0
Ram Percent  : 0.07358135511600478
TimeStamp : {'2026-02-12_03-38-07'}
Opened File - 301
Process Name : NVIDIA Overlay.exe
PID          : 29880
No Of Threads: 11
CPU Percent  : 0.0
Ram Percent  : 0.049467069429472516
TimeStamp : {'2026-02-12_03-38-07'}
Opened File - 302
Process Name : msedgewebview2.exe
PID          : 29976
No Of Threads: 14
CPU Percent  : 0.0
Ram Percent  : 0.36751822717017035
TimeStamp : {'2026-02-12_03-38-07'}
Opened File - 303
Process Name : WebCompanion.exe
PID          : 30072
No Of Threads: 14
CPU Percent  : 0.0
Ram Percent  : 0.14160161111598146
TimeStamp : {'2026-02-12_03-38-07'}
Opened File - 304
Process Name : UserOOBEBroker.exe
PID          : 30080
No Of Threads: 1
CPU Percent  : 0.0
Ram Percent  : 0.025012803884318455
TimeStamp : {'2026-02-12_03-38-07'}
Opened File - 305
Process Name : svchost.exe
PID          : 30264
No Of Threads: 3
CPU Percent  : 0.0
Ram Percent  : 0.021782995227411315
TimeStamp : {'2026-02-12_03-38-07'}
Opened File - 306
Process Name : OfficeClickToRun.exe
PID          : 30272
No Of Threads: 21
CPU Percent  : 0.0
Ram Percent  : 0.12491831376789721
TimeStamp : {'2026-02-12_03-38-07'}
Opened File - 307
Process Name : NVIDIA Overlay.exe
PID          : 30300
No Of Threads: 19
CPU Percent  : 0.0
Ram Percent  : 0.22331819856329366
TimeStamp : {'2026-02-12_03-38-07'}
Opened File - 308
Process Name : msedge.exe
PID          : 30456
No Of Threads: 28
CPU Percent  : 0.0
Ram Percent  : 0.35850876091669254
TimeStamp : {'2026-02-12_03-38-07'}
Opened File - 309
Process Name : svchost.exe
PID          : 30496
No Of Threads: 3
CPU Percent  : 0.0
Ram Percent  : 0.016270464662614916
TimeStamp : {'2026-02-12_03-38-07'}
Opened File - 310
Process Name : AppleMobileDeviceLauncher.exe
PID          : 30776
No Of Threads: 3
CPU Percent  : 0.0
Ram Percent  : 0.030695324378425752
TimeStamp : {'2026-02-12_03-38-07'}
Opened File - 311
Process Name : nvcontainer.exe
PID          : 30924
No Of Threads: 20
CPU Percent  : 0.0
Ram Percent  : 0.09376158815277044
TimeStamp : {'2026-02-12_03-38-07'}
Opened File - 312
Process Name : chrome.exe
PID          : 30960
No Of Threads: 30
CPU Percent  : 0.0
Ram Percent  : 1.535203335882373
TimeStamp : {'2026-02-12_03-38-07'}
Opened File - 313
Process Name : nahimicNotifSys.exe
PID          : 31312
No Of Threads: 10
CPU Percent  : 0.0
Ram Percent  : 0.09473295917740415
TimeStamp : {'2026-02-12_03-38-07'}
Opened File - 314
Process Name : msedgewebview2.exe
PID          : 31340
No Of Threads: 20
CPU Percent  : 0.0
Ram Percent  : 0.10386384680896119
TimeStamp : {'2026-02-12_03-38-07'}
Opened File - 315
Process Name : NahimicSvc32.exe
PID          : 31448
No Of Threads: 13
CPU Percent  : 0.0
Ram Percent  : 0.020568781446619156
TimeStamp : {'2026-02-12_03-38-07'}
Opened File - 316
Process Name : Code.exe
PID          : 31916
No Of Threads: 27
CPU Percent  : 0.0
Ram Percent  : 0.16659013072468407
TimeStamp : {'2026-02-12_03-38-07'}
Opened File - 317
Process Name : svchost.exe
PID          : 32140
No Of Threads: 6
CPU Percent  : 0.0
Ram Percent  : 0.07481985317241277
TimeStamp : {'2026-02-12_03-38-07'}
Opened File - 318
Process Name : svchost.exe
PID          : 32220
No Of Threads: 3
CPU Percent  : 0.0
Ram Percent  : 0.029869659007487084
TimeStamp : {'2026-02-12_03-38-07'}
Opened File - 319
Process Name : chrome.exe
PID          : 32224
No Of Threads: 36
CPU Percent  : 0.0
Ram Percent  : 0.8724368857747813
TimeStamp : {'2026-02-12_03-38-07'}
Opened File - 320
Process Name : svchost.exe
PID          : 32300
No Of Threads: 4
CPU Percent  : 0.0
Ram Percent  : 0.040384750349147173
TimeStamp : {'2026-02-12_03-38-07'}
Opened File - 321
Process Name : CodeSetup-stable-591199df409fbf59b4b52d5ad4ee0470152a9b31.tmp
PID          : 32404
No Of Threads: 1
CPU Percent  : 0.0
Ram Percent  : 0.05155551713243502
TimeStamp : {'2026-02-12_03-38-07'}
Opened File - 322
Process Name : uTorrent.exe
PID          : 32440
No Of Threads: 69
CPU Percent  : 2.5
Ram Percent  : 0.21540152471252882
TimeStamp : {'2026-02-12_03-38-07'}
Opened File - 323
Process Name : igfxEMN.exe
PID          : 32484
No Of Threads: 3
CPU Percent  : 0.0
Ram Percent  : 0.04121041572008584
TimeStamp : {'2026-02-12_03-38-07'}
Opened File - 324
Process Name : msedge.exe
PID          : 32520
No Of Threads: 11
CPU Percent  : 0.0
Ram Percent  : 0.04696578904104067
TimeStamp : {'2026-02-12_03-38-07'}
Opened File - 325
Process Name : OneDrive.exe
PID          : 32672
No Of Threads: 37
CPU Percent  : 0.0
Ram Percent  : 0.49488925277526774
TimeStamp : {'2026-02-12_03-38-07'}
Opened File - 326
Process Name : Code.exe
PID          : 32744
No Of Threads: 19
CPU Percent  : 0.0
Ram Percent  : 0.5755373320954829
TimeStamp : {'2026-02-12_03-38-07'}
Opened File - 327
Process Name : msedgewebview2.exe
PID          : 32884
No Of Threads: 10
CPU Percent  : 0.0
Ram Percent  : 0.06588323974578249
TimeStamp : {'2026-02-12_03-38-07'}
Opened File - 328
Process Name : msedgewebview2.exe
PID          : 33136
No Of Threads: 54
CPU Percent  : 0.4
Ram Percent  : 0.6498714997555788
TimeStamp : {'2026-02-12_03-38-07'}
Opened File - 329
Process Name : RuntimeBroker.exe
PID          : 33444
No Of Threads: 2
CPU Percent  : 0.0
Ram Percent  : 0.026591281799348263
TimeStamp : {'2026-02-12_03-38-07'}
Opened File - 330
Process Name : SecurityHealthSystray.exe
PID          : 33548
No Of Threads: 1
CPU Percent  : 0.0
Ram Percent  : 0.033342310420552655
TimeStamp : {'2026-02-12_03-38-07'}
Opened File - 331
Process Name : ShellExperienceHost.exe
PID          : 33816
No Of Threads: 20
CPU Percent  : 0.0
Ram Percent  : 0.29655957382067666
TimeStamp : {'2026-02-12_03-38-07'}
Opened File - 332
Process Name : svchost.exe
PID          : 33904
No Of Threads: 4
CPU Percent  : 0.0
Ram Percent  : 0.04184180688609776
TimeStamp : {'2026-02-12_03-38-07'}
Opened File - 333
Process Name : FileCoAuth.exe
PID          : 34080
No Of Threads: 3
CPU Percent  : 0.0
Ram Percent  : 0.08912329151014439
TimeStamp : {'2026-02-12_03-38-07'}
Opened File - 334
Process Name : SearchIndexer.exe
PID          : 34096
No Of Threads: 11
CPU Percent  : 0.0
Ram Percent  : 0.13691474592212372
TimeStamp : {'2026-02-12_03-38-07'}
Opened File - 335
Process Name : MidiSrv.exe
PID          : 34260
No Of Threads: 2
CPU Percent  : 0.0
Ram Percent  : 0.01930599911459531
TimeStamp : {'2026-02-12_03-38-07'}
Opened File - 336
Process Name : chrome.exe
PID          : 34328
No Of Threads: 28
CPU Percent  : 0.0
Ram Percent  : 0.5099697879327064
TimeStamp : {'2026-02-12_03-38-07'}
Opened File - 337
Process Name : svchost.exe
PID          : 34548
No Of Threads: 6
CPU Percent  : 0.0
Ram Percent  : 0.01930599911459531
TimeStamp : {'2026-02-12_03-38-07'}
Opened File - 338
