---- Paltfrom Surveillance System -----Process Name : System Idle Process
PID          : 0
No Of Threads: 48
CPU Percent  : 1356.0
Ram Percent  : 4.856855123168632e-05
TimeStamp : {'2026-02-12_03-43-31'}
Opened File - 1
Process Name : System
PID          : 4
No Of Threads: 403
CPU Percent  : 8.8
Ram Percent  : 0.03875770388288568
TimeStamp : {'2026-02-12_03-43-31'}
Opened File - 2
Process Name : Registry
PID          : 272
No Of Threads: 4
CPU Percent  : 0.0
Ram Percent  : 0.3539676013765299
TimeStamp : {'2026-02-12_03-43-31'}
Opened File - 3
Process Name : msedgewebview2.exe
PID          : 428
No Of Threads: 20
CPU Percent  : 0.0
Ram Percent  : 0.07554838144088806
TimeStamp : {'2026-02-12_03-43-31'}
Opened File - 4
Process Name : smss.exe
PID          : 884
No Of Threads: 3
CPU Percent  : 0.0
Ram Percent  : 0.004006905476614121
TimeStamp : {'2026-02-12_03-43-31'}
Opened File - 5
Process Name : svchost.exe
PID          : 904
No Of Threads: 5
CPU Percent  : 0.0
Ram Percent  : 0.027489799997134457
TimeStamp : {'2026-02-12_03-43-31'}
Opened File - 6
Process Name : csrss.exe
PID          : 1184
No Of Threads: 17
CPU Percent  : 0.0
Ram Percent  : 0.020471644344155784
TimeStamp : {'2026-02-12_03-43-31'}
Opened File - 7
Process Name : wininit.exe
PID          : 1292
No Of Threads: 2
CPU Percent  : 0.0
Ram Percent  : 0.01100077685397695
TimeStamp : {'2026-02-12_03-43-31'}
Opened File - 8
Process Name : services.exe
PID          : 1428
No Of Threads: 10
CPU Percent  : 1.1
Ram Percent  : 0.05493103144303722
TimeStamp : {'2026-02-12_03-43-31'}
Opened File - 9
Process Name : lsass.exe
PID          : 1440
No Of Threads: 11
CPU Percent  : 0.6
Ram Percent  : 0.1258168319656834
TimeStamp : {'2026-02-12_03-43-31'}
Opened File - 10
Process Name : svchost.exe
PID          : 1464
No Of Threads: 3
CPU Percent  : 0.0
Ram Percent  : 0.03645069769938058
TimeStamp : {'2026-02-12_03-43-31'}
Opened File - 11
Process Name : svchost.exe
PID          : 1492
No Of Threads: 10
CPU Percent  : 0.0
Ram Percent  : 0.021782995227411315
TimeStamp : {'2026-02-12_03-43-31'}
Opened File - 12
Process Name : svchost.exe
PID          : 1600
No Of Threads: 20
CPU Percent  : 0.0
Ram Percent  : 0.2040364837243142
TimeStamp : {'2026-02-12_03-43-31'}
Opened File - 13
Process Name : WUDFHost.exe
PID          : 1632
No Of Threads: 10
CPU Percent  : 0.0
Ram Percent  : 0.018164638160650684
TimeStamp : {'2026-02-12_03-43-31'}
Opened File - 14
Process Name : fontdrvhost.exe
PID          : 1648
No Of Threads: 5
CPU Percent  : 0.0
Ram Percent  : 0.0061196374551924755
TimeStamp : {'2026-02-12_03-43-31'}
Opened File - 15
Process Name : svchost.exe
PID          : 1772
No Of Threads: 12
CPU Percent  : 3.8
Ram Percent  : 0.14524425245835793
TimeStamp : {'2026-02-12_03-43-31'}
Opened File - 16
Process Name : DCv2.exe
PID          : 1784
No Of Threads: 9
CPU Percent  : 3.3
Ram Percent  : 0.2011709392016447
TimeStamp : {'2026-02-12_03-43-31'}
Opened File - 17
Process Name : svchost.exe
PID          : 1824
No Of Threads: 7
CPU Percent  : 0.0
Ram Percent  : 0.03251664504961399
TimeStamp : {'2026-02-12_03-43-31'}
Opened File - 18
Process Name : WUDFHost.exe
PID          : 1892
No Of Threads: 5
CPU Percent  : 0.0
Ram Percent  : 0.013744899998567229
TimeStamp : {'2026-02-12_03-43-31'}
Opened File - 19
Process Name : msedgewebview2.exe
PID          : 1936
No Of Threads: 23
CPU Percent  : 0.0
Ram Percent  : 0.10422811094319884
TimeStamp : {'2026-02-12_03-43-31'}
Opened File - 20
Process Name : IntelCpHDCPSvc.exe
PID          : 2068
No Of Threads: 3
CPU Percent  : 0.0
Ram Percent  : 0.008985181977861969
TimeStamp : {'2026-02-12_03-43-31'}
Opened File - 21
Process Name : svchost.exe
PID          : 2100
No Of Threads: 6
CPU Percent  : 0.0
Ram Percent  : 0.02054449717100331
TimeStamp : {'2026-02-12_03-43-31'}
Opened File - 22
Process Name : svchost.exe
PID          : 2172
No Of Threads: 8
CPU Percent  : 0.0
Ram Percent  : 0.06316340087680805
TimeStamp : {'2026-02-12_03-43-31'}
Opened File - 23
Process Name : svchost.exe
PID          : 2228
No Of Threads: 8
CPU Percent  : 0.0
Ram Percent  : 0.05624238232629276
TimeStamp : {'2026-02-12_03-43-31'}
Opened File - 24
Process Name : svchost.exe
PID          : 2320
No Of Threads: 3
CPU Percent  : 0.0
Ram Percent  : 0.023264336039977743
TimeStamp : {'2026-02-12_03-43-31'}
Opened File - 25
Process Name : svchost.exe
PID          : 2336
No Of Threads: 18
CPU Percent  : 0.0
Ram Percent  : 0.09101746500818016
TimeStamp : {'2026-02-12_03-43-31'}
Opened File - 26
Process Name : svchost.exe
PID          : 2404
No Of Threads: 4
CPU Percent  : 0.0
Ram Percent  : 0.02328862031559359
TimeStamp : {'2026-02-12_03-43-31'}
Opened File - 27
Process Name : svchost.exe
PID          : 2452
No Of Threads: 11
CPU Percent  : 0.0
Ram Percent  : 0.061876334269168366
TimeStamp : {'2026-02-12_03-43-31'}
Opened File - 28
Process Name : taskhostw.exe
PID          : 2476
No Of Threads: 7
CPU Percent  : 0.0
Ram Percent  : 0.08861332172221167
TimeStamp : {'2026-02-12_03-43-31'}
Opened File - 29
Process Name : igfxCUIServiceN.exe
PID          : 2496
No Of Threads: 2
CPU Percent  : 0.0
Ram Percent  : 0.023167198937514375
TimeStamp : {'2026-02-12_03-43-31'}
Opened File - 30
Process Name : svchost.exe
PID          : 2532
No Of Threads: 6
CPU Percent  : 2.1
Ram Percent  : 0.055465285506585776
TimeStamp : {'2026-02-12_03-43-31'}
Opened File - 31
Process Name : utorrentie.exe
PID          : 2580
No Of Threads: 5
CPU Percent  : 0.0
Ram Percent  : 0.03853914540234309
TimeStamp : {'2026-02-12_03-43-31'}
Opened File - 32
Process Name : NVDisplay.Container.exe
PID          : 2716
No Of Threads: 36
CPU Percent  : 0.0
Ram Percent  : 0.09118745493749106
TimeStamp : {'2026-02-12_03-43-31'}
Opened File - 33
Process Name : svchost.exe
PID          : 2724
No Of Threads: 4
CPU Percent  : 0.0
Ram Percent  : 0.01675615017493178
TimeStamp : {'2026-02-12_03-43-31'}
Opened File - 34
Process Name : svchost.exe
PID          : 2864
No Of Threads: 12
CPU Percent  : 0.0
Ram Percent  : 0.0402876132466838
TimeStamp : {'2026-02-12_03-43-31'}
Opened File - 35
Process Name : MemCompression
PID          : 2896
No Of Threads: 66
CPU Percent  : 0.0
Ram Percent  : 2.856802183447789
TimeStamp : {'2026-02-12_03-43-31'}
Opened File - 36
Process Name : svchost.exe
PID          : 2928
No Of Threads: 9
CPU Percent  : 0.0
Ram Percent  : 0.08885616447837012
TimeStamp : {'2026-02-12_03-43-31'}
Opened File - 37
Process Name : svchost.exe
PID          : 2956
No Of Threads: 4
CPU Percent  : 0.0
Ram Percent  : 0.04847141412922294
TimeStamp : {'2026-02-12_03-43-31'}
Opened File - 38
Process Name : svchost.exe
PID          : 2964
No Of Threads: 4
CPU Percent  : 0.0
Ram Percent  : 0.0115350309175255
TimeStamp : {'2026-02-12_03-43-31'}
Opened File - 39
Process Name : wsc_proxy.exe
PID          : 2976
No Of Threads: 4
CPU Percent  : 0.0
Ram Percent  : 0.0285825923998474
TimeStamp : {'2026-02-12_03-43-31'}
Opened File - 40
Process Name : msedgewebview2.exe
PID          : 3012
No Of Threads: 56
CPU Percent  : 0.0
Ram Percent  : 0.036086433565142934
TimeStamp : {'2026-02-12_03-43-31'}
Opened File - 41
Process Name : svchost.exe
PID          : 3132
No Of Threads: 9
CPU Percent  : 0.0
Ram Percent  : 0.08562635582146298
TimeStamp : {'2026-02-12_03-43-31'}
Opened File - 42
Process Name : svchost.exe
PID          : 3204
No Of Threads: 4
CPU Percent  : 0.0
Ram Percent  : 0.02637272331880567
TimeStamp : {'2026-02-12_03-43-31'}
Opened File - 43
Process Name : svchost.exe
PID          : 3212
No Of Threads: 9
CPU Percent  : 0.0
Ram Percent  : 0.023045777559435158
TimeStamp : {'2026-02-12_03-43-31'}
Opened File - 44
Process Name : Code.exe
PID          : 3244
No Of Threads: 25
CPU Percent  : 0.0
Ram Percent  : 0.277763544494014
TimeStamp : {'2026-02-12_03-43-31'}
Opened File - 45
Process Name : svchost.exe
PID          : 3292
No Of Threads: 10
CPU Percent  : 0.0
Ram Percent  : 0.06517899575292303
TimeStamp : {'2026-02-12_03-43-31'}
Opened File - 46
Process Name : svchost.exe
PID          : 3324
No Of Threads: 6
CPU Percent  : 0.0
Ram Percent  : 0.019014587807205195
TimeStamp : {'2026-02-12_03-43-31'}
Opened File - 47
Process Name : svchost.exe
PID          : 3376
No Of Threads: 4
CPU Percent  : 0.0
Ram Percent  : 0.030331060244188104
TimeStamp : {'2026-02-12_03-43-31'}
Opened File - 48
Process Name : svchost.exe
PID          : 3384
No Of Threads: 8
CPU Percent  : 0.0
Ram Percent  : 0.02498851960870261
TimeStamp : {'2026-02-12_03-43-31'}
Opened File - 49
Process Name : svchost.exe
PID          : 3492
No Of Threads: 4
CPU Percent  : 0.0
Ram Percent  : 0.029723953353792024
TimeStamp : {'2026-02-12_03-43-31'}
Opened File - 50
Process Name : svchost.exe
PID          : 3504
No Of Threads: 6
CPU Percent  : 0.0
Ram Percent  : 0.16489023143157505
TimeStamp : {'2026-02-12_03-43-31'}
Opened File - 51
Process Name : svchost.exe
PID          : 3520
No Of Threads: 6
CPU Percent  : 1.9
Ram Percent  : 0.23033635421627235
TimeStamp : {'2026-02-12_03-43-31'}
Opened File - 52
Process Name : dllhost.exe
PID          : 3540
No Of Threads: 2
CPU Percent  : 0.0
Ram Percent  : 0.020593065722234998
TimeStamp : {'2026-02-12_03-43-31'}
Opened File - 53
Process Name : svchost.exe
PID          : 3644
No Of Threads: 9
CPU Percent  : 0.0
Ram Percent  : 0.036863530384849914
TimeStamp : {'2026-02-12_03-43-31'}
Opened File - 54
Process Name : msedgewebview2.exe
PID          : 3784
No Of Threads: 7
CPU Percent  : 0.0
Ram Percent  : 0.02360431589859955
TimeStamp : {'2026-02-12_03-43-31'}
Opened File - 55
Process Name : svchost.exe
PID          : 3800
No Of Threads: 16
CPU Percent  : 0.0
Ram Percent  : 0.08620917843624322
TimeStamp : {'2026-02-12_03-43-31'}
Opened File - 56
Process Name : VoiceControlEngine.exe
PID          : 3808
No Of Threads: 8
CPU Percent  : 0.0
Ram Percent  : 0.02945682632201775
TimeStamp : {'2026-02-12_03-43-31'}
Opened File - 57
Process Name : svchost.exe
PID          : 3832
No Of Threads: 6
CPU Percent  : 0.0
Ram Percent  : 0.02712553586289681
TimeStamp : {'2026-02-12_03-43-31'}
Opened File - 58
Process Name : NortonSvc.exe
PID          : 3852
No Of Threads: 154
CPU Percent  : 0.0
Ram Percent  : 0.42028795808339753
TimeStamp : {'2026-02-12_03-43-31'}
Opened File - 59
Process Name : svchost.exe
PID          : 3868
No Of Threads: 3
CPU Percent  : 0.0
Ram Percent  : 0.016829003001779308
TimeStamp : {'2026-02-12_03-43-31'}
Opened File - 60
Process Name : svchost.exe
PID          : 3916
No Of Threads: 8
CPU Percent  : 0.0
Ram Percent  : 0.03436224999641807
TimeStamp : {'2026-02-12_03-43-31'}
Opened File - 61
Process Name : msedge.exe
PID          : 3956
No Of Threads: 20
CPU Percent  : 0.0
Ram Percent  : 0.30930881851899433
TimeStamp : {'2026-02-12_03-43-31'}
Opened File - 62
Process Name : nllToolsSvc.exe
PID          : 4312
No Of Threads: 45
CPU Percent  : 0.0
Ram Percent  : 0.3222523374222387
TimeStamp : {'2026-02-12_03-43-31'}
Opened File - 63
Process Name : spoolsv.exe
PID          : 4384
No Of Threads: 7
CPU Percent  : 0.0
Ram Percent  : 0.03416797579149132
TimeStamp : {'2026-02-12_03-43-31'}
Opened File - 64
Process Name : svchost.exe
PID          : 4412
No Of Threads: 22
CPU Percent  : 0.0
Ram Percent  : 0.13013943302530348
TimeStamp : {'2026-02-12_03-43-31'}
Opened File - 65
Process Name : conhost.exe
PID          : 4424
No Of Threads: 6
CPU Percent  : 0.0
Ram Percent  : 0.06411048762582594
TimeStamp : {'2026-02-12_03-43-31'}
Opened File - 66
Process Name : svchost.exe
PID          : 4472
No Of Threads: 6
CPU Percent  : 0.0
Ram Percent  : 0.021103035510167706
TimeStamp : {'2026-02-12_03-43-31'}
Opened File - 67
Process Name : RuntimeBroker.exe
PID          : 4568
No Of Threads: 3
CPU Percent  : 0.0
Ram Percent  : 0.023725737276678763
TimeStamp : {'2026-02-12_03-43-31'}
Opened File - 68
Process Name : svchost.exe
PID          : 4668
No Of Threads: 9
CPU Percent  : 0.0
Ram Percent  : 0.021807279503027154
TimeStamp : {'2026-02-12_03-43-31'}
Opened File - 69
Process Name : msedgewebview2.exe
PID          : 4760
No Of Threads: 9
CPU Percent  : 0.0
Ram Percent  : 0.03324517331808928
TimeStamp : {'2026-02-12_03-43-31'}
Opened File - 70
Process Name : svchost.exe
PID          : 4848
No Of Threads: 2
CPU Percent  : 0.0
Ram Percent  : 0.0079895266776124
TimeStamp : {'2026-02-12_03-43-31'}
Opened File - 71
Process Name : chrome.exe
PID          : 4892
No Of Threads: 80
CPU Percent  : 12.0
Ram Percent  : 2.826446838927985
TimeStamp : {'2026-02-12_03-43-31'}
Opened File - 72
Process Name : svchost.exe
PID          : 4908
No Of Threads: 6
CPU Percent  : 0.0
Ram Percent  : 0.029796806180639557
TimeStamp : {'2026-02-12_03-43-31'}
Opened File - 73
Process Name : svchost.exe
PID          : 4948
No Of Threads: 4
CPU Percent  : 0.0
Ram Percent  : 0.03453223992572897
TimeStamp : {'2026-02-12_03-43-31'}
Opened File - 74
Process Name : aswEngSrv.exe
PID          : 5112
No Of Threads: 43
CPU Percent  : 0.0
Ram Percent  : 0.09109031783502769
TimeStamp : {'2026-02-12_03-43-31'}
Opened File - 75
Process Name : msedgewebview2.exe
PID          : 5212
No Of Threads: 10
CPU Percent  : 0.0
Ram Percent  : 0.0496856279100151
TimeStamp : {'2026-02-12_03-43-31'}
Opened File - 76
Process Name : svchost.exe
PID          : 5220
No Of Threads: 18
CPU Percent  : 0.0
Ram Percent  : 0.1529909363798119
TimeStamp : {'2026-02-12_03-43-31'}
Opened File - 77
Process Name : taskhostw.exe
PID          : 5420
No Of Threads: 4
CPU Percent  : 0.0
Ram Percent  : 0.06367337066474076
TimeStamp : {'2026-02-12_03-43-31'}
Opened File - 78
Process Name : svchost.exe
PID          : 5808
No Of Threads: 9
CPU Percent  : 5.6
Ram Percent  : 0.1539380231288298
TimeStamp : {'2026-02-12_03-43-31'}
Opened File - 79
Process Name : svchost.exe
PID          : 5856
No Of Threads: 8
CPU Percent  : 0.0
Ram Percent  : 0.04745147455335753
TimeStamp : {'2026-02-12_03-43-31'}
Opened File - 80
Process Name : svchost.exe
PID          : 5900
No Of Threads: 5
CPU Percent  : 0.0
Ram Percent  : 0.03883055670973321
TimeStamp : {'2026-02-12_03-43-31'}
Opened File - 81
Process Name : svchost.exe
PID          : 6032
No Of Threads: 12
CPU Percent  : 0.0
Ram Percent  : 0.02836403391930481
TimeStamp : {'2026-02-12_03-43-31'}
Opened File - 82
Process Name : WMIRegistrationService.exe
PID          : 6216
No Of Threads: 2
CPU Percent  : 0.0
Ram Percent  : 0.01359919434487217
TimeStamp : {'2026-02-12_03-43-31'}
Opened File - 83
Process Name : wlanext.exe
PID          : 6268
No Of Threads: 2
CPU Percent  : 0.0
Ram Percent  : 0.013283498761866208
TimeStamp : {'2026-02-12_03-43-31'}
Opened File - 84
Process Name : dwm.exe
PID          : 6276
No Of Threads: 19
CPU Percent  : 23.4
Ram Percent  : 0.9035450428386764
TimeStamp : {'2026-02-12_03-43-31'}
Opened File - 85
Process Name : afwServ.exe
PID          : 6312
No Of Threads: 41
CPU Percent  : 0.0
Ram Percent  : 0.10583087313384448
TimeStamp : {'2026-02-12_03-43-31'}
Opened File - 86
Process Name : chrome.exe
PID          : 6420
No Of Threads: 23
CPU Percent  : 16.4
Ram Percent  : 1.4541424238766885
TimeStamp : {'2026-02-12_03-43-31'}
Opened File - 87
Process Name : WmiPrvSE.exe
PID          : 6448
No Of Threads: 10
CPU Percent  : 1.3
Ram Percent  : 0.15233526093818414
TimeStamp : {'2026-02-12_03-43-31'}
Opened File - 88
Process Name : msedgewebview2.exe
PID          : 6612
No Of Threads: 28
CPU Percent  : 0.0
Ram Percent  : 0.18108784326734242
TimeStamp : {'2026-02-12_03-43-31'}
Opened File - 89
Process Name : svchost.exe
PID          : 6804
No Of Threads: 18
CPU Percent  : 0.0
Ram Percent  : 0.21180745192138406
TimeStamp : {'2026-02-12_03-43-31'}
Opened File - 90
Process Name : svchost.exe
PID          : 6828
No Of Threads: 7
CPU Percent  : 0.0
Ram Percent  : 0.020787339927161745
TimeStamp : {'2026-02-12_03-43-31'}
Opened File - 91
Process Name : svchost.exe
PID          : 6836
No Of Threads: 6
CPU Percent  : 0.0
Ram Percent  : 0.030938167134584183
TimeStamp : {'2026-02-12_03-43-31'}
Opened File - 92
Process Name : svchost.exe
PID          : 6844
No Of Threads: 12
CPU Percent  : 0.0
Ram Percent  : 0.23436754396850232
TimeStamp : {'2026-02-12_03-43-31'}
Opened File - 93
Process Name : svchost.exe
PID          : 6852
No Of Threads: 4
CPU Percent  : 0.0
Ram Percent  : 0.0075281254409113795
TimeStamp : {'2026-02-12_03-43-31'}
Opened File - 94
Process Name : OneApp.IGCC.WinService.exe
PID          : 6864
No Of Threads: 9
CPU Percent  : 0.0
Ram Percent  : 0.07583979274827818
TimeStamp : {'2026-02-12_03-43-31'}
Opened File - 95
Process Name : NahimicService.exe
PID          : 6872
No Of Threads: 22
CPU Percent  : 0.0
Ram Percent  : 0.09502437048479428
TimeStamp : {'2026-02-12_03-43-31'}
Opened File - 96
Process Name : svchost.exe
PID          : 6888
No Of Threads: 3
CPU Percent  : 0.0
Ram Percent  : 0.011947863602994834
TimeStamp : {'2026-02-12_03-43-31'}
Opened File - 97
Process Name : MSIAPService.exe
PID          : 6896
No Of Threads: 5
CPU Percent  : 0.0
Ram Percent  : 0.03428939716957054
TimeStamp : {'2026-02-12_03-43-31'}
Opened File - 98
Process Name : PnkBstrA.exe
PID          : 6912
No Of Threads: 2
CPU Percent  : 0.0
Ram Percent  : 0.01075793409781852
TimeStamp : {'2026-02-12_03-43-31'}
Opened File - 99
Process Name : jhi_service.exe
PID          : 6920
No Of Threads: 2
CPU Percent  : 0.0
Ram Percent  : 0.008596633568008478
TimeStamp : {'2026-02-12_03-43-31'}
Opened File - 100
Process Name : MSI_Central_Service.exe
PID          : 6928
No Of Threads: 2
CPU Percent  : 0.0
Ram Percent  : 0.01806750105818731
TimeStamp : {'2026-02-12_03-43-31'}
Opened File - 101
Process Name : svchost.exe
PID          : 6936
No Of Threads: 8
CPU Percent  : 0.0
Ram Percent  : 0.061439217308083195
TimeStamp : {'2026-02-12_03-43-31'}
Opened File - 102
Process Name : RemoteMouseService.exe
PID          : 6948
No Of Threads: 4
CPU Percent  : 0.8
Ram Percent  : 0.06857879433914107
TimeStamp : {'2026-02-12_03-43-31'}
Opened File - 103
Process Name : MSIService.exe
PID          : 6956
No Of Threads: 2
CPU Percent  : 0.0
Ram Percent  : 0.012045000705458208
TimeStamp : {'2026-02-12_03-43-31'}
Opened File - 104
Process Name : Lavasoft.WCAssistant.WinService.exe
PID          : 6964
No Of Threads: 9
CPU Percent  : 0.0
Ram Percent  : 0.06272628391572288
TimeStamp : {'2026-02-12_03-43-31'}
Opened File - 105
Process Name : MuseAuthService.exe
PID          : 6976
No Of Threads: 23
CPU Percent  : 0.0
Ram Percent  : 0.05760230176077997
TimeStamp : {'2026-02-12_03-43-31'}
Opened File - 106
Process Name : nvcontainer.exe
PID          : 6984
No Of Threads: 29
CPU Percent  : 0.0
Ram Percent  : 0.05918077967580977
TimeStamp : {'2026-02-12_03-43-31'}
Opened File - 107
Process Name : Mystic_Light_Service.exe
PID          : 6996
No Of Threads: 3
CPU Percent  : 0.0
Ram Percent  : 0.031108157063895085
TimeStamp : {'2026-02-12_03-43-31'}
Opened File - 108
Process Name : VoiceControl_Service.exe
PID          : 7012
No Of Threads: 3
CPU Percent  : 0.0
Ram Percent  : 0.022948640456971786
TimeStamp : {'2026-02-12_03-43-31'}
Opened File - 109
Process Name : PhoneExperienceHost.exe
PID          : 7024
No Of Threads: 17
CPU Percent  : 0.0
Ram Percent  : 0.3535790529666764
TimeStamp : {'2026-02-12_03-43-31'}
Opened File - 110
Process Name : LightKeeperService.exe
PID          : 7028
No Of Threads: 8
CPU Percent  : 0.0
Ram Percent  : 0.028436886746152336
TimeStamp : {'2026-02-12_03-43-31'}
Opened File - 111
Process Name : IntelAudioService.exe
PID          : 7036
No Of Threads: 6
CPU Percent  : 0.0
Ram Percent  : 0.02467282402569665
TimeStamp : {'2026-02-12_03-43-31'}
Opened File - 112
Process Name : esif_uf.exe
PID          : 7044
No Of Threads: 3
CPU Percent  : 0.0
Ram Percent  : 0.009665141695105578
TimeStamp : {'2026-02-12_03-43-31'}
Opened File - 113
Process Name : Sendevsvc.exe
PID          : 7052
No Of Threads: 11
CPU Percent  : 0.0
Ram Percent  : 0.09888557030771335
TimeStamp : {'2026-02-12_03-43-31'}
Opened File - 114
Process Name : SafeExamBrowser.Service.exe
PID          : 7128
No Of Threads: 4
CPU Percent  : 0.0
Ram Percent  : 0.02030165441484488
TimeStamp : {'2026-02-12_03-43-31'}
Opened File - 115
Process Name : RtkAudUService64.exe
PID          : 7156
No Of Threads: 15
CPU Percent  : 0.0
Ram Percent  : 0.02697983020920175
TimeStamp : {'2026-02-12_03-43-31'}
Opened File - 116
Process Name : CodeSetup-stable-591199df409fbf59b4b52d5ad4ee0470152a9b31.exe
PID          : 7192
No Of Threads: 1
CPU Percent  : 0.0
Ram Percent  : 0.01976740035129633
TimeStamp : {'2026-02-12_03-43-31'}
Opened File - 117
Process Name : svchost.exe
PID          : 7232
No Of Threads: 4
CPU Percent  : 0.0
Ram Percent  : 0.09179456182788714
TimeStamp : {'2026-02-12_03-43-31'}
Opened File - 118
Process Name : svchost.exe
PID          : 7236
No Of Threads: 7
CPU Percent  : 3.4
Ram Percent  : 0.12647250740731117
TimeStamp : {'2026-02-12_03-43-31'}
Opened File - 119
Process Name : msedgewebview2.exe
PID          : 7336
No Of Threads: 23
CPU Percent  : 0.0
Ram Percent  : 0.06452332031129528
TimeStamp : {'2026-02-12_03-43-31'}
Opened File - 120
Process Name : Nahimic3.exe
PID          : 7432
No Of Threads: 17
CPU Percent  : 0.0
Ram Percent  : 0.008645202119240164
TimeStamp : {'2026-02-12_03-43-31'}
Opened File - 121
Process Name : svchost.exe
PID          : 7452
No Of Threads: 5
CPU Percent  : 0.0
Ram Percent  : 0.017290404238480328
TimeStamp : {'2026-02-12_03-43-31'}
Opened File - 122
Process Name : gamingservicesnet.exe
PID          : 7796
No Of Threads: 38
CPU Percent  : 0.0
Ram Percent  : 0.013283498761866208
TimeStamp : {'2026-02-12_03-43-31'}
Opened File - 123
Process Name : svchost.exe
PID          : 8284
No Of Threads: 3
CPU Percent  : 0.0
Ram Percent  : 0.011947863602994834
TimeStamp : {'2026-02-12_03-43-31'}
Opened File - 124
Process Name : OneDrive.Sync.Service.exe
PID          : 8520
No Of Threads: 17
CPU Percent  : 0.0
Ram Percent  : 0.060443562007833615
TimeStamp : {'2026-02-12_03-43-31'}
Opened File - 125
Process Name : chrome.exe
PID          : 8528
No Of Threads: 38
CPU Percent  : 1.9
Ram Percent  : 2.1544037955351416
TimeStamp : {'2026-02-12_03-43-31'}
Opened File - 126
Process Name : msedgewebview2.exe
PID          : 8768
No Of Threads: 30
CPU Percent  : 0.0
Ram Percent  : 0.013866321376646444
TimeStamp : {'2026-02-12_03-43-31'}
Opened File - 127
Process Name : conhost.exe
PID          : 8988
No Of Threads: 5
CPU Percent  : 0.0
Ram Percent  : 0.02151586819563704
TimeStamp : {'2026-02-12_03-43-31'}
Opened File - 128
Process Name : msedgewebview2.exe
PID          : 9052
No Of Threads: 60
CPU Percent  : 0.0
Ram Percent  : 0.539596604184035
TimeStamp : {'2026-02-12_03-43-31'}
Opened File - 129
Process Name : svchost.exe
PID          : 9128
No Of Threads: 3
CPU Percent  : 0.0
Ram Percent  : 0.015031966606206915
TimeStamp : {'2026-02-12_03-43-31'}
Opened File - 130
Process Name : msedgewebview2.exe
PID          : 9320
No Of Threads: 10
CPU Percent  : 0.0
Ram Percent  : 0.05925363250265731
TimeStamp : {'2026-02-12_03-43-31'}
Opened File - 131
Process Name : csrss.exe
PID          : 9440
No Of Threads: 15
CPU Percent  : 0.4
Ram Percent  : 0.025474205121019475
TimeStamp : {'2026-02-12_03-43-31'}
Opened File - 132
Process Name : chrome.exe
PID          : 9492
No Of Threads: 28
CPU Percent  : 0.0
Ram Percent  : 0.6182533729037509
TimeStamp : {'2026-02-12_03-43-31'}
Opened File - 133
Process Name : MSI.CentralServer.exe
PID          : 9564
No Of Threads: 13
CPU Percent  : 0.0
Ram Percent  : 0.3132185868931451
TimeStamp : {'2026-02-12_03-43-31'}
Opened File - 134
Process Name : chrome.exe
PID          : 9572
No Of Threads: 36
CPU Percent  : 0.0
Ram Percent  : 0.7719242690008065
TimeStamp : {'2026-02-12_03-43-31'}
Opened File - 135
Process Name : conhost.exe
PID          : 9736
No Of Threads: 3
CPU Percent  : 0.0
Ram Percent  : 0.009640857419489734
TimeStamp : {'2026-02-12_03-43-31'}
Opened File - 136
Process Name : WmiPrvSE.exe
PID          : 9772
No Of Threads: 8
CPU Percent  : 0.0
Ram Percent  : 0.11678308143658975
TimeStamp : {'2026-02-12_03-43-31'}
Opened File - 137
Process Name : svchost.exe
PID          : 9884
No Of Threads: 3
CPU Percent  : 0.0
Ram Percent  : 0.008038095228844085
TimeStamp : {'2026-02-12_03-43-31'}
Opened File - 138
Process Name : svchost.exe
PID          : 9888
No Of Threads: 5
CPU Percent  : 0.0
Ram Percent  : 0.02044736006853994
TimeStamp : {'2026-02-12_03-43-31'}
Opened File - 139
Process Name : AggregatorHost.exe
PID          : 10164
No Of Threads: 3
CPU Percent  : 0.0
Ram Percent  : 0.04757289593143675
TimeStamp : {'2026-02-12_03-43-31'}
Opened File - 140
Process Name : conhost.exe
PID          : 10316
No Of Threads: 2
CPU Percent  : 0.0
Ram Percent  : 0.01991310600499139
TimeStamp : {'2026-02-12_03-43-31'}
Opened File - 141
Process Name : NisSrv.exe
PID          : 10352
No Of Threads: 14
CPU Percent  : 0.0
Ram Percent  : 0.052138339747215254
TimeStamp : {'2026-02-12_03-43-31'}
Opened File - 142
Process Name : svchost.exe
PID          : 10384
No Of Threads: 11
CPU Percent  : 0.0
Ram Percent  : 0.12122710387428905
TimeStamp : {'2026-02-12_03-43-31'}
Opened File - 143
Process Name : LinkedIn.exe
PID          : 10624
No Of Threads: 21
CPU Percent  : 0.0
Ram Percent  : 0.3198724784118861
TimeStamp : {'2026-02-12_03-43-31'}
Opened File - 144
Process Name : CrossDeviceResume.exe
PID          : 10752
No Of Threads: 6
CPU Percent  : 0.0
Ram Percent  : 0.10799217366365453
TimeStamp : {'2026-02-12_03-43-31'}
Opened File - 145
Process Name : ShellHost.exe
PID          : 10840
No Of Threads: 7
CPU Percent  : 0.0
Ram Percent  : 0.10794360511242283
TimeStamp : {'2026-02-12_03-43-31'}
Opened File - 146
Process Name : Code.exe
PID          : 10848
No Of Threads: 17
CPU Percent  : 0.0
Ram Percent  : 3.2998202235076155
TimeStamp : {'2026-02-12_03-43-31'}
Opened File - 147
Process Name : utorrentie.exe
PID          : 10960
No Of Threads: 5
CPU Percent  : 0.0
Ram Percent  : 0.036717824731154855
TimeStamp : {'2026-02-12_03-43-31'}
Opened File - 148
Process Name : PresentationFontCache.exe
PID          : 11016
No Of Threads: 4
CPU Percent  : 0.0
Ram Percent  : 0.018407480916809115
TimeStamp : {'2026-02-12_03-43-31'}
Opened File - 149
Process Name : RuntimeBroker.exe
PID          : 11092
No Of Threads: 3
CPU Percent  : 0.0
Ram Percent  : 0.023652884449831234
TimeStamp : {'2026-02-12_03-43-31'}
Opened File - 150
Process Name : SystemSettings.exe
PID          : 11164
No Of Threads: 47
CPU Percent  : 0.0
Ram Percent  : 0.006411048762582594
TimeStamp : {'2026-02-12_03-43-31'}
Opened File - 151
Process Name : chrome.exe
PID          : 11308
No Of Threads: 41
CPU Percent  : 0.0
Ram Percent  : 2.2228368842205875
TimeStamp : {'2026-02-12_03-43-31'}
Opened File - 152
Process Name : svchost.exe
PID          : 11372
No Of Threads: 12
CPU Percent  : 0.0
Ram Percent  : 0.08948755564438204
TimeStamp : {'2026-02-12_03-43-31'}
Opened File - 153
Process Name : OpenConsole.exe
PID          : 11524
No Of Threads: 4
CPU Percent  : 0.0
Ram Percent  : 0.031181009890742618
TimeStamp : {'2026-02-12_03-43-31'}
Opened File - 154
Process Name : chrome.exe
PID          : 11604
No Of Threads: 16
CPU Percent  : 0.0
Ram Percent  : 0.18402624061685946
TimeStamp : {'2026-02-12_03-43-31'}
Opened File - 155
Process Name : svchost.exe
PID          : 11612
No Of Threads: 11
CPU Percent  : 0.0
Ram Percent  : 0.09944410864687775
TimeStamp : {'2026-02-12_03-43-31'}
Opened File - 156
Process Name : CrossDeviceService.exe
PID          : 12012
No Of Threads: 13
CPU Percent  : 0.0
Ram Percent  : 0.21537724043691298
TimeStamp : {'2026-02-12_03-43-31'}
Opened File - 157
Process Name : NahimicAPO4Volume.exe
PID          : 12024
No Of Threads: 1
CPU Percent  : 0.0
Ram Percent  : 0.015371946464828718
TimeStamp : {'2026-02-12_03-43-31'}
Opened File - 158
Process Name : msedgewebview2.exe
PID          : 12096
No Of Threads: 21
CPU Percent  : 0.0
Ram Percent  : 0.03742206872401431
TimeStamp : {'2026-02-12_03-43-31'}
Opened File - 159
Process Name : svchost.exe
PID          : 12128
No Of Threads: 4
CPU Percent  : 0.0
Ram Percent  : 0.016731865899315936
TimeStamp : {'2026-02-12_03-43-31'}
Opened File - 160
Process Name : explorer.exe
PID          : 12236
No Of Threads: 137
CPU Percent  : 1.0
Ram Percent  : 2.938980172131802
TimeStamp : {'2026-02-12_03-43-31'}
Opened File - 161
Process Name : nvcontainer.exe
PID          : 12268
No Of Threads: 17
CPU Percent  : 0.0
Ram Percent  : 0.08004097242981906
TimeStamp : {'2026-02-12_03-43-31'}
Opened File - 162
Process Name : Code.exe
PID          : 12308
No Of Threads: 12
CPU Percent  : 0.0
Ram Percent  : 0.4396425257492245
TimeStamp : {'2026-02-12_03-43-31'}
Opened File - 163
Process Name : msedgewebview2.exe
PID          : 12500
No Of Threads: 22
CPU Percent  : 0.0
Ram Percent  : 0.004395453886467612
TimeStamp : {'2026-02-12_03-43-31'}
Opened File - 164
Process Name : BraveCrashHandler64.exe
PID          : 12640
No Of Threads: 3
CPU Percent  : 0.0
Ram Percent  : 0.0063381959357350645
TimeStamp : {'2026-02-12_03-43-31'}
Opened File - 165
Process Name : StartMenuExperienceHost.exe
PID          : 12668
No Of Threads: 18
CPU Percent  : 0.0
Ram Percent  : 0.5864652561226122
TimeStamp : {'2026-02-12_03-43-31'}
Opened File - 166
Process Name : msedgewebview2.exe
PID          : 12740
No Of Threads: 23
CPU Percent  : 0.0
Ram Percent  : 0.4622026177963428
TimeStamp : {'2026-02-12_03-43-31'}
Opened File - 167
Process Name : chrome.exe
PID          : 12768
No Of Threads: 24
CPU Percent  : 0.0
Ram Percent  : 0.21265740156793853
TimeStamp : {'2026-02-12_03-43-31'}
Opened File - 168
Process Name : chrome.exe
PID          : 12800
No Of Threads: 32
CPU Percent  : 0.0
Ram Percent  : 1.0352872380546254
TimeStamp : {'2026-02-12_03-43-31'}
Opened File - 169
Process Name : nvcontainer.exe
PID          : 12896
No Of Threads: 61
CPU Percent  : 0.0
Ram Percent  : 0.24371699008060194
TimeStamp : {'2026-02-12_03-43-31'}
Opened File - 170
Process Name : chrome.exe
PID          : 12908
No Of Threads: 31
CPU Percent  : 0.0
Ram Percent  : 2.0814295473095332
TimeStamp : {'2026-02-12_03-43-31'}
Opened File - 171
Process Name : svchost.exe
PID          : 13124
No Of Threads: 9
CPU Percent  : 0.0
Ram Percent  : 0.10233393744516307
TimeStamp : {'2026-02-12_03-43-31'}
Opened File - 172
Process Name : AppleMobileDeviceProcess.exe
PID          : 13168
No Of Threads: 9
CPU Percent  : 0.0
Ram Percent  : 0.02899542508531673
TimeStamp : {'2026-02-12_03-43-31'}
Opened File - 173
Process Name : svchost.exe
PID          : 13224
No Of Threads: 6
CPU Percent  : 0.0
Ram Percent  : 0.055368148404122394
TimeStamp : {'2026-02-12_03-43-31'}
Opened File - 174
Process Name : ONENOTEM.EXE
PID          : 13320
No Of Threads: 2
CPU Percent  : 0.0
Ram Percent  : 0.021248741163862765
TimeStamp : {'2026-02-12_03-43-31'}
Opened File - 175
Process Name : NortonUI.exe
PID          : 13424
No Of Threads: 18
CPU Percent  : 0.0
Ram Percent  : 0.0789481800271061
TimeStamp : {'2026-02-12_03-43-31'}
Opened File - 176
Process Name : NortonUI.exe
PID          : 13436
No Of Threads: 18
CPU Percent  : 0.0
Ram Percent  : 0.0810851962813003
TimeStamp : {'2026-02-12_03-43-31'}
Opened File - 177
Process Name : NVDisplay.Container.exe
PID          : 13472
No Of Threads: 28
CPU Percent  : 0.0
Ram Percent  : 0.09941982437126189
TimeStamp : {'2026-02-12_03-43-31'}
Opened File - 178
Process Name : svchost.exe
PID          : 13536
No Of Threads: 12
CPU Percent  : 0.0
Ram Percent  : 0.16175755987713128
TimeStamp : {'2026-02-12_03-43-31'}
Opened File - 179
Process Name : msedgewebview2.exe
PID          : 13712
No Of Threads: 7
CPU Percent  : 0.0
Ram Percent  : 0.019888821729375547
TimeStamp : {'2026-02-12_03-43-31'}
Opened File - 180
Process Name : RuntimeBroker.exe
PID          : 13812
No Of Threads: 3
CPU Percent  : 0.0
Ram Percent  : 0.08739910794141953
TimeStamp : {'2026-02-12_03-43-31'}
Opened File - 181
Process Name : msedgewebview2.exe
PID          : 13832
No Of Threads: 15
CPU Percent  : 0.0
Ram Percent  : 0.05568384398712836
TimeStamp : {'2026-02-12_03-43-31'}
Opened File - 182
Process Name : svchost.exe
PID          : 13968
No Of Threads: 24
CPU Percent  : 0.0
Ram Percent  : 0.20984042559650073
TimeStamp : {'2026-02-12_03-43-31'}
Opened File - 183
Process Name : chrome.exe
PID          : 14140
No Of Threads: 11
CPU Percent  : 0.0
Ram Percent  : 0.07688401659975944
TimeStamp : {'2026-02-12_03-43-31'}
Opened File - 184
Process Name : winlogon.exe
PID          : 14304
No Of Threads: 3
CPU Percent  : 0.0
Ram Percent  : 0.031350999820053516
TimeStamp : {'2026-02-12_03-43-31'}
Opened File - 185
Process Name : SearchHost.exe
PID          : 14652
No Of Threads: 24
CPU Percent  : 0.0
Ram Percent  : 0.42023938953216583
TimeStamp : {'2026-02-12_03-43-31'}
Opened File - 186
Process Name : fontdrvhost.exe
PID          : 15040
No Of Threads: 5
CPU Percent  : 0.0
Ram Percent  : 0.0161490432845357
TimeStamp : {'2026-02-12_03-43-31'}
Opened File - 187
Process Name : msedge.exe
PID          : 15096
No Of Threads: 10
CPU Percent  : 0.0
Ram Percent  : 0.06663605228987363
TimeStamp : {'2026-02-12_03-43-31'}
Opened File - 188
Process Name : sihost.exe
PID          : 15340
No Of Threads: 12
CPU Percent  : 0.0
Ram Percent  : 0.19988387259400503
TimeStamp : {'2026-02-12_03-43-31'}
Opened File - 189
Process Name : msedge.exe
PID          : 15508
No Of Threads: 30
CPU Percent  : 0.0
Ram Percent  : 0.058937936919651344
TimeStamp : {'2026-02-12_03-43-31'}
Opened File - 190
Process Name : RuntimeBroker.exe
PID          : 15528
No Of Threads: 2
CPU Percent  : 0.0
Ram Percent  : 0.0532311321499282
TimeStamp : {'2026-02-12_03-43-31'}
Opened File - 191
Process Name : svchost.exe
PID          : 15664
No Of Threads: 7
CPU Percent  : 0.0
Ram Percent  : 0.10621942154369797
TimeStamp : {'2026-02-12_03-43-31'}
Opened File - 192
Process Name : NahimicSvc64.exe
PID          : 15752
No Of Threads: 21
CPU Percent  : 0.0
Ram Percent  : 0.04582442808709604
TimeStamp : {'2026-02-12_03-43-31'}
Opened File - 193
Process Name : Code.exe
PID          : 15784
No Of Threads: 49
CPU Percent  : 0.0
Ram Percent  : 0.7314180972735801
TimeStamp : {'2026-02-12_03-43-31'}
Opened File - 194
Process Name : msedgewebview2.exe
PID          : 15844
No Of Threads: 32
CPU Percent  : 0.0
Ram Percent  : 1.420751544904904
TimeStamp : {'2026-02-12_03-43-31'}
Opened File - 195
Process Name : NVIDIA Overlay.exe
PID          : 15892
No Of Threads: 19
CPU Percent  : 0.0
Ram Percent  : 0.09643285847051318
TimeStamp : {'2026-02-12_03-43-31'}
Opened File - 196
Process Name : chrome.exe
PID          : 15956
No Of Threads: 23
CPU Percent  : 0.0
Ram Percent  : 0.3394941731094874
TimeStamp : {'2026-02-12_03-43-31'}
Opened File - 197
Process Name : WidgetService.exe
PID          : 15976
No Of Threads: 6
CPU Percent  : 0.0
Ram Percent  : 0.057553733209548284
TimeStamp : {'2026-02-12_03-43-31'}
Opened File - 198
Process Name : msedgewebview2.exe
PID          : 16088
No Of Threads: 10
CPU Percent  : 0.0
Ram Percent  : 0.01075793409781852
TimeStamp : {'2026-02-12_03-43-31'}
Opened File - 199
Process Name : AppActions.exe
PID          : 16116
No Of Threads: 7
CPU Percent  : 0.0
Ram Percent  : 0.09708853391214095
TimeStamp : {'2026-02-12_03-43-31'}
Opened File - 200
Process Name : audiodg.exe
PID          : 16164
No Of Threads: 18
CPU Percent  : 11.4
Ram Percent  : 0.16083475740372924
TimeStamp : {'2026-02-12_03-43-31'}
Opened File - 201
Process Name : RuntimeBroker.exe
PID          : 16696
No Of Threads: 2
CPU Percent  : 0.0
Ram Percent  : 0.06253200971079614
TimeStamp : {'2026-02-12_03-43-31'}
Opened File - 202
Process Name : msedgewebview2.exe
PID          : 16888
No Of Threads: 8
CPU Percent  : 0.0
Ram Percent  : 0.02615416483826308
TimeStamp : {'2026-02-12_03-43-31'}
Opened File - 203
Process Name : svchost.exe
PID          : 17156
No Of Threads: 18
CPU Percent  : 0.0
Ram Percent  : 0.10621942154369797
TimeStamp : {'2026-02-12_03-43-31'}
Opened File - 204
Process Name : MoNotificationUx.exe
PID          : 17256
No Of Threads: 1
CPU Percent  : 0.0
Ram Percent  : 0.0560966766725977
TimeStamp : {'2026-02-12_03-43-31'}
Opened File - 205
Process Name : chrome.exe
PID          : 17336
No Of Threads: 13
CPU Percent  : 0.0
Ram Percent  : 0.2234396199413729
TimeStamp : {'2026-02-12_03-43-31'}
Opened File - 206
Process Name : BraveCrashHandler.exe
PID          : 17352
No Of Threads: 3
CPU Percent  : 0.0
Ram Percent  : 0.01100077685397695
TimeStamp : {'2026-02-12_03-43-31'}
Opened File - 207
Process Name : nvsphelper64.exe
PID          : 17376
No Of Threads: 6
CPU Percent  : 0.0
Ram Percent  : 0.02792691695821963
TimeStamp : {'2026-02-12_03-43-31'}
Opened File - 208
Process Name : msedgewebview2.exe
PID          : 17468
No Of Threads: 9
CPU Percent  : 0.0
Ram Percent  : 0.03237093939591893
TimeStamp : {'2026-02-12_03-43-31'}
Opened File - 209
Process Name : msedgewebview2.exe
PID          : 17516
No Of Threads: 22
CPU Percent  : 0.0
Ram Percent  : 0.029942511834334617
TimeStamp : {'2026-02-12_03-43-31'}
Opened File - 210
Process Name : msedge.exe
PID          : 17564
No Of Threads: 24
CPU Percent  : 0.0
Ram Percent  : 0.18390481923878024
TimeStamp : {'2026-02-12_03-43-31'}
Opened File - 211
Process Name : RuntimeBroker.exe
PID          : 17664
No Of Threads: 2
CPU Percent  : 0.0
Ram Percent  : 0.021345878266326133
TimeStamp : {'2026-02-12_03-43-31'}
Opened File - 212
Process Name : WmiPrvSE.exe
PID          : 17908
No Of Threads: 5
CPU Percent  : 0.0
Ram Percent  : 0.029796806180639557
TimeStamp : {'2026-02-12_03-43-31'}
Opened File - 213
Process Name : RuntimeBroker.exe
PID          : 17988
No Of Threads: 4
CPU Percent  : 0.0
Ram Percent  : 0.12127567242552074
TimeStamp : {'2026-02-12_03-43-31'}
Opened File - 214
Process Name : svchost.exe
PID          : 18160
No Of Threads: 11
CPU Percent  : 0.0
Ram Percent  : 0.03598929646267956
TimeStamp : {'2026-02-12_03-43-31'}
Opened File - 215
Process Name : SecurityHealthService.exe
PID          : 18236
No Of Threads: 9
CPU Percent  : 0.0
Ram Percent  : 0.08693770670471851
TimeStamp : {'2026-02-12_03-43-31'}
Opened File - 216
Process Name : NortonUI.exe
PID          : 18488
No Of Threads: 53
CPU Percent  : 0.0
Ram Percent  : 0.3874070488995459
TimeStamp : {'2026-02-12_03-43-31'}
Opened File - 217
Process Name : MSI.TerminalServer.exe
PID          : 18520
No Of Threads: 6
CPU Percent  : 0.0
Ram Percent  : 0.02943254204640191
TimeStamp : {'2026-02-12_03-43-31'}
Opened File - 218
Process Name : ctfmon.exe
PID          : 18548
No Of Threads: 12
CPU Percent  : 0.0
Ram Percent  : 0.11284902878682317
TimeStamp : {'2026-02-12_03-43-31'}
Opened File - 219
Process Name : svchost.exe
PID          : 18660
No Of Threads: 4
CPU Percent  : 0.0
Ram Percent  : 0.02605702773579971
TimeStamp : {'2026-02-12_03-43-31'}
Opened File - 220
Process Name : svchost.exe
PID          : 18956
No Of Threads: 5
CPU Percent  : 0.0
Ram Percent  : 0.06867593144160446
TimeStamp : {'2026-02-12_03-43-31'}
Opened File - 221
Process Name : msedgewebview2.exe
PID          : 19296
No Of Threads: 31
CPU Percent  : 0.0
Ram Percent  : 0.0519926340935202
TimeStamp : {'2026-02-12_03-43-31'}
Opened File - 222
Process Name : msedgewebview2.exe
PID          : 19340
No Of Threads: 7
CPU Percent  : 0.0
Ram Percent  : 0.028169759714378063
TimeStamp : {'2026-02-12_03-43-31'}
Opened File - 223
Process Name : Widgets.exe
PID          : 19508
No Of Threads: 13
CPU Percent  : 0.0
Ram Percent  : 0.24563544785425354
TimeStamp : {'2026-02-12_03-43-31'}
Opened File - 224
Process Name : svchost.exe
PID          : 19700
No Of Threads: 2
CPU Percent  : 0.0
Ram Percent  : 0.010636512719739304
TimeStamp : {'2026-02-12_03-43-31'}
Opened File - 225
Process Name : NortonUI.exe
PID          : 20124
No Of Threads: 17
CPU Percent  : 0.0
Ram Percent  : 0.04329886342304835
TimeStamp : {'2026-02-12_03-43-31'}
Opened File - 226
Process Name : msedgewebview2.exe
PID          : 20216
No Of Threads: 51
CPU Percent  : 0.0
Ram Percent  : 0.07343564946230971
TimeStamp : {'2026-02-12_03-43-31'}
Opened File - 227
Process Name : svchost.exe
PID          : 20288
No Of Threads: 5
CPU Percent  : 0.0
Ram Percent  : 0.02765978992644536
TimeStamp : {'2026-02-12_03-43-31'}
Opened File - 228
Process Name : ApplicationFrameHost.exe
PID          : 20368
No Of Threads: 6
CPU Percent  : 0.0
Ram Percent  : 0.11396610546515193
TimeStamp : {'2026-02-12_03-43-31'}
Opened File - 229
Process Name : pet.exe
PID          : 20388
No Of Threads: 1
CPU Percent  : 0.0
Ram Percent  : 0.021734426676179627
TimeStamp : {'2026-02-12_03-43-31'}
Opened File - 230
Process Name : msedge.exe
PID          : 20540
No Of Threads: 60
CPU Percent  : 0.3
Ram Percent  : 0.8711983877183733
TimeStamp : {'2026-02-12_03-43-31'}
Opened File - 231
Process Name : Code.exe
PID          : 20720
No Of Threads: 26
CPU Percent  : 0.0
Ram Percent  : 1.7592500627141419
TimeStamp : {'2026-02-12_03-43-31'}
Opened File - 232
Process Name : msedgewebview2.exe
PID          : 20788
No Of Threads: 10
CPU Percent  : 0.0
Ram Percent  : 0.007479556889679693
TimeStamp : {'2026-02-12_03-43-31'}
Opened File - 233
Process Name : svchost.exe
PID          : 20820
No Of Threads: 12
CPU Percent  : 0.0
Ram Percent  : 0.12797813249549345
TimeStamp : {'2026-02-12_03-43-31'}
Opened File - 234
Process Name : svchost.exe
PID          : 20836
No Of Threads: 9
CPU Percent  : 1.8
Ram Percent  : 0.2194327144647588
TimeStamp : {'2026-02-12_03-43-31'}
Opened File - 235
Process Name : Code.exe
PID          : 20928
No Of Threads: 28
CPU Percent  : 0.3
Ram Percent  : 2.819938653062939
TimeStamp : {'2026-02-12_03-43-31'}
Opened File - 236
Process Name : RtkUWP.exe
PID          : 21120
No Of Threads: 16
CPU Percent  : 0.0
Ram Percent  : 0.21005898407704332
TimeStamp : {'2026-02-12_03-43-31'}
Opened File - 237
Process Name : msedgewebview2.exe
PID          : 21224
No Of Threads: 22
CPU Percent  : 0.0
Ram Percent  : 0.24233278637049888
TimeStamp : {'2026-02-12_03-43-31'}
Opened File - 238
Process Name : ms-teams.exe
PID          : 21304
No Of Threads: 62
CPU Percent  : 0.0
Ram Percent  : 0.21770853089603392
TimeStamp : {'2026-02-12_03-43-31'}
Opened File - 239
Process Name : MpDefenderCoreService.exe
PID          : 21360
No Of Threads: 11
CPU Percent  : 0.0
Ram Percent  : 0.10767647808064856
TimeStamp : {'2026-02-12_03-43-31'}
Opened File - 240
Process Name : RuntimeBroker.exe
PID          : 21480
No Of Threads: 3
CPU Percent  : 0.0
Ram Percent  : 0.030865314307736657
TimeStamp : {'2026-02-12_03-43-31'}
Opened File - 241
Process Name : msedge.exe
PID          : 21552
No Of Threads: 29
CPU Percent  : 0.0
Ram Percent  : 0.3773776430702027
TimeStamp : {'2026-02-12_03-43-31'}
Opened File - 242
Process Name : MsMpEng.exe
PID          : 21624
No Of Threads: 66
CPU Percent  : 0.0
Ram Percent  : 1.256784115946731
TimeStamp : {'2026-02-12_03-43-31'}
Opened File - 243
Process Name : msedgewebview2.exe
PID          : 21724
No Of Threads: 23
CPU Percent  : 0.0
Ram Percent  : 0.1878874404397785
TimeStamp : {'2026-02-12_03-43-31'}
Opened File - 244
Process Name : dllhost.exe
PID          : 21888
No Of Threads: 3
CPU Percent  : 0.0
Ram Percent  : 0.025838469255257117
TimeStamp : {'2026-02-12_03-43-31'}
Opened File - 245
Process Name : chrome.exe
PID          : 21928
No Of Threads: 37
CPU Percent  : 0.0
Ram Percent  : 0.8800135797669244
TimeStamp : {'2026-02-12_03-43-31'}
Opened File - 246
Process Name : svchost.exe
PID          : 22056
No Of Threads: 5
CPU Percent  : 0.0
Ram Percent  : 0.01945170476829037
TimeStamp : {'2026-02-12_03-43-31'}
Opened File - 247
Process Name : Code.exe
PID          : 22220
No Of Threads: 8
CPU Percent  : 0.0
Ram Percent  : 0.3232722769981041
TimeStamp : {'2026-02-12_03-43-31'}
Opened File - 248
Process Name : chrome.exe
PID          : 22260
No Of Threads: 24
CPU Percent  : 0.0
Ram Percent  : 0.5066914107245675
TimeStamp : {'2026-02-12_03-43-31'}
Opened File - 249
Process Name : OmApSvcBroker.exe
PID          : 22324
No Of Threads: 23
CPU Percent  : 0.0
Ram Percent  : 0.09364016677469122
TimeStamp : {'2026-02-12_03-43-31'}
Opened File - 250
Process Name : chrome.exe
PID          : 22428
No Of Threads: 29
CPU Percent  : 0.0
Ram Percent  : 2.104159629285962
TimeStamp : {'2026-02-12_03-43-31'}
Opened File - 251
Process Name : svchost.exe
PID          : 22432
No Of Threads: 5
CPU Percent  : 0.0
Ram Percent  : 0.016780434450547624
TimeStamp : {'2026-02-12_03-43-31'}
Opened File - 252
Process Name : chrome.exe
PID          : 22516
No Of Threads: 28
CPU Percent  : 0.0
Ram Percent  : 0.24655825032765558
TimeStamp : {'2026-02-12_03-43-31'}
Opened File - 253
Process Name : msedgewebview2.exe
PID          : 22540
No Of Threads: 10
CPU Percent  : 0.0
Ram Percent  : 0.017751805475181348
TimeStamp : {'2026-02-12_03-43-31'}
Opened File - 254
Process Name : msedgewebview2.exe
PID          : 22556
No Of Threads: 23
CPU Percent  : 0.0
Ram Percent  : 0.07239142561082845
TimeStamp : {'2026-02-12_03-43-31'}
Opened File - 255
Process Name : WmiApSrv.exe
PID          : 22624
No Of Threads: 3
CPU Percent  : 0.3
Ram Percent  : 0.049199942397698246
TimeStamp : {'2026-02-12_03-43-31'}
Opened File - 256
Process Name : chrome.exe
PID          : 22748
No Of Threads: 8
CPU Percent  : 0.0
Ram Percent  : 0.02775692702890873
TimeStamp : {'2026-02-12_03-43-31'}
Opened File - 257
Process Name : svchost.exe
PID          : 22852
No Of Threads: 2
CPU Percent  : 0.0
Ram Percent  : 0.010272248585501655
TimeStamp : {'2026-02-12_03-43-31'}
Opened File - 258
Process Name : WhatsApp.Root.exe
PID          : 22972
No Of Threads: 37
CPU Percent  : 0.0
Ram Percent  : 1.2629280376775394
TimeStamp : {'2026-02-12_03-43-31'}
Opened File - 259
Process Name : msedgewebview2.exe
PID          : 23484
No Of Threads: 34
CPU Percent  : 0.0
Ram Percent  : 3.1259205258225635
TimeStamp : {'2026-02-12_03-43-31'}
Opened File - 260
Process Name : chrome.exe
PID          : 23584
No Of Threads: 14
CPU Percent  : 0.8
Ram Percent  : 0.10131399786929766
TimeStamp : {'2026-02-12_03-43-31'}
Opened File - 261
Process Name : ms-teamsupdate.exe
PID          : 23652
No Of Threads: 8
CPU Percent  : 0.0
Ram Percent  : 0.10660796995355147
TimeStamp : {'2026-02-12_03-43-31'}
Opened File - 262
Process Name : backgroundTaskHost.exe
PID          : 23752
No Of Threads: 10
CPU Percent  : 0.0
Ram Percent  : 0.1942256363755136
TimeStamp : {'2026-02-12_03-43-31'}
Opened File - 263
Process Name : Code.exe
PID          : 23892
No Of Threads: 20
CPU Percent  : 0.0
Ram Percent  : 0.14398147012633408
TimeStamp : {'2026-02-12_03-43-31'}
Opened File - 264
Process Name : msedgewebview2.exe
PID          : 24032
No Of Threads: 25
CPU Percent  : 0.0
Ram Percent  : 0.004419738162083455
TimeStamp : {'2026-02-12_03-43-31'}
Opened File - 265
Process Name : gamingservices.exe
PID          : 24092
No Of Threads: 121
CPU Percent  : 0.0
Ram Percent  : 0.11649167012919963
TimeStamp : {'2026-02-12_03-43-31'}
Opened File - 266
Process Name : msedge.exe
PID          : 24456
No Of Threads: 15
CPU Percent  : 0.0
Ram Percent  : 0.06102638462261385
TimeStamp : {'2026-02-12_03-43-31'}
Opened File - 267
Process Name : OpenConsole.exe
PID          : 24672
No Of Threads: 11
CPU Percent  : 0.0
Ram Percent  : 0.09810847348800636
TimeStamp : {'2026-02-12_03-43-31'}
Opened File - 268
Process Name : RemoteMouseCore.exe
PID          : 24756
No Of Threads: 7
CPU Percent  : 0.0
Ram Percent  : 0.04094328868831157
TimeStamp : {'2026-02-12_03-43-31'}
Opened File - 269
Process Name : NVIDIA Overlay.exe
PID          : 24852
No Of Threads: 84
CPU Percent  : 0.0
Ram Percent  : 0.5741531283853798
TimeStamp : {'2026-02-12_03-43-31'}
Opened File - 270
Process Name : powershell.exe
PID          : 24884
No Of Threads: 11
CPU Percent  : 0.0
Ram Percent  : 0.17040276199637144
TimeStamp : {'2026-02-12_03-43-31'}
Opened File - 271
Process Name : csrss.exe
PID          : 25136
No Of Threads: 2
CPU Percent  : 0.0
Ram Percent  : 0.007746683921453968
TimeStamp : {'2026-02-12_03-43-31'}
Opened File - 272
Process Name : chrome.exe
PID          : 25352
No Of Threads: 24
CPU Percent  : 8.0
Ram Percent  : 0.38284160508376736
TimeStamp : {'2026-02-12_03-43-31'}
Opened File - 273
Process Name : MuseHub.exe
PID          : 25376
No Of Threads: 33
CPU Percent  : 0.5
Ram Percent  : 0.2665442091594945
TimeStamp : {'2026-02-12_03-43-31'}
Opened File - 274
Process Name : conhost.exe
PID          : 25992
No Of Threads: 2
CPU Percent  : 0.0
Ram Percent  : 0.014109164132804875
TimeStamp : {'2026-02-12_03-43-31'}
Opened File - 275
Process Name : chrome.exe
PID          : 25996
No Of Threads: 36
CPU Percent  : 0.0
Ram Percent  : 0.789190388963671
TimeStamp : {'2026-02-12_03-43-31'}
Opened File - 276
Process Name : AppVShNotify.exe
PID          : 26160
No Of Threads: 1
CPU Percent  : 0.0
Ram Percent  : 0.016489023143157505
TimeStamp : {'2026-02-12_03-43-31'}
Opened File - 277
Process Name : Code.exe
PID          : 26520
No Of Threads: 9
CPU Percent  : 0.0
Ram Percent  : 0.3456380948402957
TimeStamp : {'2026-02-12_03-43-31'}
Opened File - 278
Process Name : dllhost.exe
PID          : 26816
No Of Threads: 4
CPU Percent  : 0.0
Ram Percent  : 0.07545124433842469
TimeStamp : {'2026-02-12_03-43-31'}
Opened File - 279
Process Name : svchost.exe
PID          : 26824
No Of Threads: 5
CPU Percent  : 0.0
Ram Percent  : 0.08837047896605325
TimeStamp : {'2026-02-12_03-43-31'}
Opened File - 280
Process Name : svchost.exe
PID          : 26840
No Of Threads: 2
CPU Percent  : 0.0
Ram Percent  : 0.013890605652262288
TimeStamp : {'2026-02-12_03-43-31'}
Opened File - 281
Process Name : Code.exe
PID          : 26944
No Of Threads: 27
CPU Percent  : 0.0
Ram Percent  : 0.2013409291309556
TimeStamp : {'2026-02-12_03-43-31'}
Opened File - 282
Process Name : msedgewebview2.exe
PID          : 27120
No Of Threads: 61
CPU Percent  : 0.0
Ram Percent  : 0.25204649661683615
TimeStamp : {'2026-02-12_03-43-31'}
Opened File - 283
Process Name : chrome.exe
PID          : 27196
No Of Threads: 22
CPU Percent  : 0.0
Ram Percent  : 0.3543075812351517
TimeStamp : {'2026-02-12_03-43-31'}
Opened File - 284
Process Name : Code.exe
PID          : 27392
No Of Threads: 10
CPU Percent  : 0.0
Ram Percent  : 0.35744025278959546
TimeStamp : {'2026-02-12_03-43-31'}
Opened File - 285
Process Name : RuntimeBroker.exe
PID          : 27432
No Of Threads: 2
CPU Percent  : 0.0
Ram Percent  : 0.052381182503373695
TimeStamp : {'2026-02-12_03-43-31'}
Opened File - 286
Process Name : msedgewebview2.exe
PID          : 27660
No Of Threads: 22
CPU Percent  : 0.0
Ram Percent  : 0.0745527261406385
TimeStamp : {'2026-02-12_03-43-31'}
Opened File - 287
Process Name : WindowsTerminal.exe
PID          : 27704
No Of Threads: 17
CPU Percent  : 0.3
Ram Percent  : 0.653562709649187
TimeStamp : {'2026-02-12_03-43-31'}
Opened File - 288
Process Name : Code.exe
PID          : 27964
No Of Threads: 7
CPU Percent  : 0.0
Ram Percent  : 0.04953992225632004
TimeStamp : {'2026-02-12_03-43-31'}
Opened File - 289
Process Name : msedge.exe
PID          : 28092
No Of Threads: 24
CPU Percent  : 0.0
Ram Percent  : 0.11005633709100118
TimeStamp : {'2026-02-12_03-43-31'}
Opened File - 290
Process Name : chrome.exe
PID          : 28100
No Of Threads: 31
CPU Percent  : 4.5
Ram Percent  : 0.4035560921840816
TimeStamp : {'2026-02-12_03-43-31'}
Opened File - 291
Process Name : msedgewebview2.exe
PID          : 28132
No Of Threads: 24
CPU Percent  : 0.0
Ram Percent  : 0.16802290298601882
TimeStamp : {'2026-02-12_03-43-31'}
Opened File - 292
Process Name : NVIDIA Overlay.exe
PID          : 28440
No Of Threads: 30
CPU Percent  : 0.0
Ram Percent  : 0.16411313461186808
TimeStamp : {'2026-02-12_03-43-31'}
Opened File - 293
Process Name : svchost.exe
PID          : 28628
No Of Threads: 3
CPU Percent  : 0.0
Ram Percent  : 0.0542996402770253
TimeStamp : {'2026-02-12_03-43-31'}
Opened File - 294
Process Name : RuntimeBroker.exe
PID          : 28972
No Of Threads: 3
CPU Percent  : 0.0
Ram Percent  : 0.049855617839326
TimeStamp : {'2026-02-12_03-43-31'}
Opened File - 295
Process Name : msedge.exe
PID          : 29176
No Of Threads: 8
CPU Percent  : 0.0
Ram Percent  : 0.03081674575650497
TimeStamp : {'2026-02-12_03-43-31'}
Opened File - 296
Process Name : chrome.exe
PID          : 29444
No Of Threads: 73
CPU Percent  : 70.3
Ram Percent  : 3.499776948928469
TimeStamp : {'2026-02-12_03-43-31'}
Opened File - 297
Process Name : RtkAudUService64.exe
PID          : 29596
No Of Threads: 9
CPU Percent  : 0.0
Ram Percent  : 0.0683602358585985
TimeStamp : {'2026-02-12_03-43-31'}
Opened File - 298
Process Name : NVIDIA Overlay.exe
PID          : 29880
No Of Threads: 11
CPU Percent  : 0.0
Ram Percent  : 0.04587299663832773
TimeStamp : {'2026-02-12_03-43-31'}
Opened File - 299
Process Name : msedgewebview2.exe
PID          : 29976
No Of Threads: 14
CPU Percent  : 0.0
Ram Percent  : 0.0438331174865969
TimeStamp : {'2026-02-12_03-43-31'}
Opened File - 300
Process Name : WebCompanion.exe
PID          : 30072
No Of Threads: 14
CPU Percent  : 0.0
Ram Percent  : 0.14080023002065864
TimeStamp : {'2026-02-12_03-43-31'}
Opened File - 301
Process Name : UserOOBEBroker.exe
PID          : 30080
No Of Threads: 1
CPU Percent  : 0.0
Ram Percent  : 0.02328862031559359
TimeStamp : {'2026-02-12_03-43-31'}
Opened File - 302
Process Name : svchost.exe
PID          : 30264
No Of Threads: 4
CPU Percent  : 0.0
Ram Percent  : 0.021880132329874687
TimeStamp : {'2026-02-12_03-43-31'}
Opened File - 303
Process Name : OfficeClickToRun.exe
PID          : 30272
No Of Threads: 21
CPU Percent  : 0.0
Ram Percent  : 0.124019795570111
TimeStamp : {'2026-02-12_03-43-31'}
Opened File - 304
Process Name : NVIDIA Overlay.exe
PID          : 30300
No Of Threads: 18
CPU Percent  : 0.0
Ram Percent  : 0.22319677718521447
TimeStamp : {'2026-02-12_03-43-31'}
Opened File - 305
Process Name : msedge.exe
PID          : 30456
No Of Threads: 28
CPU Percent  : 0.0
Ram Percent  : 0.35561893211840717
TimeStamp : {'2026-02-12_03-43-31'}
Opened File - 306
Process Name : svchost.exe
PID          : 30496
No Of Threads: 3
CPU Percent  : 0.0
Ram Percent  : 0.0159790533552248
TimeStamp : {'2026-02-12_03-43-31'}
Opened File - 307
Process Name : AppleMobileDeviceLauncher.exe
PID          : 30776
No Of Threads: 3
CPU Percent  : 0.0
Ram Percent  : 0.03037962879541979
TimeStamp : {'2026-02-12_03-43-31'}
Opened File - 308
Process Name : nvcontainer.exe
PID          : 30924
No Of Threads: 20
CPU Percent  : 0.0
Ram Percent  : 0.08771480352442548
TimeStamp : {'2026-02-12_03-43-31'}
Opened File - 309
Process Name : chrome.exe
PID          : 30960
No Of Threads: 30
CPU Percent  : 0.0
Ram Percent  : 1.5462526812875814
TimeStamp : {'2026-02-12_03-43-31'}
Opened File - 310
Process Name : nahimicNotifSys.exe
PID          : 31312
No Of Threads: 10
CPU Percent  : 0.0
Ram Percent  : 0.09383444097961796
TimeStamp : {'2026-02-12_03-43-31'}
Opened File - 311
Process Name : msedgewebview2.exe
PID          : 31340
No Of Threads: 20
CPU Percent  : 0.0
Ram Percent  : 0.1027467701306324
TimeStamp : {'2026-02-12_03-43-31'}
Opened File - 312
Process Name : NahimicSvc32.exe
PID          : 31448
No Of Threads: 13
CPU Percent  : 0.0
Ram Percent  : 0.021807279503027154
TimeStamp : {'2026-02-12_03-43-31'}
Opened File - 313
Process Name : python.exe
PID          : 31492
No Of Threads: 4
CPU Percent  : 66.8
Ram Percent  : 0.1467498775465402
TimeStamp : {'2026-02-12_03-43-31'}
Opened File - 314
Process Name : svchost.exe
PID          : 31576
No Of Threads: 2
CPU Percent  : 0.0
Ram Percent  : 0.07049725211279269
TimeStamp : {'2026-02-12_03-43-31'}
Opened File - 315
Process Name : Code.exe
PID          : 31916
No Of Threads: 27
CPU Percent  : 0.0
Ram Percent  : 0.16710010051261678
TimeStamp : {'2026-02-12_03-43-31'}
Opened File - 316
Process Name : svchost.exe
PID          : 32140
No Of Threads: 6
CPU Percent  : 0.0
Ram Percent  : 0.07440702048694343
TimeStamp : {'2026-02-12_03-43-31'}
Opened File - 317
Process Name : svchost.exe
PID          : 32220
No Of Threads: 2
CPU Percent  : 0.0
Ram Percent  : 0.02957824770009697
TimeStamp : {'2026-02-12_03-43-31'}
Opened File - 318
Process Name : chrome.exe
PID          : 32224
No Of Threads: 36
CPU Percent  : 0.0
Ram Percent  : 0.8743553435484328
TimeStamp : {'2026-02-12_03-43-31'}
Opened File - 319
Process Name : svchost.exe
PID          : 32300
No Of Threads: 4
CPU Percent  : 0.0
Ram Percent  : 0.04002048621490953
TimeStamp : {'2026-02-12_03-43-31'}
Opened File - 320
Process Name : CodeSetup-stable-591199df409fbf59b4b52d5ad4ee0470152a9b31.tmp
PID          : 32404
No Of Threads: 1
CPU Percent  : 0.0
Ram Percent  : 0.049491353705088365
TimeStamp : {'2026-02-12_03-43-31'}
Opened File - 321
Process Name : uTorrent.exe
PID          : 32440
No Of Threads: 69
CPU Percent  : 0.8
Ram Percent  : 0.2017051932651933
TimeStamp : {'2026-02-12_03-43-31'}
Opened File - 322
Process Name : smartscreen.exe
PID          : 32468
No Of Threads: 6
CPU Percent  : 0.0
Ram Percent  : 0.07875390582217937
TimeStamp : {'2026-02-12_03-43-31'}
Opened File - 323
Process Name : igfxEMN.exe
PID          : 32484
No Of Threads: 3
CPU Percent  : 0.0
Ram Percent  : 0.03783490140948364
TimeStamp : {'2026-02-12_03-43-31'}
Opened File - 324
Process Name : msedge.exe
PID          : 32520
No Of Threads: 11
CPU Percent  : 0.0
Ram Percent  : 0.04550873250409008
TimeStamp : {'2026-02-12_03-43-31'}
Opened File - 325
Process Name : OneDrive.exe
PID          : 32672
No Of Threads: 37
CPU Percent  : 0.0
Ram Percent  : 0.470847819915583
TimeStamp : {'2026-02-12_03-43-31'}
Opened File - 326
Process Name : Code.exe
PID          : 32744
No Of Threads: 19
CPU Percent  : 0.0
Ram Percent  : 0.5619867063018423
TimeStamp : {'2026-02-12_03-43-31'}
Opened File - 327
Process Name : msedgewebview2.exe
PID          : 32884
No Of Threads: 10
CPU Percent  : 0.0
Ram Percent  : 0.014910545228127698
TimeStamp : {'2026-02-12_03-43-31'}
Opened File - 328
Process Name : msedgewebview2.exe
PID          : 33136
No Of Threads: 54
CPU Percent  : 0.0
Ram Percent  : 0.3327188602126671
TimeStamp : {'2026-02-12_03-43-31'}
Opened File - 329
Process Name : RuntimeBroker.exe
PID          : 33444
No Of Threads: 2
CPU Percent  : 0.0
Ram Percent  : 0.026566997523732417
TimeStamp : {'2026-02-12_03-43-31'}
Opened File - 330
Process Name : cmd.exe
PID          : 33488
No Of Threads: 2
CPU Percent  : 0.0
Ram Percent  : 0.03730064734593509
TimeStamp : {'2026-02-12_03-43-31'}
Opened File - 331
Process Name : SecurityHealthSystray.exe
PID          : 33548
No Of Threads: 1
CPU Percent  : 0.0
Ram Percent  : 0.030695324378425752
TimeStamp : {'2026-02-12_03-43-31'}
Opened File - 332
Process Name : ShellExperienceHost.exe
PID          : 33816
No Of Threads: 20
CPU Percent  : 0.0
Ram Percent  : 0.29655957382067666
TimeStamp : {'2026-02-12_03-43-31'}
Opened File - 333
Process Name : svchost.exe
PID          : 33904
No Of Threads: 4
CPU Percent  : 0.0
Ram Percent  : 0.04172038550801855
TimeStamp : {'2026-02-12_03-43-31'}
Opened File - 334
Process Name : FileCoAuth.exe
PID          : 34080
No Of Threads: 3
CPU Percent  : 0.0
Ram Percent  : 0.0869862752559502
TimeStamp : {'2026-02-12_03-43-31'}
Opened File - 335
Process Name : SearchIndexer.exe
PID          : 34096
No Of Threads: 10
CPU Percent  : 0.0
Ram Percent  : 0.1530395049310436
TimeStamp : {'2026-02-12_03-43-31'}
Opened File - 336
Process Name : MidiSrv.exe
PID          : 34260
No Of Threads: 2
CPU Percent  : 0.0
Ram Percent  : 0.01930599911459531
TimeStamp : {'2026-02-12_03-43-31'}
Opened File - 337
Process Name : chrome.exe
PID          : 34328
No Of Threads: 28
CPU Percent  : 0.0
Ram Percent  : 0.5090712697349201
TimeStamp : {'2026-02-12_03-43-31'}
Opened File - 338
Process Name : svchost.exe
PID          : 34548
No Of Threads: 6
CPU Percent  : 0.0
Ram Percent  : 0.019548841870753744
TimeStamp : {'2026-02-12_03-43-31'}
Opened File - 339
